This is pdfTeX, Version 3.1415926-2.5-1.40.14 (TeX Live 2013) (format=pdflatex 2014.4.8)  28 APR 2014 16:20
entering extended mode
 restricted \write18 enabled.
 %&-line parsing enabled.
**paperv2.tex
(./paperv2.tex
LaTeX2e <2011/06/27>
Babel <3.9k> and hyphenation patterns for 78 languages loaded.
(./revtex4-1.cls
Document Class: revtex4-1 2010/07/25/20:33:00 4.1r (http://publish.aps.org/revt
ex4/ for documentation)
 Copyright (c) 2009 The American Physical Society.
 mailto:revtex@aps.org
 Licensed under the LPPL:
http://www.ctan.org/tex-archive/macros/latex/base/lppl.txt
 Arthur Ogawa <arthur_ogawa at sbcglobal dot net>
 Based on work by David Carlisle <david at dcarlisle.demon.co.uk>.
ltxutil[2010/07/25/20:33:00 4.1r utilities package (portions licensed from W. E
. Baxter web at superscript.com)]
LaTeX Info: Redefining \@centercr on input line 308.
Class revtex4-1 Info: Repairing broken LaTeX eqnarray on input line 358.
\eqncolsep=\skip41
Class revtex4-1 Info: Repairing hyperref-unfriendly LaTeX definition of \mpfoot
note on input line 433.
Class revtex4-1 Info: Repairing broken LateX \@sect on input line 755.
\intertabularlinepenalty=\count79
\@tbpen=\count80
\@arstrutbox@hline=\box26
Class revtex4-1 Info: Repairing broken LaTeX \@xbitor on input line 1786.
Class revtex4-1 Info: Making \typeout \long on input line 2046.
ltxfront[2010/07/25/20:33:00 4.1r frontmatter package (AO,DPC)]
\c@affil=\count81
\c@collab=\count82
\absbox=\box27
ltxgrid[2010/07/25/20:33:00 4.1r page grid package (portions licensed from W. E
. Baxter web at superscript.com)]
\c@linecount=\count83
\output@latex=\toks14
\box@size@1=\box28
\box@size@2=\box29
\@protection@box=\box30
\@topmark@saved=\toks15
\footins@saved=\box31
\footins@recovered=\box32
\column@recovered=\box33
\pagesofar=\box34
\footsofar=\box35
\pagegrid@col=\count84
Class revtex4-1 Info: Overriding \@vspace, \@vspacer, \@no@pgbk, \@newline, and
 \\  on input line 5578.
\c@part=\count85
\c@section=\count86
\c@subsection=\count87
\c@subsubsection=\count88
\c@paragraph=\count89
\c@subparagraph=\count90
\abovecaptionskip=\skip42
\belowcaptionskip=\skip43
\c@figure=\count91
\fbox@1=\box36
\c@table=\count92
\fbox@2=\box37
\c@video=\count93
\fbox@4=\box38
\@bibdataout=\write3
\widetext@top=\box39
\widetext@bot=\box40
Class revtex4-1 Info: Selecting society aps on input line 7542.
(./aps4-1.rtx
File: aps4-1 2010/07/25/20:33:00 4.1r (http://publish.aps.org/revtex4/ for docu
mentation)
Class revtex4-1 Info: RevTeX society APS selected on input line 31.
)
Class revtex4-1 Info: Selecting journal prd on input line 7544.
Class revtex4-1 Info: APS journal PRD selected on input line 7545.
 (./aps10pt4-1.rtx
File: aps10pt4-1 2010/07/25/20:33:00 4.1r (http://publish.aps.org/revtex4/ for 
documentation)
Class revtex4-1 Info: RevTeX pointsize 10pt selected on input line 30.
)
(/usr/local/texlive/2013/texmf-dist/tex/latex/textcase/textcase.sty
Package: textcase 2004/10/07 v0.07 Text only upper/lower case changing (DPC)
)
(/usr/local/texlive/2013/texmf-dist/tex/latex/url/url.sty
\Urlmuskip=\muskip10
Package: url 2013/09/16  ver 3.4  Verb mode for urls, etc.
) (./natbib.sty
Package: natbib 2009/11/07 8.31a (PWD, AO)


          This is natbib version 8.31 
 *************************************************************
    !!WARNING!!    !!WARNING!!    !!WARNING!!    !!WARNING!!   

   This version (v8.31) of natbib is stricter in its formatting
   requirements for bibitem entries than the previous version
   used at arXiv (v7.1).

   If your submission encounters a problem see

     http://arXiv.org/help/faq/texlive

   and the natbib documentation at 

     http://www.ctan.org/tex-archive/macros/latex/contrib/natbib/

   for explanation and adjust your submission accordingly.
                                            The arXiv team.
 *************************************************************

\bibhang=\skip44
\bibsep=\skip45
LaTeX Info: Redefining \cite on input line 716.
\c@NAT@ctr=\count94
)
Class revtex4-1 Info: Repairing natbib's \BibitemShut on input line 7549.
 (./revsymb4-1.sty
Package: revsymb4-1 2010/07/25/20:33:00 4.1r (http://publish.aps.org/revtex4/ f
or documentation)
LaTeX Info: Redefining \REV@mathfrak on input line 119.
))
(/usr/local/texlive/2013/texmf-dist/tex/latex/graphics/graphicx.sty
Package: graphicx 1999/02/16 v1.0f Enhanced LaTeX Graphics (DPC,SPQR)

(/usr/local/texlive/2013/texmf-dist/tex/latex/graphics/keyval.sty
Package: keyval 1999/03/16 v1.13 key=value parser (DPC)
\KV@toks@=\toks16
)
(/usr/local/texlive/2013/texmf-dist/tex/latex/graphics/graphics.sty
Package: graphics 2009/02/05 v1.0o Standard LaTeX Graphics (DPC,SPQR)

(/usr/local/texlive/2013/texmf-dist/tex/latex/graphics/trig.sty
Package: trig 1999/03/16 v1.09 sin cos tan (DPC)
)
(/usr/local/texlive/2013/texmf-dist/tex/latex/latexconfig/graphics.cfg
File: graphics.cfg 2010/04/23 v1.9 graphics configuration of TeX Live
)
Package graphics Info: Driver file: pdftex.def on input line 91.

(/usr/local/texlive/2013/texmf-dist/tex/latex/pdftex-def/pdftex.def
File: pdftex.def 2011/05/27 v0.06d Graphics/color for pdfTeX

(/usr/local/texlive/2013/texmf-dist/tex/generic/oberdiek/infwarerr.sty
Package: infwarerr 2010/04/08 v1.3 Providing info/warning/error messages (HO)
)
(/usr/local/texlive/2013/texmf-dist/tex/generic/oberdiek/ltxcmds.sty
Package: ltxcmds 2011/11/09 v1.22 LaTeX kernel commands for general use (HO)
)
\Gread@gobject=\count95
))
\Gin@req@height=\dimen102
\Gin@req@width=\dimen103
)
(/usr/local/texlive/2013/texmf-dist/tex/latex/lipsum/lipsum.sty
Package: lipsum 2011/04/14 v1.2 150 paragraphs of Lorem Ipsum dummy text
\c@lips@count=\count96
)
(/usr/local/texlive/2013/texmf-dist/tex/latex/placeins/placeins.sty
Package: placeins 2005/04/18  v 2.2
)
(/usr/local/texlive/2013/texmf-dist/tex/latex/tools/dcolumn.sty
Package: dcolumn 2001/05/28 v1.06 decimal alignment package (DPC)

(/usr/local/texlive/2013/texmf-dist/tex/latex/tools/array.sty
Package: array 2008/09/09 v2.4c Tabular extension package (FMi)
\col@sep=\dimen104
\extrarowheight=\dimen105
\NC@list=\toks17
\extratabsurround=\skip46
\backup@length=\skip47
))
(/usr/local/texlive/2013/texmf-dist/tex/latex/multirow/multirow.sty
\bigstrutjot=\dimen106
)
(/usr/local/texlive/2013/texmf-dist/tex/latex/amsmath/amsmath.sty
Package: amsmath 2013/01/14 v2.14 AMS math features
\@mathmargin=\skip48

For additional information on amsmath, use the `?' option.
(/usr/local/texlive/2013/texmf-dist/tex/latex/amsmath/amstext.sty
Package: amstext 2000/06/29 v2.01

(/usr/local/texlive/2013/texmf-dist/tex/latex/amsmath/amsgen.sty
File: amsgen.sty 1999/11/30 v2.0
\@emptytoks=\toks18
\ex@=\dimen107
)
LaTeX Info: Redefining \text on input line 39.
)
(/usr/local/texlive/2013/texmf-dist/tex/latex/amsmath/amsbsy.sty
Package: amsbsy 1999/11/29 v1.2d
\pmbraise@=\dimen108
)
(/usr/local/texlive/2013/texmf-dist/tex/latex/amsmath/amsopn.sty
Package: amsopn 1999/12/14 v2.01 operator names
)
\inf@bad=\count97
LaTeX Info: Redefining \frac on input line 210.
\uproot@=\count98
\leftroot@=\count99
LaTeX Info: Redefining \overline on input line 306.
\classnum@=\count100
\DOTSCASE@=\count101
LaTeX Info: Redefining \ldots on input line 378.
LaTeX Info: Redefining \dots on input line 381.
LaTeX Info: Redefining \cdots on input line 466.
\Mathstrutbox@=\box41
\strutbox@=\box42
\big@size=\dimen109
LaTeX Font Info:    Redeclaring font encoding OML on input line 566.
LaTeX Font Info:    Redeclaring font encoding OMS on input line 567.
\macc@depth=\count102
\c@MaxMatrixCols=\count103
\dotsspace@=\muskip11
\c@parentequation=\count104
\dspbrk@lvl=\count105
\tag@help=\toks19
\row@=\count106
\column@=\count107
\maxfields@=\count108
\andhelp@=\toks20
\eqnshift@=\dimen110
\alignsep@=\dimen111
\tagshift@=\dimen112
\tagwidth@=\dimen113
\totwidth@=\dimen114
\lineht@=\dimen115
\@envbody=\toks21
\multlinegap=\skip49
\multlinetaggap=\skip50
\mathdisplay@stack=\toks22
LaTeX Info: Redefining \[ on input line 2665.
LaTeX Info: Redefining \] on input line 2666.
)
(/usr/local/texlive/2013/texmf-dist/tex/latex/amscls/amsthm.sty
Package: amsthm 2004/08/06 v2.20
\thm@style=\toks23
\thm@bodyfont=\toks24
\thm@headfont=\toks25
\thm@notefont=\toks26
\thm@headpunct=\toks27
\thm@preskip=\skip51
\thm@postskip=\skip52
\thm@headsep=\skip53
\dth@everypar=\toks28
)
(/usr/local/texlive/2013/texmf-dist/tex/latex/amsfonts/amsfonts.sty
Package: amsfonts 2013/01/14 v3.01 Basic AMSFonts support
\symAMSa=\mathgroup4
\symAMSb=\mathgroup5
LaTeX Font Info:    Overwriting math alphabet `\mathfrak' in version `bold'
(Font)                  U/euf/m/n --> U/euf/b/n on input line 106.
LaTeX Info: Redefining \frak on input line 111.
LaTeX Info: Redefining \Bbb on input line 113.
)
(/usr/local/texlive/2013/texmf-dist/tex/latex/amsfonts/amssymb.sty
Package: amssymb 2013/01/14 v3.01 AMS font symbols
)
(/usr/local/texlive/2013/texmf-dist/tex/latex/psnfss/times.sty
Package: times 2005/04/12 PSNFSS-v9.2a (SPQR) 
)
(/usr/local/texlive/2013/texmf-dist/tex/latex/base/latexsym.sty
Package: latexsym 1998/08/17 v2.2e Standard LaTeX package (lasy symbols)
\symlasy=\mathgroup6
LaTeX Font Info:    Overwriting symbol font `lasy' in version `bold'
(Font)                  U/lasy/m/n --> U/lasy/b/n on input line 47.
)
(/usr/local/texlive/2013/texmf-dist/tex/latex/hyperref/hyperref.sty
Package: hyperref 2012/11/06 v6.83m Hypertext links for LaTeX

(/usr/local/texlive/2013/texmf-dist/tex/generic/oberdiek/hobsub-hyperref.sty
Package: hobsub-hyperref 2012/05/28 v1.13 Bundle oberdiek, subset hyperref (HO)


(/usr/local/texlive/2013/texmf-dist/tex/generic/oberdiek/hobsub-generic.sty
Package: hobsub-generic 2012/05/28 v1.13 Bundle oberdiek, subset generic (HO)
Package: hobsub 2012/05/28 v1.13 Construct package bundles (HO)
Package hobsub Info: Skipping package `infwarerr' (already loaded).
Package hobsub Info: Skipping package `ltxcmds' (already loaded).
Package: ifluatex 2010/03/01 v1.3 Provides the ifluatex switch (HO)
Package ifluatex Info: LuaTeX not detected.
Package: ifvtex 2010/03/01 v1.5 Detect VTeX and its facilities (HO)
Package ifvtex Info: VTeX not detected.
Package: intcalc 2007/09/27 v1.1 Expandable calculations with integers (HO)
Package: ifpdf 2011/01/30 v2.3 Provides the ifpdf switch (HO)
Package ifpdf Info: pdfTeX in PDF mode is detected.
Package: etexcmds 2011/02/16 v1.5 Avoid name clashes with e-TeX commands (HO)
Package etexcmds Info: Could not find \expanded.
(etexcmds)             That can mean that you are not using pdfTeX 1.50 or
(etexcmds)             that some package has redefined \expanded.
(etexcmds)             In the latter case, load this package earlier.
Package: kvsetkeys 2012/04/25 v1.16 Key value parser (HO)
Package: kvdefinekeys 2011/04/07 v1.3 Define keys (HO)
Package: pdftexcmds 2011/11/29 v0.20 Utility functions of pdfTeX for LuaTeX (HO
)
Package pdftexcmds Info: LuaTeX not detected.
Package pdftexcmds Info: \pdf@primitive is available.
Package pdftexcmds Info: \pdf@ifprimitive is available.
Package pdftexcmds Info: \pdfdraftmode found.
Package: pdfescape 2011/11/25 v1.13 Implements pdfTeX's escape features (HO)
Package: bigintcalc 2012/04/08 v1.3 Expandable calculations on big integers (HO
)
Package: bitset 2011/01/30 v1.1 Handle bit-vector datatype (HO)
Package: uniquecounter 2011/01/30 v1.2 Provide unlimited unique counter (HO)
)
Package hobsub Info: Skipping package `hobsub' (already loaded).
Package: letltxmacro 2010/09/02 v1.4 Let assignment for LaTeX macros (HO)
Package: hopatch 2012/05/28 v1.2 Wrapper for package hooks (HO)
Package: xcolor-patch 2011/01/30 xcolor patch
Package: atveryend 2011/06/30 v1.8 Hooks at the very end of document (HO)
Package: atbegshi 2011/10/05 v1.16 At begin shipout hook (HO)
Package: refcount 2011/10/16 v3.4 Data extraction from label references (HO)
Package: hycolor 2011/01/30 v1.7 Color options for hyperref/bookmark (HO)
)
(/usr/local/texlive/2013/texmf-dist/tex/generic/ifxetex/ifxetex.sty
Package: ifxetex 2010/09/12 v0.6 Provides ifxetex conditional
)
(/usr/local/texlive/2013/texmf-dist/tex/latex/oberdiek/auxhook.sty
Package: auxhook 2011/03/04 v1.3 Hooks for auxiliary files (HO)
)
(/usr/local/texlive/2013/texmf-dist/tex/latex/oberdiek/kvoptions.sty
Package: kvoptions 2011/06/30 v3.11 Key value format for package options (HO)
)
\@linkdim=\dimen116
\Hy@linkcounter=\count109
\Hy@pagecounter=\count110

(/usr/local/texlive/2013/texmf-dist/tex/latex/hyperref/pd1enc.def
File: pd1enc.def 2012/11/06 v6.83m Hyperref: PDFDocEncoding definition (HO)
)
\Hy@SavedSpaceFactor=\count111

(/usr/local/texlive/2013/texmf-dist/tex/latex/latexconfig/hyperref.cfg
File: hyperref.cfg 2002/06/06 v1.2 hyperref configuration of TeXLive
)
Package hyperref Info: Hyper figures OFF on input line 4443.
Package hyperref Info: Link nesting OFF on input line 4448.
Package hyperref Info: Hyper index ON on input line 4451.
Package hyperref Info: Plain pages OFF on input line 4458.
Package hyperref Info: Backreferencing OFF on input line 4463.
Package hyperref Info: Implicit mode ON; LaTeX internals redefined.
Package hyperref Info: Bookmarks ON on input line 4688.
LaTeX Info: Redefining \href on input line 4952.
\c@Hy@tempcnt=\count112
LaTeX Info: Redefining \url on input line 5041.
\XeTeXLinkMargin=\dimen117
\Fld@menulength=\count113
\Field@Width=\dimen118
\Fld@charsize=\dimen119
Package hyperref Info: Hyper figures OFF on input line 6295.
Package hyperref Info: Link nesting OFF on input line 6300.
Package hyperref Info: Hyper index ON on input line 6303.
Package hyperref Info: backreferencing OFF on input line 6310.
Package hyperref Info: Link coloring OFF on input line 6315.
Package hyperref Info: Link coloring with OCG OFF on input line 6320.
Package hyperref Info: PDF/A mode OFF on input line 6325.
LaTeX Info: Redefining \ref on input line 6365.
LaTeX Info: Redefining \pageref on input line 6369.
\Hy@abspage=\count114
\c@Item=\count115
\c@Hfootnote=\count116
)

Package hyperref Message: Driver (autodetected): hpdftex.

(/usr/local/texlive/2013/texmf-dist/tex/latex/hyperref/hpdftex.def
File: hpdftex.def 2012/11/06 v6.83m Hyperref driver for pdfTeX
\Fld@listcount=\count117
\c@bookmark@seq@number=\count118

(/usr/local/texlive/2013/texmf-dist/tex/latex/oberdiek/rerunfilecheck.sty
Package: rerunfilecheck 2011/04/15 v1.7 Rerun checks for auxiliary files (HO)
Package uniquecounter Info: New unique counter `rerunfilecheck' on input line 2
82.
)
\Hy@SectionHShift=\skip54
)

Package hyperref Warning: Option `backref' has already been used,
(hyperref)                setting the option has no effect on input line 34.

Package hyperref Info: Option `colorlinks' set `true' on input line 34.
(/usr/local/texlive/2013/texmf-dist/tex/latex/graphics/epsfig.sty
Package: epsfig 1999/02/16 v1.7a (e)psfig emulation (SPQR)
\epsfxsize=\dimen120
\epsfysize=\dimen121
)
(/usr/local/texlive/2013/texmf-dist/tex/latex/subfigure/subfigure.sty
Package: subfigure 2002/03/15 v2.1.5 subfigure package
\subfigtopskip=\skip55
\subfigcapskip=\skip56
\subfigcaptopadj=\dimen122
\subfigbottomskip=\skip57
\subfigcapmargin=\dimen123
\subfiglabelskip=\skip58
\c@subfigure=\count119
\c@lofdepth=\count120
\c@subtable=\count121
\c@lotdepth=\count122

****************************************
* Local config file subfigure.cfg used *
****************************************
(/usr/local/texlive/2013/texmf-dist/tex/latex/subfigure/subfigure.cfg)
\subfig@top=\skip59
\subfig@bottom=\skip60
)
(/usr/local/texlive/2013/texmf-dist/tex/latex/tools/bm.sty
Package: bm 2004/02/26 v1.1c Bold Symbol Support (DPC/FMi)
\symboldoperators=\mathgroup7
\symboldletters=\mathgroup8
\symboldsymbols=\mathgroup9
\symboldlasy=\mathgroup10
LaTeX Font Info:    Redeclaring math alphabet \mathbf on input line 138.
LaTeX Info: Redefining \bm on input line 204.
)
(/usr/local/texlive/2013/texmf-dist/tex/latex/graphics/color.sty
Package: color 2005/11/14 v1.0j Standard LaTeX Color (DPC)

(/usr/local/texlive/2013/texmf-dist/tex/latex/latexconfig/color.cfg
File: color.cfg 2007/01/18 v1.5 color configuration of teTeX/TeXLive
)
Package color Info: Driver file: pdftex.def on input line 130.

(/usr/local/texlive/2013/texmf-dist/tex/latex/graphics/dvipsnam.def
File: dvipsnam.def 1999/02/16 v3.0i Driver-dependant file (DPC,SPQR)
))
(/usr/local/texlive/2013/texmf-dist/tex/generic/ulem/ulem.sty
\UL@box=\box43
\UL@hyphenbox=\box44
\UL@skip=\skip61
\UL@hook=\toks29
\UL@height=\dimen124
\UL@pe=\count123
\UL@pixel=\dimen125
\ULC@box=\box45
Package: ulem 2012/05/18
\ULdepth=\dimen126
)
Class revtex4-1 Info: Patching array package. on input line 115.
Class revtex4-1 Info: Robustifying \LaTeX's \boldmath command on input line 115
.
Class revtex4-1 Info: cite was not loaded (OK!) on input line 115.
Class revtex4-1 Info: mcite was not loaded (OK!) on input line 115.
Class revtex4-1 Info: multicol was not loaded (OK!) on input line 115.
 (./paperv2.aux)
\openout1 = `paperv2.aux'.

LaTeX Font Info:    Checking defaults for OML/cmm/m/it on input line 115.
LaTeX Font Info:    ... okay on input line 115.
LaTeX Font Info:    Checking defaults for T1/cmr/m/n on input line 115.
LaTeX Font Info:    ... okay on input line 115.
LaTeX Font Info:    Checking defaults for OT1/cmr/m/n on input line 115.
LaTeX Font Info:    ... okay on input line 115.
LaTeX Font Info:    Checking defaults for OMS/cmsy/m/n on input line 115.
LaTeX Font Info:    ... okay on input line 115.
LaTeX Font Info:    Checking defaults for OMX/cmex/m/n on input line 115.
LaTeX Font Info:    ... okay on input line 115.
LaTeX Font Info:    Checking defaults for U/cmr/m/n on input line 115.
LaTeX Font Info:    ... okay on input line 115.
LaTeX Font Info:    Checking defaults for PD1/pdf/m/n on input line 115.
LaTeX Font Info:    ... okay on input line 115.
LaTeX Font Info:    Try loading font information for OT1+ptm on input line 115.


(/usr/local/texlive/2013/texmf-dist/tex/latex/psnfss/ot1ptm.fd
File: ot1ptm.fd 2001/06/04 font definitions for OT1/ptm.
)
(/usr/local/texlive/2013/texmf-dist/tex/context/base/supp-pdf.mkii
[Loading MPS to PDF converter (version 2006.09.02).]
\scratchcounter=\count124
\scratchdimen=\dimen127
\scratchbox=\box46
\nofMPsegments=\count125
\nofMParguments=\count126
\everyMPshowfont=\toks30
\MPscratchCnt=\count127
\MPscratchDim=\dimen128
\MPnumerator=\count128
\makeMPintoPDFobject=\count129
\everyMPtoPDFconversion=\toks31
) (/usr/local/texlive/2013/texmf-dist/tex/latex/oberdiek/epstopdf-base.sty
Package: epstopdf-base 2010/02/09 v2.5 Base part for package epstopdf

(/usr/local/texlive/2013/texmf-dist/tex/latex/oberdiek/grfext.sty
Package: grfext 2010/08/19 v1.1 Manage graphics extensions (HO)
)
Package grfext Info: Graphics extension search list:
(grfext)             [.png,.pdf,.jpg,.mps,.jpeg,.jbig2,.jb2,.PNG,.PDF,.JPG,.JPE
G,.JBIG2,.JB2,.eps]
(grfext)             \AppendGraphicsExtensions on input line 452.

(/usr/local/texlive/2013/texmf-dist/tex/latex/latexconfig/epstopdf-sys.cfg
File: epstopdf-sys.cfg 2010/07/13 v1.3 Configuration of (r)epstopdf for TeX Liv
e
))
\AtBeginShipoutBox=\box47
Package hyperref Info: Link coloring ON on input line 115.

(/usr/local/texlive/2013/texmf-dist/tex/latex/hyperref/nameref.sty
Package: nameref 2012/10/27 v2.43 Cross-referencing by name of section

(/usr/local/texlive/2013/texmf-dist/tex/generic/oberdiek/gettitlestring.sty
Package: gettitlestring 2010/12/03 v1.4 Cleanup title references (HO)
)
\c@section@level=\count130
)
LaTeX Info: Redefining \ref on input line 115.
LaTeX Info: Redefining \pageref on input line 115.
LaTeX Info: Redefining \nameref on input line 115.

(./paperv2.out) (./paperv2.out)
\@outlinefile=\write4
\openout4 = `paperv2.out'.

Class revtex4-1 Info: Taking \maketitle back from hyperref on input line 115.
\openout3 = `paperv2Notes.bib'.

LaTeX Font Info:    Font shape `OT1/ptm/bx/n' in size <12> not available
(Font)              Font shape `OT1/ptm/b/n' tried instead on input line 204.
LaTeX Font Info:    Try loading font information for U+msa on input line 204.

(/usr/local/texlive/2013/texmf-dist/tex/latex/amsfonts/umsa.fd
File: umsa.fd 2013/01/14 v3.01 AMS symbols A
)
LaTeX Font Info:    Try loading font information for U+msb on input line 204.

(/usr/local/texlive/2013/texmf-dist/tex/latex/amsfonts/umsb.fd
File: umsb.fd 2013/01/14 v3.01 AMS symbols B
)
LaTeX Font Info:    Try loading font information for U+lasy on input line 204.

(/usr/local/texlive/2013/texmf-dist/tex/latex/base/ulasy.fd
File: ulasy.fd 1998/08/17 v2.2e LaTeX symbol font definitions
)
LaTeX Font Info:    Font shape `U/lasy/b/n' in size <7> not available
(Font)              Font shape `U/lasy/m/n' tried instead on input line 204.
LaTeX Font Info:    Font shape `U/lasy/b/n' in size <5> not available
(Font)              Font shape `U/lasy/m/n' tried instead on input line 204.
LaTeX Font Info:    Font shape `U/lasy/b/n' in size <9> not available
(Font)              Font shape `U/lasy/m/n' tried instead on input line 204.
LaTeX Font Info:    Font shape `U/lasy/b/n' in size <6> not available
(Font)              Font shape `U/lasy/m/n' tried instead on input line 204.
LaTeX Font Info:    Font shape `U/lasy/b/n' in size <8> not available
(Font)              Font shape `U/lasy/m/n' tried instead on input line 204.
LaTeX Font Info:    Font shape `OT1/ptm/bx/n' in size <9> not available
(Font)              Font shape `OT1/ptm/b/n' tried instead on input line 205.

(./introduction.tex
Underfull \hbox (badness 1062) in paragraph at lines 76--109
\OT1/ptm/m/n/10 pro-vided com-plete sim-u-la-tions of BBH dy-nam-ics in the
 []


Underfull \hbox (badness 7326) in paragraph at lines 110--143
[]\OT1/ptm/m/n/10 Constructing tem-plate banks for grav-i-ta-tional wave
 []

[1{/usr/local/texlive/2013/texmf-var/fonts/map/pdftex/updmap/pdftex.map}])
[2] (./nrwaveformsdescription.tex) (./pndescription.tex
LaTeX Font Info:    Try loading font information for OMS+ptm on input line 54.

(/usr/local/texlive/2013/texmf-dist/tex/latex/psnfss/omsptm.fd
File: omsptm.fd 
)
LaTeX Font Info:    Font shape `OMS/ptm/m/n' in size <10> not available
(Font)              Font shape `OMS/cmsy/m/n' tried instead on input line 54.
)
(./hybridizationprocedures.tex [3]) (./eobnrv2description.tex
Underfull \hbox (badness 2856) in paragraph at lines 12--23
[]\OT1/ptm/m/n/10 The EOB for-mal-ism maps the dy-nam-ics of a two-
 []

) (./mathdefinitions.tex [4]
Underfull \hbox (badness 1275) in paragraph at lines 55--59
[]\OT1/ptm/m/n/10 Matched-filtering de-tec-tion searches em-ploy a dis-crete
 []

<Eff1v2.png, id=320, 359.84438pt x 298.11375pt>
File: Eff1v2.png Graphic file (type png)
 <use Eff1v2.png>
Package pdftex.def Info: Eff1v2.png used on input line 117.
(pdftex.def)             Requested size: 246.0pt x 203.80638pt.
 [5 <./Eff1v2.png>]
Overfull \hbox (6.08084pt too wide) detected at line 187
[]\OT1/cmr/m/n/10 ^^@[](\OML/cmm/m/it/10 x\OT1/cmr/m/n/10 ) \OMS/cmsy/m/n/10 ^^
Q [][] [][] \OT1/cmr/m/n/10 = []  \OMS/cmsy/m/n/10 M\OT1/cmr/m/n/10 (\OML/cmm/m
/it/10 h[]; h[]\OT1/cmr/m/n/10 )
 []

) (./nrbankresults.tex
<BBHm1m2_tlen_Ncyc40_0-99_Mchirp27_cropped-tiny.png, id=366, 3637.59pt x 2071.7
4pt>
File: BBHm1m2_tlen_Ncyc40_0-99_Mchirp27_cropped-tiny.png Graphic file (type png
)
 <use BBHm1m2_tlen_Ncyc40_0-99_Mchirp27_cropped-tiny.png>
Package pdftex.def Info: BBHm1m2_tlen_Ncyc40_0-99_Mchirp27_cropped-tiny.png use
d on input line 4.
(pdftex.def)             Requested size: 270.6015pt x 154.1093pt.

Overfull \hbox (24.6015pt too wide) in paragraph at lines 4--6
 [][] 
 []

[6 <./BBHm1m2_tlen_Ncyc40_0-99_Mchirp27_cropped-tiny.png>]
<bank002_01_01_mtot200_match_cropped-tiny.png, id=391, 1816.7875pt x 1033.8625p
t>
File: bank002_01_01_mtot200_match_cropped-tiny.png Graphic file (type png)
 <use bank002_01_01_mtot200_match_cropped-tiny.png>
Package pdftex.def Info: bank002_01_01_mtot200_match_cropped-tiny.png used on i
nput line 109.
(pdftex.def)             Requested size: 246.0pt x 139.97557pt.

<bank006_01_mtot200_match_cropped-tiny.png, id=392, 1816.7875pt x 1029.8475pt>
File: bank006_01_mtot200_match_cropped-tiny.png Graphic file (type png)

<use bank006_01_mtot200_match_cropped-tiny.png>
Package pdftex.def Info: bank006_01_mtot200_match_cropped-tiny.png used on inpu
t line 124.
(pdftex.def)             Requested size: 246.0pt x 139.43198pt.
) (./hybridbankresults.tex
[7 <./bank002_01_01_mtot200_match_cropped-tiny.png> <./bank006_01_mtot200_match
_cropped-tiny.png>] <maxmismatchVSmass_allq.pdf, id=409, 481.8pt x 481.8pt>
File: maxmismatchVSmass_allq.pdf Graphic file (type pdf)

<use maxmismatchVSmass_allq.pdf>
Package pdftex.def Info: maxmismatchVSmass_allq.pdf used on input line 27.
(pdftex.def)             Requested size: 221.3985pt x 223.12656pt.

<bank001_lowM_01_stochastic_mtot200_logMq_NOhybMM-tiny.png, id=416, 1819.79875p
t x 1119.18124pt>
File: bank001_lowM_01_stochastic_mtot200_logMq_NOhybMM-tiny.png Graphic file (t
ype png)

<use bank001_lowM_01_stochastic_mtot200_logMq_NOhybMM-tiny.png>
Package pdftex.def Info: bank001_lowM_01_stochastic_mtot200_logMq_NOhybMM-tiny.
png used on input line 67.
(pdftex.def)             Requested size: 246.0pt x 151.28787pt.

<bank001_lowM_01_stochastic_mtot200_logMq_hybMM-tiny.png, id=417, 1819.79875pt 
x 1119.18124pt>
File: bank001_lowM_01_stochastic_mtot200_logMq_hybMM-tiny.png Graphic file (typ
e png)
 <use bank001_lowM_01_stochastic_mtot200_logMq_hybMM-tiny.png>
Package pdftex.def Info: bank001_lowM_01_stochastic_mtot200_logMq_hybMM-tiny.pn
g used on input line 68.
(pdftex.def)             Requested size: 246.0pt x 151.28787pt.

<bank_26022013_02_mtot200_logMq_NOhybMM-tiny.png, id=422, 1819.79875pt x 1119.1
8124pt>
File: bank_26022013_02_mtot200_logMq_NOhybMM-tiny.png Graphic file (type png)
 <use bank_26022013_02_mtot200_logMq_NOhybMM-tiny.png>
Package pdftex.def Info: bank_26022013_02_mtot200_logMq_NOhybMM-tiny.png used o
n input line 89.
(pdftex.def)             Requested size: 246.0pt x 151.28787pt.

<bank_26022013_02_mtot200_logMq_hybMM-tiny.png, id=423, 1819.79875pt x 1119.181
24pt>
File: bank_26022013_02_mtot200_logMq_hybMM-tiny.png Graphic file (type png)
 <use bank_26022013_02_mtot200_logMq_hybMM-tiny.png>
Package pdftex.def Info: bank_26022013_02_mtot200_logMq_hybMM-tiny.png used on 
input line 90.
(pdftex.def)             Requested size: 246.0pt x 151.28787pt.

<bank_26022013_02_hybrids_mtot200_logMq_NOhybMM-tiny.png, id=426, 1819.79875pt 
x 1119.18124pt>
File: bank_26022013_02_hybrids_mtot200_logMq_NOhybMM-tiny.png Graphic file (typ
e png)
 <use bank_26022013_02_hybrids_mtot200_logMq_NOhybMM-tiny.png>
Package pdftex.def Info: bank_26022013_02_hybrids_mtot200_logMq_NOhybMM-tiny.pn
g used on input line 114.
(pdftex.def)             Requested size: 246.0pt x 151.28787pt.

<bank_26022013_02_hybrids_mtot200_logMq_hybMM-tiny.png, id=427, 1819.79875pt x 
1119.18124pt>
File: bank_26022013_02_hybrids_mtot200_logMq_hybMM-tiny.png Graphic file (type 
png)
 <use bank_26022013_02_hybrids_mtot200_logMq_hybMM-tiny.png>
Package pdftex.def Info: bank_26022013_02_hybrids_mtot200_logMq_hybMM-tiny.png 
used on input line 115.
(pdftex.def)             Requested size: 246.0pt x 151.28787pt.

[8 <./maxmismatchVSmass_allq.pdf>] [9 <./bank001_lowM_01_stochastic_mtot200_log
Mq_NOhybMM-tiny.png> <./bank001_lowM_01_stochastic_mtot200_logMq_hybMM-tiny.png
> <./bank_26022013_02_mtot200_logMq_NOhybMM-tiny.png> <./bank_26022013_02_mtot2
00_logMq_hybMM-tiny.png>]) (./futurehybridbankresults.tex
<bank_separate_q1_mtot200_match-tiny.png, id=472, 1819.79875pt x 1119.18124pt>
File: bank_separate_q1_mtot200_match-tiny.png Graphic file (type png)

<use bank_separate_q1_mtot200_match-tiny.png>
Package pdftex.def Info: bank_separate_q1_mtot200_match-tiny.png used on input 
line 4.
(pdftex.def)             Requested size: 168.30093pt x 103.17105pt.

<bank_separate_q4_mtot200_match-tiny.png, id=473, 1819.79875pt x 1119.18124pt>
File: bank_separate_q4_mtot200_match-tiny.png Graphic file (type png)

<use bank_separate_q4_mtot200_match-tiny.png>
Package pdftex.def Info: bank_separate_q4_mtot200_match-tiny.png used on input 
line 5.
(pdftex.def)             Requested size: 168.30093pt x 103.17105pt.

<bank_separate_q8_mtot200_match-tiny.png, id=474, 1819.79875pt x 1119.18124pt>
File: bank_separate_q8_mtot200_match-tiny.png Graphic file (type png)

<use bank_separate_q8_mtot200_match-tiny.png>
Package pdftex.def Info: bank_separate_q8_mtot200_match-tiny.png used on input 
line 6.
(pdftex.def)             Requested size: 168.30093pt x 103.17105pt.

<bank_seperate_q1-4-35-4-65-9-6_01_mtot200_match-tiny.png, id=478, 1819.79875pt
 x 1124.2pt>
File: bank_seperate_q1-4-35-4-65-9-6_01_mtot200_match-tiny.png Graphic file (ty
pe png)
 <use bank_seperate_q1-4-35-4-65-9-6_01_mtot200_match-tiny.png>
Package pdftex.def Info: bank_seperate_q1-4-35-4-65-9-6_01_mtot200_match-tiny.p
ng used on input line 42.
(pdftex.def)             Requested size: 246.0pt x 151.9663pt.

<bank_seperate_q1-4-35-4-65-9-6_01_m1m2200_match-tiny.png, id=479, 1819.79875pt
 x 1124.2pt>
File: bank_seperate_q1-4-35-4-65-9-6_01_m1m2200_match-tiny.png Graphic file (ty
pe png)
 <use bank_seperate_q1-4-35-4-65-9-6_01_m1m2200_match-tiny.png>
Package pdftex.def Info: bank_seperate_q1-4-35-4-65-9-6_01_m1m2200_match-tiny.p
ng used on input line 43.
(pdftex.def)             Requested size: 246.0pt x 151.9663pt.

[10 <./bank_26022013_02_hybrids_mtot200_logMq_NOhybMM-tiny.png> <./bank_2602201
3_02_hybrids_mtot200_logMq_hybMM-tiny.png>]
<maxmismatchVSmass_q1.pdf, id=509, 481.8pt x 481.8pt>
File: maxmismatchVSmass_q1.pdf Graphic file (type pdf)

<use maxmismatchVSmass_q1.pdf>
Package pdftex.def Info: maxmismatchVSmass_q1.pdf used on input line 114.
(pdftex.def)             Requested size: 168.30093pt x 166.99889pt.

<maxmismatchVSmass_q4.pdf, id=510, 481.8pt x 481.8pt>
File: maxmismatchVSmass_q4.pdf Graphic file (type pdf)

<use maxmismatchVSmass_q4.pdf>
Package pdftex.def Info: maxmismatchVSmass_q4.pdf used on input line 115.
(pdftex.def)             Requested size: 168.30093pt x 166.99889pt.

<maxmismatchVSmass_q8.pdf, id=511, 481.8pt x 481.8pt>
File: maxmismatchVSmass_q8.pdf Graphic file (type pdf)

<use maxmismatchVSmass_q8.pdf>
Package pdftex.def Info: maxmismatchVSmass_q8.pdf used on input line 116.
(pdftex.def)             Requested size: 168.30093pt x 166.99889pt.

<NRorbits2merger_cropped.png, id=512, 803.0pt x 674.52pt>
File: NRorbits2merger_cropped.png Graphic file (type png)

<use NRorbits2merger_cropped.png>
Package pdftex.def Info: NRorbits2merger_cropped.png used on input line 132.
(pdftex.def)             Requested size: 246.0pt x 216.11891pt.

<NRomega_cropped.png, id=513, 800.9925pt x 667.49374pt>
File: NRomega_cropped.png Graphic file (type png)

<use NRomega_cropped.png>
Package pdftex.def Info: NRomega_cropped.png used on input line 133.
(pdftex.def)             Requested size: 246.0pt x 214.28955pt.
 [11 <./bank_separate_q1_mtot200_match-tiny.png> <./bank_separate_q4_mtot200_ma
tch-tiny.png> <./bank_separate_q8_mtot200_match-tiny.png> <./bank_seperate_q1-4
-35-4-65-9-6_01_mtot200_match-tiny.png> <./bank_seperate_q1-4-35-4-65-9-6_01_m1
m2200_match-tiny.png>] [12 <./maxmismatchVSmass_q1.pdf> <./maxmismatchVSmass_q4
.pdf> <./maxmismatchVSmass_q8.pdf> <./NRorbits2merger_cropped.png> <./NRomega_c
ropped.png>]) (./conclusions.tex
Underfull \hbox (badness 1107) in paragraph at lines 50--70
[]\OT1/ptm/m/n/10 NR has long sought to con-tribute tem-plate banks for
 []

[13]
Underfull \hbox (badness 1117) in paragraph at lines 204--212
[]\OT1/ptm/m/n/10 The de-tec-tor noise power is mod-eled us-ing the zero-
 []

)
LaTeX Font Info:    Try loading font information for OT1+pcr on input line 290.

 (/usr/local/texlive/2013/texmf-dist/tex/latex/psnfss/ot1pcr.fd
File: ot1pcr.fd 2001/06/04 font definitions for OT1/pcr.
)
(./paperv2.bbl [14]
Underfull \hbox (badness 6380) in paragraph at lines 58--64
 []\OT1/ptm/m/n/9 G. M. Harry \OT1/ptm/m/it/9 et al. \OT1/ptm/m/n/9 (LIGO Sci-e
n-tific Col-lab-o-ra-tion),
 []


Underfull \hbox (badness 2521) in paragraph at lines 96--104
 []\OT1/ptm/m/n/9 J. Abadie \OT1/ptm/m/it/9 et al. \OT1/ptm/m/n/9 (LIGO Sci-en-
tific Col-lab-o-ra-tion, Virgo
 []


Underfull \hbox (badness 10000) in paragraph at lines 96--104
 \OT1/ptm/m/n/9 Col-lab-o-ra-tion), [][]Class.Quant.Grav. \OT1/ptm/b/n/9 27\OT1
/ptm/m/n/9 , 173001 (2010)[][],
 []


Underfull \hbox (badness 2478) in paragraph at lines 146--155
 []\OT1/ptm/m/n/9 C. L. Fryer, K. Bel-czyn-ski, G. Wik-torow-icz, M. Do-
 []


Underfull \hbox (badness 10000) in paragraph at lines 267--275
 []\OT1/ptm/m/n/9 E. Mes-sar-i-taki (LIGO Sci-en-tific Col-lab-o-ra-tion),
 []


Underfull \hbox (badness 1082) in paragraph at lines 267--275
 [][]\OT1/ptm/m/n/9 Class.Quant.Grav. \OT1/ptm/b/n/9 22\OT1/ptm/m/n/9 , S1119 (
2005)[][], [][]arXiv:gr-qc/0504065
 []


Underfull \hbox (badness 10000) in paragraph at lines 337--346
 []\OT1/ptm/m/n/9 A. M. Sintes (LIGO Sci-en-tific Col-lab-o-ra-tion),
 []


Underfull \hbox (badness 6641) in paragraph at lines 405--413
 []\OT1/ptm/m/n/9 B. J. Owen, [][]Phys.Rev. \OT1/ptm/b/n/9 D53\OT1/ptm/m/n/9 , 
6749 (1996)[][], [][]arXiv:gr-
 []


Underfull \hbox (badness 1048) in paragraph at lines 454--462
 []\OT1/ptm/m/n/9 F. Pre-to-rius, [][]Phys.Rev.Lett. \OT1/ptm/b/n/9 95\OT1/ptm/
m/n/9 , 121101 (2005)[][], [][]arXiv:gr-
 []


Underfull \hbox (badness 1983) in paragraph at lines 506--513
 \OT1/ptm/m/n/9 O. Rinne, [][]Class.Quant.Grav. \OT1/ptm/b/n/9 23\OT1/ptm/m/n/9
 , S447 (2006)[][], [][]arXiv:gr-
 []


Underfull \hbox (badness 10000) in paragraph at lines 523--529
 []\OT1/ptm/m/n/9 M. Han-nam, [][]Class.Quant.Grav. \OT1/ptm/b/n/9 26\OT1/ptm/m
/n/9 , 114001 (2009)[][],
 []


Underfull \hbox (badness 10000) in paragraph at lines 532--538
 []\OT1/ptm/m/n/9 I. Hin-der, [][]Class.Quant.Grav. \OT1/ptm/b/n/9 27\OT1/ptm/m
/n/9 , 114004 (2010)[][],
 []


Underfull \hbox (badness 7981) in paragraph at lines 541--547
 []\OT1/ptm/m/n/9 H. P. Pfeif-fer, [][]Class.Quant.Grav. \OT1/ptm/b/n/9 29\OT1/
ptm/m/n/9 , 124004 (2012)[][],
 []

[15]
Underfull \hbox (badness 1237) in paragraph at lines 687--693
 []\OT1/ptm/m/n/9 I. Mac-Don-ald, A. H. Mroue, H. P. Pfeif-fer, M. Boyle,
 []


Underfull \hbox (badness 3803) in paragraph at lines 687--693
 \OT1/ptm/m/n/9 L. E. Kid-der, \OT1/ptm/m/it/9 et al.\OT1/ptm/m/n/9 , [][]Phys.
Rev. \OT1/ptm/b/n/9 D87\OT1/ptm/m/n/9 , 024009 (2013)[][],
 []


Underfull \hbox (badness 2384) in paragraph at lines 770--779
 \OT1/ptm/m/n/9 Buch-man, \OT1/ptm/m/it/9 et al.\OT1/ptm/m/n/9 , [][]Class.Quan
t.Grav. \OT1/ptm/b/n/9 29\OT1/ptm/m/n/9 , 124001 (2012)[][],
 []


Underfull \hbox (badness 10000) in paragraph at lines 784--793
 []\OT1/ptm/m/n/9 L. San-ta-maria, B. Kr-ish-nan,  and J. T. Whe-lan,
 []


Underfull \hbox (badness 7238) in paragraph at lines 784--793
 [][]\OT1/ptm/m/n/9 Class.Quant.Grav. \OT1/ptm/b/n/9 26\OT1/ptm/m/n/9 , 114010 
(2009)[][], [][]arXiv:0901.4696
 []


Underfull \hbox (badness 6316) in paragraph at lines 815--823
 []\OT1/ptm/m/n/9 A. Buo-nanno, B. Iyer, E. Ochsner, Y. Pan,  and
 []


Underfull \hbox (badness 10000) in paragraph at lines 815--823
 \OT1/ptm/m/n/9 B. Sathyaprakash, [][]Phys.Rev. \OT1/ptm/b/n/9 D80\OT1/ptm/m/n/
9 , 084043 (2009)[][],
 []


Underfull \hbox (badness 10000) in paragraph at lines 846--851
 [][]$\OT1/pcr/m/n/9 http : / / www . grg . uib . es / NRDA13 / slides /
 []


Underfull \hbox (badness 5939) in paragraph at lines 904--912
 []\OT1/ptm/m/n/9 B. Sathyaprakash, [][]Class.Quant.Grav. \OT1/ptm/b/n/9 17\OT1
/ptm/m/n/9 , L157 (2000)[][],
 []


Underfull \hbox (badness 10000) in paragraph at lines 1292--1299
 []\OT1/ptm/m/n/9 M. Boyle, [][] (2013), 10.1103/Phys-RevD.87.104006[][],
 []

[16])
Class revtex4-1 Info: Total figure: Column(1328pt), Page(1328pt) on input line 
305.
Class revtex4-1 Info: Total table: Column(307pt), Page(307pt) on input line 305
.
Class revtex4-1 Info: Total video: Column(0pt), Page(0pt) on input line 305.
 [17]
Package atveryend Info: Empty hook `AfterLastShipout' on input line 305.
Class revtex4-1 Info: Total text: Column(15322pt), Page(315pt) on input line 30
5.
 (./paperv2.aux)
Package atveryend Info: Executing hook `AtVeryEndDocument' on input line 305.


 *File List*
revtex4-1.cls    2010/07/25/20:33:00 4.1r (http://publish.aps.org/revtex4/ for 
documentation)
  aps4-1.rtx
aps10pt4-1.rtx
textcase.sty    2004/10/07 v0.07 Text only upper/lower case changing (DPC)
     url.sty    2013/09/16  ver 3.4  Verb mode for urls, etc.
  natbib.sty    2009/11/07 8.31a (PWD, AO)
revsymb4-1.sty    2010/07/25/20:33:00 4.1r (http://publish.aps.org/revtex4/ for
 documentation)
graphicx.sty    1999/02/16 v1.0f Enhanced LaTeX Graphics (DPC,SPQR)
  keyval.sty    1999/03/16 v1.13 key=value parser (DPC)
graphics.sty    2009/02/05 v1.0o Standard LaTeX Graphics (DPC,SPQR)
    trig.sty    1999/03/16 v1.09 sin cos tan (DPC)
graphics.cfg    2010/04/23 v1.9 graphics configuration of TeX Live
  pdftex.def    2011/05/27 v0.06d Graphics/color for pdfTeX
infwarerr.sty    2010/04/08 v1.3 Providing info/warning/error messages (HO)
 ltxcmds.sty    2011/11/09 v1.22 LaTeX kernel commands for general use (HO)
  lipsum.sty    2011/04/14 v1.2 150 paragraphs of Lorem Ipsum dummy text
placeins.sty    2005/04/18  v 2.2
 dcolumn.sty    2001/05/28 v1.06 decimal alignment package (DPC)
   array.sty    2008/09/09 v2.4c Tabular extension package (FMi)
multirow.sty    
 amsmath.sty    2013/01/14 v2.14 AMS math features
 amstext.sty    2000/06/29 v2.01
  amsgen.sty    1999/11/30 v2.0
  amsbsy.sty    1999/11/29 v1.2d
  amsopn.sty    1999/12/14 v2.01 operator names
  amsthm.sty    2004/08/06 v2.20
amsfonts.sty    2013/01/14 v3.01 Basic AMSFonts support
 amssymb.sty    2013/01/14 v3.01 AMS font symbols
   times.sty    2005/04/12 PSNFSS-v9.2a (SPQR) 
latexsym.sty    1998/08/17 v2.2e Standard LaTeX package (lasy symbols)
hyperref.sty    2012/11/06 v6.83m Hypertext links for LaTeX
hobsub-hyperref.sty    2012/05/28 v1.13 Bundle oberdiek, subset hyperref (HO)
hobsub-generic.sty    2012/05/28 v1.13 Bundle oberdiek, subset generic (HO)
  hobsub.sty    2012/05/28 v1.13 Construct package bundles (HO)
ifluatex.sty    2010/03/01 v1.3 Provides the ifluatex switch (HO)
  ifvtex.sty    2010/03/01 v1.5 Detect VTeX and its facilities (HO)
 intcalc.sty    2007/09/27 v1.1 Expandable calculations with integers (HO)
   ifpdf.sty    2011/01/30 v2.3 Provides the ifpdf switch (HO)
etexcmds.sty    2011/02/16 v1.5 Avoid name clashes with e-TeX commands (HO)
kvsetkeys.sty    2012/04/25 v1.16 Key value parser (HO)
kvdefinekeys.sty    2011/04/07 v1.3 Define keys (HO)
pdftexcmds.sty    2011/11/29 v0.20 Utility functions of pdfTeX for LuaTeX (HO)
pdfescape.sty    2011/11/25 v1.13 Implements pdfTeX's escape features (HO)
bigintcalc.sty    2012/04/08 v1.3 Expandable calculations on big integers (HO)
  bitset.sty    2011/01/30 v1.1 Handle bit-vector datatype (HO)
uniquecounter.sty    2011/01/30 v1.2 Provide unlimited unique counter (HO)
letltxmacro.sty    2010/09/02 v1.4 Let assignment for LaTeX macros (HO)
 hopatch.sty    2012/05/28 v1.2 Wrapper for package hooks (HO)
xcolor-patch.sty    2011/01/30 xcolor patch
atveryend.sty    2011/06/30 v1.8 Hooks at the very end of document (HO)
atbegshi.sty    2011/10/05 v1.16 At begin shipout hook (HO)
refcount.sty    2011/10/16 v3.4 Data extraction from label references (HO)
 hycolor.sty    2011/01/30 v1.7 Color options for hyperref/bookmark (HO)
 ifxetex.sty    2010/09/12 v0.6 Provides ifxetex conditional
 auxhook.sty    2011/03/04 v1.3 Hooks for auxiliary files (HO)
kvoptions.sty    2011/06/30 v3.11 Key value format for package options (HO)
  pd1enc.def    2012/11/06 v6.83m Hyperref: PDFDocEncoding definition (HO)
hyperref.cfg    2002/06/06 v1.2 hyperref configuration of TeXLive
 hpdftex.def    2012/11/06 v6.83m Hyperref driver for pdfTeX
rerunfilecheck.sty    2011/04/15 v1.7 Rerun checks for auxiliary files (HO)
  epsfig.sty    1999/02/16 v1.7a (e)psfig emulation (SPQR)
subfigure.sty    2002/03/15 v2.1.5 subfigure package
subfigure.cfg
      bm.sty    2004/02/26 v1.1c Bold Symbol Support (DPC/FMi)
   color.sty    2005/11/14 v1.0j Standard LaTeX Color (DPC)
   color.cfg    2007/01/18 v1.5 color configuration of teTeX/TeXLive
dvipsnam.def    1999/02/16 v3.0i Driver-dependant file (DPC,SPQR)
    ulem.sty    2012/05/18
  ot1ptm.fd    2001/06/04 font definitions for OT1/ptm.
supp-pdf.mkii
epstopdf-base.sty    2010/02/09 v2.5 Base part for package epstopdf
  grfext.sty    2010/08/19 v1.1 Manage graphics extensions (HO)
epstopdf-sys.cfg    2010/07/13 v1.3 Configuration of (r)epstopdf for TeX Live
 nameref.sty    2012/10/27 v2.43 Cross-referencing by name of section
gettitlestring.sty    2010/12/03 v1.4 Cleanup title references (HO)
 paperv2.out
 paperv2.out
    umsa.fd    2013/01/14 v3.01 AMS symbols A
    umsb.fd    2013/01/14 v3.01 AMS symbols B
   ulasy.fd    1998/08/17 v2.2e LaTeX symbol font definitions
introduction.tex
nrwaveformsdescription.tex
pndescription.tex
  omsptm.fd    
hybridizationprocedures.tex
eobnrv2description.tex
mathdefinitions.tex
  Eff1v2.png    Graphic file (type png)
nrbankresults.tex
BBHm1m2_tlen_Ncyc40_0-99_Mchirp27_cropped-tiny.png    Graphic file (type png)
bank002_01_01_mtot200_match_cropped-tiny.png    Graphic file (type png)
bank006_01_mtot200_match_cropped-tiny.png    Graphic file (type png)
hybridbankresults.tex
maxmismatchVSmass_allq.pdf    Graphic file (type pdf)
bank001_lowM_01_stochastic_mtot200_logMq_NOhybMM-tiny.png    Graphic file (type
 png)
bank001_lowM_01_stochastic_mtot200_logMq_hybMM-tiny.png    Graphic file (type p
ng)
bank_26022013_02_mtot200_logMq_NOhybMM-tiny.png    Graphic file (type png)
bank_26022013_02_mtot200_logMq_hybMM-tiny.png    Graphic file (type png)
bank_26022013_02_hybrids_mtot200_logMq_NOhybMM-tiny.png    Graphic file (type p
ng)
bank_26022013_02_hybrids_mtot200_logMq_hybMM-tiny.png    Graphic file (type png
)
futurehybridbankresults.tex
bank_separate_q1_mtot200_match-tiny.png    Graphic file (type png)
bank_separate_q4_mtot200_match-tiny.png    Graphic file (type png)
bank_separate_q8_mtot200_match-tiny.png    Graphic file (type png)
bank_seperate_q1-4-35-4-65-9-6_01_mtot200_match-tiny.png    Graphic file (type 
png)
bank_seperate_q1-4-35-4-65-9-6_01_m1m2200_match-tiny.png    Graphic file (type 
png)
maxmismatchVSmass_q1.pdf    Graphic file (type pdf)
maxmismatchVSmass_q4.pdf    Graphic file (type pdf)
maxmismatchVSmass_q8.pdf    Graphic file (type pdf)
NRorbits2merger_cropped.png    Graphic file (type png)
NRomega_cropped.png    Graphic file (type png)
conclusions.tex
  ot1pcr.fd    2001/06/04 font definitions for OT1/pcr.
 paperv2.bbl
 ***********

Package atveryend Info: Executing hook `AtEndAfterFileList' on input line 305.
Package rerunfilecheck Info: File `paperv2.out' has not changed.
(rerunfilecheck)             Checksum: E60AA8780ACEB1C052A0243A9DECAD76;1131.
 ) 
Here is how much of TeX's memory you used:
 9781 strings out of 493308
 144344 string characters out of 6137823
 386786 words of memory out of 5000000
 12831 multiletter control sequences out of 15000+600000
 34580 words of font info for 94 fonts, out of 8000000 for 9000
 957 hyphenation exceptions out of 8191
 32i,13n,35p,1459b,824s stack positions out of 5000i,500n,10000p,200000b,80000s
{/usr/local/texlive/2013/texmf-dist/fonts/enc/dvips/base/8r.enc}</usr/local/t
exlive/2013/texmf-dist/fonts/type1/public/amsfonts/cm/cmex10.pfb></usr/local/te
xlive/2013/texmf-dist/fonts/type1/public/amsfonts/cm/cmmi10.pfb></usr/local/tex
live/2013/texmf-dist/fonts/type1/public/amsfonts/cm/cmmi5.pfb></usr/local/texli
ve/2013/texmf-dist/fonts/type1/public/amsfonts/cm/cmmi6.pfb></usr/local/texlive
/2013/texmf-dist/fonts/type1/public/amsfonts/cm/cmmi7.pfb></usr/local/texlive/2
013/texmf-dist/fonts/type1/public/amsfonts/cm/cmmi9.pfb></usr/local/texlive/201
3/texmf-dist/fonts/type1/public/amsfonts/cm/cmr10.pfb></usr/local/texlive/2013/
texmf-dist/fonts/type1/public/amsfonts/cm/cmr5.pfb></usr/local/texlive/2013/tex
mf-dist/fonts/type1/public/amsfonts/cm/cmr6.pfb></usr/local/texlive/2013/texmf-
dist/fonts/type1/public/amsfonts/cm/cmr7.pfb></usr/local/texlive/2013/texmf-dis
t/fonts/type1/public/amsfonts/cm/cmr9.pfb></usr/local/texlive/2013/texmf-dist/f
onts/type1/public/amsfonts/cm/cmsy10.pfb></usr/local/texlive/2013/texmf-dist/fo
nts/type1/public/amsfonts/cm/cmsy6.pfb></usr/local/texlive/2013/texmf-dist/font
s/type1/public/amsfonts/cm/cmsy7.pfb></usr/local/texlive/2013/texmf-dist/fonts/
type1/public/amsfonts/cm/cmsy9.pfb></usr/local/texlive/2013/texmf-dist/fonts/ty
pe1/public/amsfonts/cm/cmti10.pfb></usr/local/texlive/2013/texmf-dist/fonts/typ
e1/public/amsfonts/cm/cmti7.pfb></usr/local/texlive/2013/texmf-dist/fonts/type1
/public/amsfonts/symbols/msam10.pfb></usr/local/texlive/2013/texmf-dist/fonts/t
ype1/urw/courier/ucrr8a.pfb></usr/local/texlive/2013/texmf-dist/fonts/type1/urw
/times/utmb8a.pfb></usr/local/texlive/2013/texmf-dist/fonts/type1/urw/times/utm
r8a.pfb></usr/local/texlive/2013/texmf-dist/fonts/type1/urw/times/utmri8a.pfb>
Output written on paperv2.pdf (17 pages, 6585525 bytes).
PDF statistics:
 1008 PDF objects out of 1200 (max. 8388607)
 904 compressed objects within 10 object streams
 183 named destinations out of 1000 (max. 500000)
 226 words of extra memory for PDF output out of 10000 (max. 10000000)

