This is pdfTeX, Version 3.1415926-2.5-1.40.14 (TeX Live 2013) (format=pdflatex 2014.4.8)  28 APR 2014 14:43
entering extended mode
 restricted \write18 enabled.
 %&-line parsing enabled.
**bank_effectualness_short.tex
(./bank_effectualness_short.tex
LaTeX2e <2011/06/27>
Babel <3.9k> and hyphenation patterns for 78 languages loaded.
(./revtex4-1.cls
Document Class: revtex4-1 2010/07/25/20:33:00 4.1r (http://publish.aps.org/revt
ex4/ for documentation)
 Copyright (c) 2009 The American Physical Society.
 mailto:revtex@aps.org
 Licensed under the LPPL:
http://www.ctan.org/tex-archive/macros/latex/base/lppl.txt
 Arthur Ogawa <arthur_ogawa at sbcglobal dot net>
 Based on work by David Carlisle <david at dcarlisle.demon.co.uk>.
ltxutil[2010/07/25/20:33:00 4.1r utilities package (portions licensed from W. E
. Baxter web at superscript.com)]
LaTeX Info: Redefining \@centercr on input line 308.
Class revtex4-1 Info: Repairing broken LaTeX eqnarray on input line 358.
\eqncolsep=\skip41
Class revtex4-1 Info: Repairing hyperref-unfriendly LaTeX definition of \mpfoot
note on input line 433.
Class revtex4-1 Info: Repairing broken LateX \@sect on input line 755.
\intertabularlinepenalty=\count79
\@tbpen=\count80
\@arstrutbox@hline=\box26
Class revtex4-1 Info: Repairing broken LaTeX \@xbitor on input line 1786.
Class revtex4-1 Info: Making \typeout \long on input line 2046.
ltxfront[2010/07/25/20:33:00 4.1r frontmatter package (AO,DPC)]
\c@affil=\count81
\c@collab=\count82
\absbox=\box27
ltxgrid[2010/07/25/20:33:00 4.1r page grid package (portions licensed from W. E
. Baxter web at superscript.com)]
\c@linecount=\count83
\output@latex=\toks14
\box@size@1=\box28
\box@size@2=\box29
\@protection@box=\box30
\@topmark@saved=\toks15
\footins@saved=\box31
\footins@recovered=\box32
\column@recovered=\box33
\pagesofar=\box34
\footsofar=\box35
\pagegrid@col=\count84
Class revtex4-1 Info: Overriding \@vspace, \@vspacer, \@no@pgbk, \@newline, and
 \\  on input line 5578.
\c@part=\count85
\c@section=\count86
\c@subsection=\count87
\c@subsubsection=\count88
\c@paragraph=\count89
\c@subparagraph=\count90
\abovecaptionskip=\skip42
\belowcaptionskip=\skip43
\c@figure=\count91
\fbox@1=\box36
\c@table=\count92
\fbox@2=\box37
\c@video=\count93
\fbox@4=\box38
\@bibdataout=\write3
\widetext@top=\box39
\widetext@bot=\box40

Class revtex4-1 Warning: No Society specified, using default society aps.

(./aps4-1.rtx
File: aps4-1 2010/07/25/20:33:00 4.1r (http://publish.aps.org/revtex4/ for docu
mentation)
Class revtex4-1 Info: RevTeX society APS selected on input line 31.
)
Class revtex4-1 Info: Selecting journal prd on input line 7544.
Class revtex4-1 Info: APS journal PRD selected on input line 7545.
 (./aps10pt4-1.rtx
File: aps10pt4-1 2010/07/25/20:33:00 4.1r (http://publish.aps.org/revtex4/ for 
documentation)
Class revtex4-1 Info: RevTeX pointsize 10pt selected on input line 30.
)
(/usr/local/texlive/2013/texmf-dist/tex/latex/textcase/textcase.sty
Package: textcase 2004/10/07 v0.07 Text only upper/lower case changing (DPC)
)
(/usr/local/texlive/2013/texmf-dist/tex/latex/url/url.sty
\Urlmuskip=\muskip10
Package: url 2013/09/16  ver 3.4  Verb mode for urls, etc.
)
(/usr/local/texlive/2013/texmf-dist/tex/latex/natbib/natbib.sty
Package: natbib 2010/09/13 8.31b (PWD, AO)
\bibhang=\skip44
\bibsep=\skip45
LaTeX Info: Redefining \cite on input line 694.
\c@NAT@ctr=\count94
)
Class revtex4-1 Info: Repairing natbib's \BibitemShut on input line 7549.

(./revsymb4-1.sty
Package: revsymb4-1 2010/07/25/20:33:00 4.1r (http://publish.aps.org/revtex4/ f
or documentation)
LaTeX Info: Redefining \REV@mathfrak on input line 119.
))
(/usr/local/texlive/2013/texmf-dist/tex/latex/graphics/color.sty
Package: color 2005/11/14 v1.0j Standard LaTeX Color (DPC)

(/usr/local/texlive/2013/texmf-dist/tex/latex/latexconfig/color.cfg
File: color.cfg 2007/01/18 v1.5 color configuration of teTeX/TeXLive
)
Package color Info: Driver file: pdftex.def on input line 130.

(/usr/local/texlive/2013/texmf-dist/tex/latex/pdftex-def/pdftex.def
File: pdftex.def 2011/05/27 v0.06d Graphics/color for pdfTeX

(/usr/local/texlive/2013/texmf-dist/tex/generic/oberdiek/infwarerr.sty
Package: infwarerr 2010/04/08 v1.3 Providing info/warning/error messages (HO)
)
(/usr/local/texlive/2013/texmf-dist/tex/generic/oberdiek/ltxcmds.sty
Package: ltxcmds 2011/11/09 v1.22 LaTeX kernel commands for general use (HO)
)
\Gread@gobject=\count95
))
(./graphicx.sty
Package: graphicx 1999/02/16 v1.0f Enhanced LaTeX Graphics (DPC,SPQR)

(/usr/local/texlive/2013/texmf-dist/tex/latex/graphics/keyval.sty
Package: keyval 1999/03/16 v1.13 key=value parser (DPC)
\KV@toks@=\toks16
)
(/usr/local/texlive/2013/texmf-dist/tex/latex/graphics/graphics.sty
Package: graphics 2009/02/05 v1.0o Standard LaTeX Graphics (DPC,SPQR)

(/usr/local/texlive/2013/texmf-dist/tex/latex/graphics/trig.sty
Package: trig 1999/03/16 v1.09 sin cos tan (DPC)
)
(/usr/local/texlive/2013/texmf-dist/tex/latex/latexconfig/graphics.cfg
File: graphics.cfg 2010/04/23 v1.9 graphics configuration of TeX Live
)
Package graphics Info: Driver file: pdftex.def on input line 91.
)
\Gin@req@height=\dimen102
\Gin@req@width=\dimen103
)
(/usr/local/texlive/2013/texmf-dist/tex/latex/float/float.sty
Package: float 2001/11/08 v1.3d Float enhancements (AL)
\c@float@type=\count96
\float@exts=\toks17
\float@box=\box41
\@float@everytoks=\toks18
\@floatcapt=\box42
)
(/usr/local/texlive/2013/texmf-dist/tex/latex/amsmath/amsmath.sty
Package: amsmath 2013/01/14 v2.14 AMS math features
\@mathmargin=\skip46

For additional information on amsmath, use the `?' option.
(/usr/local/texlive/2013/texmf-dist/tex/latex/amsmath/amstext.sty
Package: amstext 2000/06/29 v2.01

(/usr/local/texlive/2013/texmf-dist/tex/latex/amsmath/amsgen.sty
File: amsgen.sty 1999/11/30 v2.0
\@emptytoks=\toks19
\ex@=\dimen104
)
LaTeX Info: Redefining \text on input line 39.
)
(/usr/local/texlive/2013/texmf-dist/tex/latex/amsmath/amsbsy.sty
Package: amsbsy 1999/11/29 v1.2d
\pmbraise@=\dimen105
)
(/usr/local/texlive/2013/texmf-dist/tex/latex/amsmath/amsopn.sty
Package: amsopn 1999/12/14 v2.01 operator names
)
\inf@bad=\count97
LaTeX Info: Redefining \frac on input line 210.
\uproot@=\count98
\leftroot@=\count99
LaTeX Info: Redefining \overline on input line 306.
\classnum@=\count100
\DOTSCASE@=\count101
LaTeX Info: Redefining \ldots on input line 378.
LaTeX Info: Redefining \dots on input line 381.
LaTeX Info: Redefining \cdots on input line 466.
\Mathstrutbox@=\box43
\strutbox@=\box44
\big@size=\dimen106
LaTeX Font Info:    Redeclaring font encoding OML on input line 566.
LaTeX Font Info:    Redeclaring font encoding OMS on input line 567.
\macc@depth=\count102
\c@MaxMatrixCols=\count103
\dotsspace@=\muskip11
\c@parentequation=\count104
\dspbrk@lvl=\count105
\tag@help=\toks20
\row@=\count106
\column@=\count107
\maxfields@=\count108
\andhelp@=\toks21
\eqnshift@=\dimen107
\alignsep@=\dimen108
\tagshift@=\dimen109
\tagwidth@=\dimen110
\totwidth@=\dimen111
\lineht@=\dimen112
\@envbody=\toks22
\multlinegap=\skip47
\multlinetaggap=\skip48
\mathdisplay@stack=\toks23
LaTeX Info: Redefining \[ on input line 2665.
LaTeX Info: Redefining \] on input line 2666.
)
(/usr/local/texlive/2013/texmf-dist/tex/latex/psnfss/times.sty
Package: times 2005/04/12 PSNFSS-v9.2a (SPQR) 
) (./bm.sty
Package: bm 1999/07/05 v1.0g Bold Symbol Support (DPC/FMi)
\symboldoperators=\mathgroup4
\symboldletters=\mathgroup5
\symboldsymbols=\mathgroup6
LaTeX Font Info:    Redeclaring math alphabet \mathbf on input line 137.
LaTeX Info: Redefining \bm on input line 195.
)
Class revtex4-1 Info: Patching LaTeX tabular. on input line 46.


Class revtex4-1 Warning: Repair the float package.

Class revtex4-1 Info: Robustifying \LaTeX's \boldmath command on input line 46.

Class revtex4-1 Info: cite was not loaded (OK!) on input line 46.
Class revtex4-1 Info: mcite was not loaded (OK!) on input line 46.
Class revtex4-1 Info: multicol was not loaded (OK!) on input line 46.
(./bank_effectualness_short.aux)
\openout1 = `bank_effectualness_short.aux'.

LaTeX Font Info:    Checking defaults for OML/cmm/m/it on input line 46.
LaTeX Font Info:    ... okay on input line 46.
LaTeX Font Info:    Checking defaults for T1/cmr/m/n on input line 46.
LaTeX Font Info:    ... okay on input line 46.
LaTeX Font Info:    Checking defaults for OT1/cmr/m/n on input line 46.
LaTeX Font Info:    ... okay on input line 46.
LaTeX Font Info:    Checking defaults for OMS/cmsy/m/n on input line 46.
LaTeX Font Info:    ... okay on input line 46.
LaTeX Font Info:    Checking defaults for OMX/cmex/m/n on input line 46.
LaTeX Font Info:    ... okay on input line 46.
LaTeX Font Info:    Checking defaults for U/cmr/m/n on input line 46.
LaTeX Font Info:    ... okay on input line 46.
LaTeX Font Info:    Try loading font information for OT1+ptm on input line 46.

(/usr/local/texlive/2013/texmf-dist/tex/latex/psnfss/ot1ptm.fd
File: ot1ptm.fd 2001/06/04 font definitions for OT1/ptm.
)
(/usr/local/texlive/2013/texmf-dist/tex/context/base/supp-pdf.mkii
[Loading MPS to PDF converter (version 2006.09.02).]
\scratchcounter=\count109
\scratchdimen=\dimen113
\scratchbox=\box45
\nofMPsegments=\count110
\nofMParguments=\count111
\everyMPshowfont=\toks24
\MPscratchCnt=\count112
\MPscratchDim=\dimen114
\MPnumerator=\count113
\makeMPintoPDFobject=\count114
\everyMPtoPDFconversion=\toks25
) (/usr/local/texlive/2013/texmf-dist/tex/generic/oberdiek/pdftexcmds.sty
Package: pdftexcmds 2011/11/29 v0.20 Utility functions of pdfTeX for LuaTeX (HO
)

(/usr/local/texlive/2013/texmf-dist/tex/generic/oberdiek/ifluatex.sty
Package: ifluatex 2010/03/01 v1.3 Provides the ifluatex switch (HO)
Package ifluatex Info: LuaTeX not detected.
)
(/usr/local/texlive/2013/texmf-dist/tex/generic/oberdiek/ifpdf.sty
Package: ifpdf 2011/01/30 v2.3 Provides the ifpdf switch (HO)
Package ifpdf Info: pdfTeX in PDF mode is detected.
)
Package pdftexcmds Info: LuaTeX not detected.
Package pdftexcmds Info: \pdf@primitive is available.
Package pdftexcmds Info: \pdf@ifprimitive is available.
Package pdftexcmds Info: \pdfdraftmode found.
)
(/usr/local/texlive/2013/texmf-dist/tex/latex/oberdiek/epstopdf-base.sty
Package: epstopdf-base 2010/02/09 v2.5 Base part for package epstopdf

(/usr/local/texlive/2013/texmf-dist/tex/latex/oberdiek/grfext.sty
Package: grfext 2010/08/19 v1.1 Manage graphics extensions (HO)

(/usr/local/texlive/2013/texmf-dist/tex/generic/oberdiek/kvdefinekeys.sty
Package: kvdefinekeys 2011/04/07 v1.3 Define keys (HO)
))
(/usr/local/texlive/2013/texmf-dist/tex/latex/oberdiek/kvoptions.sty
Package: kvoptions 2011/06/30 v3.11 Key value format for package options (HO)

(/usr/local/texlive/2013/texmf-dist/tex/generic/oberdiek/kvsetkeys.sty
Package: kvsetkeys 2012/04/25 v1.16 Key value parser (HO)

(/usr/local/texlive/2013/texmf-dist/tex/generic/oberdiek/etexcmds.sty
Package: etexcmds 2011/02/16 v1.5 Avoid name clashes with e-TeX commands (HO)
Package etexcmds Info: Could not find \expanded.
(etexcmds)             That can mean that you are not using pdfTeX 1.50 or
(etexcmds)             that some package has redefined \expanded.
(etexcmds)             In the latter case, load this package earlier.
)))
Package grfext Info: Graphics extension search list:
(grfext)             [.png,.pdf,.jpg,.mps,.jpeg,.jbig2,.jb2,.PNG,.PDF,.JPG,.JPE
G,.JBIG2,.JB2,.eps]
(grfext)             \AppendGraphicsExtensions on input line 452.

(/usr/local/texlive/2013/texmf-dist/tex/latex/latexconfig/epstopdf-sys.cfg
File: epstopdf-sys.cfg 2010/07/13 v1.3 Configuration of (r)epstopdf for TeX Liv
e
))
\openout3 = `bank_effectualness_shortNotes.bib'.

LaTeX Font Info:    Font shape `OT1/ptm/bx/n' in size <12> not available
(Font)              Font shape `OT1/ptm/b/n' tried instead on input line 96.
LaTeX Font Info:    Font shape `OT1/ptm/bx/n' in size <9> not available
(Font)              Font shape `OT1/ptm/b/n' tried instead on input line 98.

[1{/usr/local/texlive/2013/texmf-var/fonts/map/pdftex/updmap/pdftex.map}]
Underfull \hbox (badness 2205) in paragraph at lines 240--246
\OT1/ptm/m/n/10 met-ric co-ef-fi-cients, the EOB Hamil-to-nian [[]], and the
 []

[2]
Underfull \hbox (badness 1688) in paragraph at lines 379--382
[]\OT1/ptm/m/n/10 Finally, we com-bine the in-spi-ral wave-form mul-ti-pole
 []

[3]
Overfull \hbox (10.8173pt too wide) in paragraph at lines 447--447
[] 
 []

[4] [5] <EOB22vsEOB22FULL.png, id=36, 245.93481pt x 201.56104pt>
File: EOB22vsEOB22FULL.png Graphic file (type png)

<use EOB22vsEOB22FULL.png>
Package pdftex.def Info: EOB22vsEOB22FULL.png used on input line 600.
(pdftex.def)             Requested size: 246.0pt x 201.62204pt.

<EOB22vsEOB22FULLcumhist.pdf, id=38, 246.9225pt x 201.75375pt>
File: EOB22vsEOB22FULLcumhist.pdf Graphic file (type pdf)

<use EOB22vsEOB22FULLcumhist.pdf>
Package pdftex.def Info: EOB22vsEOB22FULLcumhist.pdf used on input line 613.
(pdftex.def)             Requested size: 246.0pt x 200.99901pt.
 [6 <./EOB22vsEOB22FULL.png> <./EOB22vsEOB22FULLcumhist.pdf>]
<EOB22vsF2FULLNolinesContours-PRD.pdf, id=59, 246.0pt x 201.59999pt>
File: EOB22vsF2FULLNolinesContours-PRD.pdf Graphic file (type pdf)

<use EOB22vsF2FULLNolinesContours-PRD.pdf>
Package pdftex.def Info: EOB22vsF2FULLNolinesContours-PRD.pdf used on input lin
e 672.
(pdftex.def)             Requested size: 246.0pt x 201.61179pt.

<EOB22vsF2totalMassvsMMs-PRD.pdf, id=60, 246.0pt x 201.59999pt>
File: EOB22vsF2totalMassvsMMs-PRD.pdf Graphic file (type pdf)

<use EOB22vsF2totalMassvsMMs-PRD.pdf>
Package pdftex.def Info: EOB22vsF2totalMassvsMMs-PRD.pdf used on input line 681
.
(pdftex.def)             Requested size: 9.83832pt x 8.06262pt.
 [7 <./EOB22vsF2FULLNolinesContours-PRD.pdf> <./EOB22vsF2totalMassvsMMs-PRD.pdf
>]
<EOBHMvsEOB22FULLNolinesContours-PRD.pdf, id=97, 246.0pt x 201.59999pt>
File: EOBHMvsEOB22FULLNolinesContours-PRD.pdf Graphic file (type pdf)

<use EOBHMvsEOB22FULLNolinesContours-PRD.pdf>
Package pdftex.def Info: EOBHMvsEOB22FULLNolinesContours-PRD.pdf used on input 
line 743.
(pdftex.def)             Requested size: 9.83832pt x 8.06262pt.

<EOBHMvsEOB22qvsMMs-PRD.pdf, id=98, 246.0pt x 201.59999pt>
File: EOBHMvsEOB22qvsMMs-PRD.pdf Graphic file (type pdf)

<use EOBHMvsEOB22qvsMMs-PRD.pdf>
Package pdftex.def Info: EOBHMvsEOB22qvsMMs-PRD.pdf used on input line 744.
(pdftex.def)             Requested size: 9.83832pt x 8.06262pt.

<EOBHMvsEOB22incvsq-PRD.pdf, id=99, 246.0pt x 201.59999pt>
File: EOBHMvsEOB22incvsq-PRD.pdf Graphic file (type pdf)

<use EOBHMvsEOB22incvsq-PRD.pdf>
Package pdftex.def Info: EOBHMvsEOB22incvsq-PRD.pdf used on input line 760.
(pdftex.def)             Requested size: 9.83832pt x 8.06262pt.

<EOBHMvsEOB22incvsM-PRD.pdf, id=100, 246.0pt x 201.59999pt>
File: EOBHMvsEOB22incvsM-PRD.pdf Graphic file (type pdf)

<use EOBHMvsEOB22incvsM-PRD.pdf>
Package pdftex.def Info: EOBHMvsEOB22incvsM-PRD.pdf used on input line 761.
(pdftex.def)             Requested size: 9.83832pt x 8.06262pt.

<EOBHMvsEOB22VeffLossm1m2-PRD.pdf, id=101, 246.0pt x 201.59999pt>
File: EOBHMvsEOB22VeffLossm1m2-PRD.pdf Graphic file (type pdf)

<use EOBHMvsEOB22VeffLossm1m2-PRD.pdf>
Package pdftex.def Info: EOBHMvsEOB22VeffLossm1m2-PRD.pdf used on input line 77
4.
(pdftex.def)             Requested size: 9.83832pt x 8.06262pt.

<EOBHMvsEOB22VeffLossqinc-PRD.pdf, id=102, 246.0pt x 201.59999pt>
File: EOBHMvsEOB22VeffLossqinc-PRD.pdf Graphic file (type pdf)

<use EOBHMvsEOB22VeffLossqinc-PRD.pdf>
Package pdftex.def Info: EOBHMvsEOB22VeffLossqinc-PRD.pdf used on input line 77
5.
(pdftex.def)             Requested size: 9.83832pt x 8.06262pt.
 [8] [9 <./EOBHMvsEOB22FULLNolinesContours-PRD.pdf> <./EOBHMvsEOB22qvsMMs-PRD.p
df> <./EOBHMvsEOB22incvsq-PRD.pdf> <./EOBHMvsEOB22incvsM-PRD.pdf>] [10 <./EOBHM
vsEOB22VeffLossm1m2-PRD.pdf> <./EOBHMvsEOB22VeffLossqinc-PRD.pdf>]
Underfull \hbox (badness 10000) in paragraph at lines 1031--1037
 []\OT1/ptm/m/n/9 G. M. Harry \OT1/ptm/m/it/9 et al. \OT1/ptm/m/n/9 (LIGO Sci-e
n-tific Col-lab-o-ra-tion),
 []


Underfull \hbox (badness 10000) in paragraph at lines 1281--1288
 []\OT1/ptm/m/n/9 E. Mes-sar-i-taki (LIGO Sci-en-tific Col-lab-o-ra-tion),
 []


Underfull \hbox (badness 2818) in paragraph at lines 1281--1288
 \OT1/ptm/m/n/9 Class.Quant.Grav. \OT1/ptm/b/n/9 22\OT1/ptm/m/n/9 , S1119 (2005
), arXiv:gr-qc/0504065
 []


Underfull \hbox (badness 6461) in paragraph at lines 1515--1525
 []\OT1/ptm/m/n/9 L. Blanchet, G. Faye, B. R. Iyer,  and S. Sinha,
 []


Underfull \hbox (badness 3323) in paragraph at lines 1531--1538
 []\OT1/ptm/m/n/9 A. Buo-nanno, B. R. Iyer, E. Ochsner, Y. Pan,  and
 []


Underfull \hbox (badness 10000) in paragraph at lines 1531--1538
 \OT1/ptm/m/n/9 B. S. Sathyaprakash, Phys.Rev. \OT1/ptm/b/n/9 D80\OT1/ptm/m/n/9
 , 084043 (2009),
 []


Underfull \hbox (badness 2065) in paragraph at lines 1566--1572
 []\OT1/ptm/m/n/9 F. Pre-to-rius, Phys.Rev.Lett. \OT1/ptm/b/n/9 95\OT1/ptm/m/n/
9 , 121101 (2005), arXiv:gr-
 []


Underfull \hbox (badness 1033) in paragraph at lines 1575--1583
 []\OT1/ptm/m/n/9 F. Pre-to-rius, Class.Quant.Grav. \OT1/ptm/b/n/9 23\OT1/ptm/m
/n/9 , S529 (2006), arXiv:gr-
 []

[11]
LaTeX Font Info:    Try loading font information for OT1+pcr on input line 1700
.
 (/usr/local/texlive/2013/texmf-dist/tex/latex/psnfss/ot1pcr.fd
File: ot1pcr.fd 2001/06/04 font definitions for OT1/pcr.
)
Underfull \hbox (badness 1960) in paragraph at lines 1699--1703
 []\OT1/ptm/m/n/9 ``LSC Al-go-rithm Li-brary,'' $\OT1/pcr/m/n/9 https : / / www
 . lsc-[]group .
 []


Underfull \hbox (badness 1281) in paragraph at lines 1758--1766
 []\OT1/ptm/m/n/9 E. Pois-son and C. M. Will, Phys.Rev. \OT1/ptm/b/n/9 D52\OT1/
ptm/m/n/9 , 848 (1995),
 []

Class revtex4-1 Info: Total figure: Column(1134pt), Page(1134pt) on input line 
1826.
Class revtex4-1 Info: Total table: Column(0pt), Page(0pt) on input line 1826.
Class revtex4-1 Info: Total video: Column(0pt), Page(0pt) on input line 1826.
[12]
Class revtex4-1 Info: Total text: Column(11456pt), Page(325pt) on input line 18
26.
 (./bank_effectualness_short.aux) ) 
Here is how much of TeX's memory you used:
 4753 strings out of 493308
 66158 string characters out of 6137823
 160772 words of memory out of 5000000
 8130 multiletter control sequences out of 15000+600000
 25461 words of font info for 59 fonts, out of 8000000 for 9000
 957 hyphenation exceptions out of 8191
 38i,23n,34p,1239b,496s stack positions out of 5000i,500n,10000p,200000b,80000s
{/usr/local/texlive/2013/texmf-dist/fonts/en
c/dvips/base/8r.enc}</usr/local/texlive/2013/texmf-dist/fonts/type1/public/amsf
onts/cm/cmex10.pfb></usr/local/texlive/2013/texmf-dist/fonts/type1/public/amsfo
nts/cm/cmmi10.pfb></usr/local/texlive/2013/texmf-dist/fonts/type1/public/amsfon
ts/cm/cmmi5.pfb></usr/local/texlive/2013/texmf-dist/fonts/type1/public/amsfonts
/cm/cmmi7.pfb></usr/local/texlive/2013/texmf-dist/fonts/type1/public/amsfonts/c
m/cmmi9.pfb></usr/local/texlive/2013/texmf-dist/fonts/type1/public/amsfonts/cm/
cmr10.pfb></usr/local/texlive/2013/texmf-dist/fonts/type1/public/amsfonts/cm/cm
r5.pfb></usr/local/texlive/2013/texmf-dist/fonts/type1/public/amsfonts/cm/cmr6.
pfb></usr/local/texlive/2013/texmf-dist/fonts/type1/public/amsfonts/cm/cmr7.pfb
></usr/local/texlive/2013/texmf-dist/fonts/type1/public/amsfonts/cm/cmr9.pfb></
usr/local/texlive/2013/texmf-dist/fonts/type1/public/amsfonts/cm/cmsy10.pfb></u
sr/local/texlive/2013/texmf-dist/fonts/type1/public/amsfonts/cm/cmsy5.pfb></usr
/local/texlive/2013/texmf-dist/fonts/type1/public/amsfonts/cm/cmsy6.pfb></usr/l
ocal/texlive/2013/texmf-dist/fonts/type1/public/amsfonts/cm/cmsy7.pfb></usr/loc
al/texlive/2013/texmf-dist/fonts/type1/public/amsfonts/cm/cmsy9.pfb></usr/local
/texlive/2013/texmf-dist/fonts/type1/public/mathpazo/fplmri.pfb></usr/local/tex
live/2013/texmf-dist/fonts/type1/urw/courier/ucrr8a.pfb></usr/local/texlive/201
3/texmf-dist/fonts/type1/urw/palatino/uplr8a.pfb></usr/local/texlive/2013/texmf
-dist/fonts/type1/urw/palatino/uplri8a.pfb></usr/local/texlive/2013/texmf-dist/
fonts/type1/urw/times/utmb8a.pfb></usr/local/texlive/2013/texmf-dist/fonts/type
1/urw/times/utmr8a.pfb></usr/local/texlive/2013/texmf-dist/fonts/type1/urw/time
s/utmri8a.pfb>
Output written on bank_effectualness_short.pdf (12 pages, 8068011 bytes).
PDF statistics:
 257 PDF objects out of 1000 (max. 8388607)
 192 compressed objects within 2 object streams
 0 named destinations out of 1000 (max. 500000)
 51 words of extra memory for PDF output out of 10000 (max. 10000000)

