This is pdfTeX, Version 3.1415926-2.5-1.40.14 (TeX Live 2013) (format=pdflatex 2014.4.8)  28 APR 2014 14:29
entering extended mode
 restricted \write18 enabled.
 %&-line parsing enabled.
**sfimri.tex
(./sfimri.tex
LaTeX2e <2011/06/27>
Babel <3.9k> and hyphenation patterns for 78 languages loaded.
(/usr/local/texlive/2013/texmf-dist/tex/latex/revtex/revtex4-1.cls
Document Class: revtex4-1 2010/07/25/20:33:00 4.1r (http://publish.aps.org/revt
ex4/ for documentation)
 Copyright (c) 2009 The American Physical Society.
 mailto:revtex@aps.org
 Licensed under the LPPL:
http://www.ctan.org/tex-archive/macros/latex/base/lppl.txt
 Arthur Ogawa <arthur_ogawa at sbcglobal dot net>
 Based on work by David Carlisle <david at dcarlisle.demon.co.uk>.
ltxutil[2010/07/25/20:33:00 4.1r utilities package (portions licensed from W. E
. Baxter web at superscript.com)]
LaTeX Info: Redefining \@centercr on input line 308.
Class revtex4-1 Info: Repairing broken LaTeX eqnarray on input line 358.
\eqncolsep=\skip41
Class revtex4-1 Info: Repairing hyperref-unfriendly LaTeX definition of \mpfoot
note on input line 433.
Class revtex4-1 Info: Repairing broken LateX \@sect on input line 755.
\intertabularlinepenalty=\count79
\@tbpen=\count80
\@arstrutbox@hline=\box26
Class revtex4-1 Info: Repairing broken LaTeX \@xbitor on input line 1786.
Class revtex4-1 Info: Making \typeout \long on input line 2046.
ltxfront[2010/07/25/20:33:00 4.1r frontmatter package (AO,DPC)]
\c@affil=\count81
\c@collab=\count82
\absbox=\box27
ltxgrid[2010/07/25/20:33:00 4.1r page grid package (portions licensed from W. E
. Baxter web at superscript.com)]
\c@linecount=\count83
\output@latex=\toks14
\box@size@1=\box28
\box@size@2=\box29
\@protection@box=\box30
\@topmark@saved=\toks15
\footins@saved=\box31
\footins@recovered=\box32
\column@recovered=\box33
\pagesofar=\box34
\footsofar=\box35
\pagegrid@col=\count84
Class revtex4-1 Info: Overriding \@vspace, \@vspacer, \@no@pgbk, \@newline, and
 \\  on input line 5578.
\c@part=\count85
\c@section=\count86
\c@subsection=\count87
\c@subsubsection=\count88
\c@paragraph=\count89
\c@subparagraph=\count90
\abovecaptionskip=\skip42
\belowcaptionskip=\skip43
\c@figure=\count91
\fbox@1=\box36
\c@table=\count92
\fbox@2=\box37
\c@video=\count93
\fbox@4=\box38
\@bibdataout=\write3
\widetext@top=\box39
\widetext@bot=\box40
Class revtex4-1 Info: Selecting society aps on input line 7542.
(/usr/local/texlive/2013/texmf-dist/tex/latex/revtex/aps4-1.rtx
File: aps4-1 2010/07/25/20:33:00 4.1r (http://publish.aps.org/revtex4/ for docu
mentation)
Class revtex4-1 Info: RevTeX society APS selected on input line 31.
)
Class revtex4-1 Info: Selecting journal prd on input line 7544.
Class revtex4-1 Info: APS journal PRD selected on input line 7545.


Class revtex4-1 Warning: No type size specified, using default 10.

(/usr/local/texlive/2013/texmf-dist/tex/latex/revtex/aps10pt4-1.rtx
File: aps10pt4-1 2010/07/25/20:33:00 4.1r (http://publish.aps.org/revtex4/ for 
documentation)
Class revtex4-1 Info: RevTeX pointsize 10pt selected on input line 30.
)
(/usr/local/texlive/2013/texmf-dist/tex/latex/textcase/textcase.sty
Package: textcase 2004/10/07 v0.07 Text only upper/lower case changing (DPC)
)
(/usr/local/texlive/2013/texmf-dist/tex/latex/amsfonts/amssymb.sty
Package: amssymb 2013/01/14 v3.01 AMS font symbols

(/usr/local/texlive/2013/texmf-dist/tex/latex/amsfonts/amsfonts.sty
Package: amsfonts 2013/01/14 v3.01 Basic AMSFonts support
\@emptytoks=\toks16
\symAMSa=\mathgroup4
\symAMSb=\mathgroup5
LaTeX Font Info:    Overwriting math alphabet `\mathfrak' in version `bold'
(Font)                  U/euf/m/n --> U/euf/b/n on input line 106.
))
(/usr/local/texlive/2013/texmf-dist/tex/latex/url/url.sty
\Urlmuskip=\muskip10
Package: url 2013/09/16  ver 3.4  Verb mode for urls, etc.
)
(/usr/local/texlive/2013/texmf-dist/tex/latex/natbib/natbib.sty
Package: natbib 2010/09/13 8.31b (PWD, AO)
\bibhang=\skip44
\bibsep=\skip45
LaTeX Info: Redefining \cite on input line 694.
\c@NAT@ctr=\count94
)
Class revtex4-1 Info: Repairing natbib's \BibitemShut on input line 7549.

(/usr/local/texlive/2013/texmf-dist/tex/latex/revtex/revsymb4-1.sty
Package: revsymb4-1 2010/07/25/20:33:00 4.1r (http://publish.aps.org/revtex4/ f
or documentation)
LaTeX Info: Redefining \frak on input line 95.
LaTeX Info: Redefining \Bbb on input line 111.
LaTeX Info: Redefining \REV@mathfrak on input line 119.
))
(/usr/local/texlive/2013/texmf-dist/tex/latex/graphics/graphicx.sty
Package: graphicx 1999/02/16 v1.0f Enhanced LaTeX Graphics (DPC,SPQR)

(/usr/local/texlive/2013/texmf-dist/tex/latex/graphics/keyval.sty
Package: keyval 1999/03/16 v1.13 key=value parser (DPC)
\KV@toks@=\toks17
)
(/usr/local/texlive/2013/texmf-dist/tex/latex/graphics/graphics.sty
Package: graphics 2009/02/05 v1.0o Standard LaTeX Graphics (DPC,SPQR)

(/usr/local/texlive/2013/texmf-dist/tex/latex/graphics/trig.sty
Package: trig 1999/03/16 v1.09 sin cos tan (DPC)
)
(/usr/local/texlive/2013/texmf-dist/tex/latex/latexconfig/graphics.cfg
File: graphics.cfg 2010/04/23 v1.9 graphics configuration of TeX Live
)
Package graphics Info: Driver file: pdftex.def on input line 91.

(/usr/local/texlive/2013/texmf-dist/tex/latex/pdftex-def/pdftex.def
File: pdftex.def 2011/05/27 v0.06d Graphics/color for pdfTeX

(/usr/local/texlive/2013/texmf-dist/tex/generic/oberdiek/infwarerr.sty
Package: infwarerr 2010/04/08 v1.3 Providing info/warning/error messages (HO)
)
(/usr/local/texlive/2013/texmf-dist/tex/generic/oberdiek/ltxcmds.sty
Package: ltxcmds 2011/11/09 v1.22 LaTeX kernel commands for general use (HO)
)
\Gread@gobject=\count95
))
\Gin@req@height=\dimen102
\Gin@req@width=\dimen103
)
(/usr/local/texlive/2013/texmf-dist/tex/latex/amsmath/amsmath.sty
Package: amsmath 2013/01/14 v2.14 AMS math features
\@mathmargin=\skip46

For additional information on amsmath, use the `?' option.
(/usr/local/texlive/2013/texmf-dist/tex/latex/amsmath/amstext.sty
Package: amstext 2000/06/29 v2.01

(/usr/local/texlive/2013/texmf-dist/tex/latex/amsmath/amsgen.sty
File: amsgen.sty 1999/11/30 v2.0
\@emptytoks=\toks18
\ex@=\dimen104
)
LaTeX Info: Redefining \text on input line 39.
)
(/usr/local/texlive/2013/texmf-dist/tex/latex/amsmath/amsbsy.sty
Package: amsbsy 1999/11/29 v1.2d
\pmbraise@=\dimen105
)
(/usr/local/texlive/2013/texmf-dist/tex/latex/amsmath/amsopn.sty
Package: amsopn 1999/12/14 v2.01 operator names
)
\inf@bad=\count96
LaTeX Info: Redefining \frac on input line 210.
\uproot@=\count97
\leftroot@=\count98
LaTeX Info: Redefining \overline on input line 306.
\classnum@=\count99
\DOTSCASE@=\count100
LaTeX Info: Redefining \ldots on input line 378.
LaTeX Info: Redefining \dots on input line 381.
LaTeX Info: Redefining \cdots on input line 466.
\Mathstrutbox@=\box41
\strutbox@=\box42
\big@size=\dimen106
LaTeX Font Info:    Redeclaring font encoding OML on input line 566.
LaTeX Font Info:    Redeclaring font encoding OMS on input line 567.
\macc@depth=\count101
\c@MaxMatrixCols=\count102
\dotsspace@=\muskip11
\c@parentequation=\count103
\dspbrk@lvl=\count104
\tag@help=\toks19
\row@=\count105
\column@=\count106
\maxfields@=\count107
\andhelp@=\toks20
\eqnshift@=\dimen107
\alignsep@=\dimen108
\tagshift@=\dimen109
\tagwidth@=\dimen110
\totwidth@=\dimen111
\lineht@=\dimen112
\@envbody=\toks21
\multlinegap=\skip47
\multlinetaggap=\skip48
\mathdisplay@stack=\toks22
LaTeX Info: Redefining \[ on input line 2665.
LaTeX Info: Redefining \] on input line 2666.
)
(/usr/local/texlive/2013/texmf-dist/tex/latex/subfigure/subfigure.sty
Package: subfigure 2002/03/15 v2.1.5 subfigure package
\subfigtopskip=\skip49
\subfigcapskip=\skip50
\subfigcaptopadj=\dimen113
\subfigbottomskip=\skip51
\subfigcapmargin=\dimen114
\subfiglabelskip=\skip52
\c@subfigure=\count108
\c@lofdepth=\count109
\c@subtable=\count110
\c@lotdepth=\count111

****************************************
* Local config file subfigure.cfg used *
****************************************
(/usr/local/texlive/2013/texmf-dist/tex/latex/subfigure/subfigure.cfg)
\subfig@top=\skip53
\subfig@bottom=\skip54
)
(/usr/local/texlive/2013/texmf-dist/tex/latex/psfrag/psfrag.sty
Package: psfrag 1998/04/11 v3.04 PSfrag (MCG)
\pfg@pcount=\count112
\pfg@scount=\count113
\pfg@temp=\write4
)
(/usr/local/texlive/2013/texmf-dist/tex/latex/multirow/multirow.sty
\bigstrutjot=\dimen115
)
(/usr/local/texlive/2013/texmf-dist/tex/latex/tools/xspace.sty
Package: xspace 2009/10/20 v1.13 Space after command names (DPC,MH)
)
(/usr/local/texlive/2013/texmf-dist/tex/latex/tools/bm.sty
Package: bm 2004/02/26 v1.1c Bold Symbol Support (DPC/FMi)
\symboldoperators=\mathgroup6
\symboldletters=\mathgroup7
\symboldsymbols=\mathgroup8
LaTeX Font Info:    Redeclaring math alphabet \mathbf on input line 138.
LaTeX Info: Redefining \bm on input line 204.
)
(/usr/local/texlive/2013/texmf-dist/tex/latex/booktabs/booktabs.sty
Package: booktabs 2005/04/14 v1.61803 publication quality tables
\heavyrulewidth=\dimen116
\lightrulewidth=\dimen117
\cmidrulewidth=\dimen118
\belowrulesep=\dimen119
\belowbottomsep=\dimen120
\aboverulesep=\dimen121
\abovetopsep=\dimen122
\cmidrulesep=\dimen123
\cmidrulekern=\dimen124
\defaultaddspace=\dimen125
\@cmidla=\count114
\@cmidlb=\count115
\@aboverulesep=\dimen126
\@belowrulesep=\dimen127
\@thisruleclass=\count116
\@lastruleclass=\count117
\@thisrulewidth=\dimen128
)
(/usr/local/texlive/2013/texmf-dist/tex/latex/tools/enumerate.sty
Package: enumerate 1999/03/05 v3.00 enumerate extensions (DPC)
\@enLab=\toks23
)
(/usr/local/texlive/2013/texmf-dist/tex/latex/graphics/color.sty
Package: color 2005/11/14 v1.0j Standard LaTeX Color (DPC)

(/usr/local/texlive/2013/texmf-dist/tex/latex/latexconfig/color.cfg
File: color.cfg 2007/01/18 v1.5 color configuration of teTeX/TeXLive
)
Package color Info: Driver file: pdftex.def on input line 130.
)
Class revtex4-1 Info: Patching LaTeX tabular. on input line 116.
Class revtex4-1 Info: Robustifying \LaTeX's \boldmath command on input line 116
.
Class revtex4-1 Info: cite was not loaded (OK!) on input line 116.
Class revtex4-1 Info: mcite was not loaded (OK!) on input line 116.
Class revtex4-1 Info: multicol was not loaded (OK!) on input line 116.

(./sfimri.aux)
\openout1 = `sfimri.aux'.

LaTeX Font Info:    Checking defaults for OML/cmm/m/it on input line 116.
LaTeX Font Info:    ... okay on input line 116.
LaTeX Font Info:    Checking defaults for T1/cmr/m/n on input line 116.
LaTeX Font Info:    ... okay on input line 116.
LaTeX Font Info:    Checking defaults for OT1/cmr/m/n on input line 116.
LaTeX Font Info:    ... okay on input line 116.
LaTeX Font Info:    Checking defaults for OMS/cmsy/m/n on input line 116.
LaTeX Font Info:    ... okay on input line 116.
LaTeX Font Info:    Checking defaults for OMX/cmex/m/n on input line 116.
LaTeX Font Info:    ... okay on input line 116.
LaTeX Font Info:    Checking defaults for U/cmr/m/n on input line 116.
LaTeX Font Info:    ... okay on input line 116.

(/usr/local/texlive/2013/texmf-dist/tex/context/base/supp-pdf.mkii
[Loading MPS to PDF converter (version 2006.09.02).]
\scratchcounter=\count118
\scratchdimen=\dimen129
\scratchbox=\box43
\nofMPsegments=\count119
\nofMParguments=\count120
\everyMPshowfont=\toks24
\MPscratchCnt=\count121
\MPscratchDim=\dimen130
\MPnumerator=\count122
\makeMPintoPDFobject=\count123
\everyMPtoPDFconversion=\toks25
) (/usr/local/texlive/2013/texmf-dist/tex/generic/oberdiek/pdftexcmds.sty
Package: pdftexcmds 2011/11/29 v0.20 Utility functions of pdfTeX for LuaTeX (HO
)

(/usr/local/texlive/2013/texmf-dist/tex/generic/oberdiek/ifluatex.sty
Package: ifluatex 2010/03/01 v1.3 Provides the ifluatex switch (HO)
Package ifluatex Info: LuaTeX not detected.
)
(/usr/local/texlive/2013/texmf-dist/tex/generic/oberdiek/ifpdf.sty
Package: ifpdf 2011/01/30 v2.3 Provides the ifpdf switch (HO)
Package ifpdf Info: pdfTeX in PDF mode is detected.
)
Package pdftexcmds Info: LuaTeX not detected.
Package pdftexcmds Info: \pdf@primitive is available.
Package pdftexcmds Info: \pdf@ifprimitive is available.
Package pdftexcmds Info: \pdfdraftmode found.
)
(/usr/local/texlive/2013/texmf-dist/tex/latex/oberdiek/epstopdf-base.sty
Package: epstopdf-base 2010/02/09 v2.5 Base part for package epstopdf

(/usr/local/texlive/2013/texmf-dist/tex/latex/oberdiek/grfext.sty
Package: grfext 2010/08/19 v1.1 Manage graphics extensions (HO)

(/usr/local/texlive/2013/texmf-dist/tex/generic/oberdiek/kvdefinekeys.sty
Package: kvdefinekeys 2011/04/07 v1.3 Define keys (HO)
))
(/usr/local/texlive/2013/texmf-dist/tex/latex/oberdiek/kvoptions.sty
Package: kvoptions 2011/06/30 v3.11 Key value format for package options (HO)

(/usr/local/texlive/2013/texmf-dist/tex/generic/oberdiek/kvsetkeys.sty
Package: kvsetkeys 2012/04/25 v1.16 Key value parser (HO)

(/usr/local/texlive/2013/texmf-dist/tex/generic/oberdiek/etexcmds.sty
Package: etexcmds 2011/02/16 v1.5 Avoid name clashes with e-TeX commands (HO)
Package etexcmds Info: Could not find \expanded.
(etexcmds)             That can mean that you are not using pdfTeX 1.50 or
(etexcmds)             that some package has redefined \expanded.
(etexcmds)             In the latter case, load this package earlier.
)))
Package grfext Info: Graphics extension search list:
(grfext)             [.png,.pdf,.jpg,.mps,.jpeg,.jbig2,.jb2,.PNG,.PDF,.JPG,.JPE
G,.JBIG2,.JB2,.eps]
(grfext)             \AppendGraphicsExtensions on input line 452.

(/usr/local/texlive/2013/texmf-dist/tex/latex/latexconfig/epstopdf-sys.cfg
File: epstopdf-sys.cfg 2010/07/13 v1.3 Configuration of (r)epstopdf for TeX Liv
e
))
\openout3 = `sfimriNotes.bib'.

LaTeX Font Info:    Try loading font information for U+msa on input line 137.

(/usr/local/texlive/2013/texmf-dist/tex/latex/amsfonts/umsa.fd
File: umsa.fd 2013/01/14 v3.01 AMS symbols A
)
LaTeX Font Info:    Try loading font information for U+msb on input line 137.

(/usr/local/texlive/2013/texmf-dist/tex/latex/amsfonts/umsb.fd
File: umsb.fd 2013/01/14 v3.01 AMS symbols B
) [1
Non-PDF special ignored!{/usr/local/texlive/2013/texmf-var/fonts/map/pdftex/upd
map/pdftex.map}]
Package epstopdf Info: Source file: <nc_normalized.eps>
(epstopdf)                    date: 2014-02-21 13:55:33
(epstopdf)                    size: 135280 bytes
(epstopdf)             Output file: <nc_normalized-eps-converted-to.pdf>
(epstopdf)                    date: 2014-04-28 14:28:54
(epstopdf)                    size: 40606 bytes
(epstopdf)             Command: <repstopdf --outfile=nc_normalized-eps-converte
d-to.pdf nc_normalized.eps>
(epstopdf)             \includegraphics on input line 152.
Package epstopdf Info: Output file is already uptodate.

<nc_normalized-eps-converted-to.pdf, id=15, 361.35pt x 252.945pt>
File: nc_normalized-eps-converted-to.pdf Graphic file (type pdf)

<use nc_normalized-eps-converted-to.pdf>
Package pdftex.def Info: nc_normalized-eps-converted-to.pdf used on input line 
152.
(pdftex.def)             Requested size: 255.01093pt x 178.50311pt.
 [2]
Package epstopdf Info: Source file: <m1m006_phasedifftM_T4EOB_r030tM.eps>
(epstopdf)                    date: 2014-01-28 15:57:40
(epstopdf)                    size: 77489 bytes
(epstopdf)             Output file: <m1m006_phasedifftM_T4EOB_r030tM-eps-conver
ted-to.pdf>
(epstopdf)                    date: 2014-04-28 14:28:54
(epstopdf)                    size: 19175 bytes
(epstopdf)             Command: <repstopdf --outfile=m1m006_phasedifftM_T4EOB_r
030tM-eps-converted-to.pdf m1m006_phasedifftM_T4EOB_r030tM.eps>
(epstopdf)             \includegraphics on input line 176.
Package epstopdf Info: Output file is already uptodate.

<m1m006_phasedifftM_T4EOB_r030tM-eps-converted-to.pdf, id=25, 246.9225pt x 201.
75375pt>
File: m1m006_phasedifftM_T4EOB_r030tM-eps-converted-to.pdf Graphic file (type p
df)
 <use m1m006_phasedifftM_T4EOB_r030tM-eps-converted-to.pdf>
Package pdftex.def Info: m1m006_phasedifftM_T4EOB_r030tM-eps-converted-to.pdf u
sed on input line 176.
(pdftex.def)             Requested size: 218.46799pt x 178.50311pt.
Package epstopdf Info: Source file: <m1m008_phasedifftM_T4EOB_r030_tM.eps>
(epstopdf)                    date: 2014-01-28 16:00:35
(epstopdf)                    size: 74785 bytes
(epstopdf)             Output file: <m1m008_phasedifftM_T4EOB_r030_tM-eps-conve
rted-to.pdf>
(epstopdf)                    date: 2014-04-28 14:28:55
(epstopdf)                    size: 19681 bytes
(epstopdf)             Command: <repstopdf --outfile=m1m008_phasedifftM_T4EOB_r
030_tM-eps-converted-to.pdf m1m008_phasedifftM_T4EOB_r030_tM.eps>
(epstopdf)             \includegraphics on input line 176.
Package epstopdf Info: Output file is already uptodate.

<m1m008_phasedifftM_T4EOB_r030_tM-eps-converted-to.pdf, id=27, 246.9225pt x 201
.75375pt>
File: m1m008_phasedifftM_T4EOB_r030_tM-eps-converted-to.pdf Graphic file (type 
pdf)
 <use m1m008_phasedifftM_T4EOB_r030_tM-eps-converted-to.pdf>
Package pdftex.def Info: m1m008_phasedifftM_T4EOB_r030_tM-eps-converted-to.pdf 
used on input line 176.
(pdftex.def)             Requested size: 218.46799pt x 178.50311pt.
Package epstopdf Info: Source file: <m1m010_phasedifftM_T4EOB_r030tM.eps>
(epstopdf)                    date: 2014-01-28 15:56:46
(epstopdf)                    size: 70435 bytes
(epstopdf)             Output file: <m1m010_phasedifftM_T4EOB_r030tM-eps-conver
ted-to.pdf>
(epstopdf)                    date: 2014-04-28 14:28:55
(epstopdf)                    size: 19461 bytes
(epstopdf)             Command: <repstopdf --outfile=m1m010_phasedifftM_T4EOB_r
030tM-eps-converted-to.pdf m1m010_phasedifftM_T4EOB_r030tM.eps>
(epstopdf)             \includegraphics on input line 180.
Package epstopdf Info: Output file is already uptodate.

<m1m010_phasedifftM_T4EOB_r030tM-eps-converted-to.pdf, id=29, 246.9225pt x 201.
75375pt>
File: m1m010_phasedifftM_T4EOB_r030tM-eps-converted-to.pdf Graphic file (type p
df)
 <use m1m010_phasedifftM_T4EOB_r030tM-eps-converted-to.pdf>
Package pdftex.def Info: m1m010_phasedifftM_T4EOB_r030tM-eps-converted-to.pdf u
sed on input line 180.
(pdftex.def)             Requested size: 218.46799pt x 178.50311pt.
Package epstopdf Info: Source file: <m1m015_phasedifftM_T4EOB_r030_tM.eps>
(epstopdf)                    date: 2014-01-28 15:58:19
(epstopdf)                    size: 74527 bytes
(epstopdf)             Output file: <m1m015_phasedifftM_T4EOB_r030_tM-eps-conve
rted-to.pdf>
(epstopdf)                    date: 2014-04-28 14:28:56
(epstopdf)                    size: 17603 bytes
(epstopdf)             Command: <repstopdf --outfile=m1m015_phasedifftM_T4EOB_r
030_tM-eps-converted-to.pdf m1m015_phasedifftM_T4EOB_r030_tM.eps>
(epstopdf)             \includegraphics on input line 180.
Package epstopdf Info: Output file is already uptodate.

<m1m015_phasedifftM_T4EOB_r030_tM-eps-converted-to.pdf, id=31, 246.9225pt x 201
.75375pt>
File: m1m015_phasedifftM_T4EOB_r030_tM-eps-converted-to.pdf Graphic file (type 
pdf)
 <use m1m015_phasedifftM_T4EOB_r030_tM-eps-converted-to.pdf>
Package pdftex.def Info: m1m015_phasedifftM_T4EOB_r030_tM-eps-converted-to.pdf 
used on input line 180.
(pdftex.def)             Requested size: 218.46799pt x 178.50311pt.
 [3 <./nc_normalized-eps-converted-to.pdf>] [4 <./m1m006_phasedifftM_T4EOB_r030
tM-eps-converted-to.pdf> <./m1m008_phasedifftM_T4EOB_r030_tM-eps-converted-to.p
df> <./m1m010_phasedifftM_T4EOB_r030tM-eps-converted-to.pdf> <./m1m015_phasedif
ftM_T4EOB_r030_tM-eps-converted-to.pdf>] [5]
Package epstopdf Info: Source file: <eofx.eps>
(epstopdf)                    date: 2013-06-24 13:56:20
(epstopdf)                    size: 191676 bytes
(epstopdf)             Output file: <eofx-eps-converted-to.pdf>
(epstopdf)                    date: 2014-04-28 14:28:56
(epstopdf)                    size: 20797 bytes
(epstopdf)             Command: <repstopdf --outfile=eofx-eps-converted-to.pdf 
eofx.eps>
(epstopdf)             \includegraphics on input line 297.
Package epstopdf Info: Output file is already uptodate.

<eofx-eps-converted-to.pdf, id=216, 260.975pt x 168.63pt>
File: eofx-eps-converted-to.pdf Graphic file (type pdf)

<use eofx-eps-converted-to.pdf>
Package pdftex.def Info: eofx-eps-converted-to.pdf used on input line 297.
(pdftex.def)             Requested size: 260.47261pt x 168.30093pt.
Package epstopdf Info: Source file: <lofx.eps>
(epstopdf)                    date: 2013-06-24 13:56:27
(epstopdf)                    size: 214781 bytes
(epstopdf)             Output file: <lofx-eps-converted-to.pdf>
(epstopdf)                    date: 2014-04-28 14:28:56
(epstopdf)                    size: 24386 bytes
(epstopdf)             Command: <repstopdf --outfile=lofx-eps-converted-to.pdf 
lofx.eps>
(epstopdf)             \includegraphics on input line 297.
Package epstopdf Info: Output file is already uptodate.

<lofx-eps-converted-to.pdf, id=218, 260.975pt x 175.65625pt>
File: lofx-eps-converted-to.pdf Graphic file (type pdf)

<use lofx-eps-converted-to.pdf>
Package pdftex.def Info: lofx-eps-converted-to.pdf used on input line 297.
(pdftex.def)             Requested size: 250.06725pt x 168.30093pt.
Package epstopdf Info: Source file: <dedx_for_isco.eps>
(epstopdf)                    date: 2013-06-24 13:56:53
(epstopdf)                    size: 155211 bytes
(epstopdf)             Output file: <dedx_for_isco-eps-converted-to.pdf>
(epstopdf)                    date: 2014-04-28 14:28:57
(epstopdf)                    size: 15206 bytes
(epstopdf)             Command: <repstopdf --outfile=dedx_for_isco-eps-converte
d-to.pdf dedx_for_isco.eps>
(epstopdf)             \includegraphics on input line 316.
Package epstopdf Info: Output file is already uptodate.

<dedx_for_isco-eps-converted-to.pdf, id=220, 260.975pt x 169.63374pt>
File: dedx_for_isco-eps-converted-to.pdf Graphic file (type pdf)

<use dedx_for_isco-eps-converted-to.pdf>
Package pdftex.def Info: dedx_for_isco-eps-converted-to.pdf used on input line 
316.
(pdftex.def)             Requested size: 258.9355pt x 168.30093pt.
LaTeX Font Info:    Try loading font information for OMS+cmr on input line 324.


(/usr/local/texlive/2013/texmf-dist/tex/latex/base/omscmr.fd
File: omscmr.fd 1999/05/25 v2.5h Standard LaTeX font definitions
)
LaTeX Font Info:    Font shape `OMS/cmr/m/n' in size <10> not available
(Font)              Font shape `OMS/cmsy/m/n' tried instead on input line 324.
 [6] [7 <./eofx-eps-converted-to.pdf> <./lofx-eps-converted-to.pdf> <./dedx_for
_isco-eps-converted-to.pdf>] [8]
Package epstopdf Info: Source file: <b1b2_mapb1b2m1m6no.eps>
(epstopdf)                    date: 2014-03-03 15:29:43
(epstopdf)                    size: 91584 bytes
(epstopdf)             Output file: <b1b2_mapb1b2m1m6no-eps-converted-to.pdf>
(epstopdf)                    date: 2014-04-28 14:28:57
(epstopdf)                    size: 53883 bytes
(epstopdf)             Command: <repstopdf --outfile=b1b2_mapb1b2m1m6no-eps-con
verted-to.pdf b1b2_mapb1b2m1m6no.eps>
(epstopdf)             \includegraphics on input line 388.
Package epstopdf Info: Output file is already uptodate.

<b1b2_mapb1b2m1m6no-eps-converted-to.pdf, id=263, 246.9225pt x 201.75375pt>
File: b1b2_mapb1b2m1m6no-eps-converted-to.pdf Graphic file (type pdf)

<use b1b2_mapb1b2m1m6no-eps-converted-to.pdf>
Package pdftex.def Info: b1b2_mapb1b2m1m6no-eps-converted-to.pdf used on input 
line 388.
(pdftex.def)             Requested size: 218.46799pt x 178.50311pt.
Package epstopdf Info: Source file: <b3b4_mapb3b4m1m6no.eps>
(epstopdf)                    date: 2014-03-03 15:31:44
(epstopdf)                    size: 71143 bytes
(epstopdf)             Output file: <b3b4_mapb3b4m1m6no-eps-converted-to.pdf>
(epstopdf)                    date: 2014-04-28 14:28:57
(epstopdf)                    size: 59198 bytes
(epstopdf)             Command: <repstopdf --outfile=b3b4_mapb3b4m1m6no-eps-con
verted-to.pdf b3b4_mapb3b4m1m6no.eps>
(epstopdf)             \includegraphics on input line 388.
Package epstopdf Info: Output file is already uptodate.

<b3b4_mapb3b4m1m6no-eps-converted-to.pdf, id=265, 246.9225pt x 201.75375pt>
File: b3b4_mapb3b4m1m6no-eps-converted-to.pdf Graphic file (type pdf)

<use b3b4_mapb3b4m1m6no-eps-converted-to.pdf>
Package pdftex.def Info: b3b4_mapb3b4m1m6no-eps-converted-to.pdf used on input 
line 388.
(pdftex.def)             Requested size: 218.46799pt x 178.50311pt.
Package epstopdf Info: Source file: <b1b2_mapb1b2m1m8no.eps>
(epstopdf)                    date: 2014-03-03 15:34:15
(epstopdf)                    size: 103531 bytes
(epstopdf)             Output file: <b1b2_mapb1b2m1m8no-eps-converted-to.pdf>
(epstopdf)                    date: 2014-04-28 14:28:58
(epstopdf)                    size: 58577 bytes
(epstopdf)             Command: <repstopdf --outfile=b1b2_mapb1b2m1m8no-eps-con
verted-to.pdf b1b2_mapb1b2m1m8no.eps>
(epstopdf)             \includegraphics on input line 392.
Package epstopdf Info: Output file is already uptodate.

<b1b2_mapb1b2m1m8no-eps-converted-to.pdf, id=267, 246.9225pt x 201.75375pt>
File: b1b2_mapb1b2m1m8no-eps-converted-to.pdf Graphic file (type pdf)

<use b1b2_mapb1b2m1m8no-eps-converted-to.pdf>
Package pdftex.def Info: b1b2_mapb1b2m1m8no-eps-converted-to.pdf used on input 
line 392.
(pdftex.def)             Requested size: 218.46799pt x 178.50311pt.
Package epstopdf Info: Source file: <b3b4_mapb3b4m1m8no.eps>
(epstopdf)                    date: 2014-03-03 15:36:51
(epstopdf)                    size: 1306325 bytes
(epstopdf)             Output file: <b3b4_mapb3b4m1m8no-eps-converted-to.pdf>
(epstopdf)                    date: 2014-04-28 14:28:58
(epstopdf)                    size: 61610 bytes
(epstopdf)             Command: <repstopdf --outfile=b3b4_mapb3b4m1m8no-eps-con
verted-to.pdf b3b4_mapb3b4m1m8no.eps>
(epstopdf)             \includegraphics on input line 392.
Package epstopdf Info: Output file is already uptodate.

<b3b4_mapb3b4m1m8no-eps-converted-to.pdf, id=269, 246.9225pt x 201.75375pt>
File: b3b4_mapb3b4m1m8no-eps-converted-to.pdf Graphic file (type pdf)

<use b3b4_mapb3b4m1m8no-eps-converted-to.pdf>
Package pdftex.def Info: b3b4_mapb3b4m1m8no-eps-converted-to.pdf used on input 
line 392.
(pdftex.def)             Requested size: 218.46799pt x 178.50311pt.
Package epstopdf Info: Source file: <phsiffeobsfm1m6.eps>
(epstopdf)                    date: 2014-02-12 16:01:39
(epstopdf)                    size: 25393 bytes
(epstopdf)             Output file: <phsiffeobsfm1m6-eps-converted-to.pdf>
(epstopdf)                    date: 2014-04-28 14:28:59
(epstopdf)                    size: 10287 bytes
(epstopdf)             Command: <repstopdf --outfile=phsiffeobsfm1m6-eps-conver
ted-to.pdf phsiffeobsfm1m6.eps>
(epstopdf)             \includegraphics on input line 404.
Package epstopdf Info: Output file is already uptodate.

<phsiffeobsfm1m6-eps-converted-to.pdf, id=271, 361.35pt x 252.945pt>
File: phsiffeobsfm1m6-eps-converted-to.pdf Graphic file (type pdf)

<use phsiffeobsfm1m6-eps-converted-to.pdf>
Package pdftex.def Info: phsiffeobsfm1m6-eps-converted-to.pdf used on input lin
e 404.
(pdftex.def)             Requested size: 255.01093pt x 178.50311pt.
Package epstopdf Info: Source file: <phsiffeobsfm1m8.eps>
(epstopdf)                    date: 2014-02-12 16:02:07
(epstopdf)                    size: 26438 bytes
(epstopdf)             Output file: <phsiffeobsfm1m8-eps-converted-to.pdf>
(epstopdf)                    date: 2014-04-28 14:28:59
(epstopdf)                    size: 11487 bytes
(epstopdf)             Command: <repstopdf --outfile=phsiffeobsfm1m8-eps-conver
ted-to.pdf phsiffeobsfm1m8.eps>
(epstopdf)             \includegraphics on input line 404.
Package epstopdf Info: Output file is already uptodate.

<phsiffeobsfm1m8-eps-converted-to.pdf, id=273, 361.35pt x 252.945pt>
File: phsiffeobsfm1m8-eps-converted-to.pdf Graphic file (type pdf)

<use phsiffeobsfm1m8-eps-converted-to.pdf>
Package pdftex.def Info: phsiffeobsfm1m8-eps-converted-to.pdf used on input lin
e 404.
(pdftex.def)             Requested size: 255.01093pt x 178.50311pt.
Package epstopdf Info: Source file: <phsiffeobsfm1m10.eps>
(epstopdf)                    date: 2014-02-12 16:02:24
(epstopdf)                    size: 28189 bytes
(epstopdf)             Output file: <phsiffeobsfm1m10-eps-converted-to.pdf>
(epstopdf)                    date: 2014-04-28 14:28:59
(epstopdf)                    size: 12746 bytes
(epstopdf)             Command: <repstopdf --outfile=phsiffeobsfm1m10-eps-conve
rted-to.pdf phsiffeobsfm1m10.eps>
(epstopdf)             \includegraphics on input line 408.
Package epstopdf Info: Output file is already uptodate.

<phsiffeobsfm1m10-eps-converted-to.pdf, id=275, 361.35pt x 252.945pt>
File: phsiffeobsfm1m10-eps-converted-to.pdf Graphic file (type pdf)

<use phsiffeobsfm1m10-eps-converted-to.pdf>
Package pdftex.def Info: phsiffeobsfm1m10-eps-converted-to.pdf used on input li
ne 408.
(pdftex.def)             Requested size: 255.01093pt x 178.50311pt.
Package epstopdf Info: Source file: <phsiffeobsfm1m15.eps>
(epstopdf)                    date: 2014-02-12 16:02:40
(epstopdf)                    size: 35192 bytes
(epstopdf)             Output file: <phsiffeobsfm1m15-eps-converted-to.pdf>
(epstopdf)                    date: 2014-04-28 14:29:00
(epstopdf)                    size: 15809 bytes
(epstopdf)             Command: <repstopdf --outfile=phsiffeobsfm1m15-eps-conve
rted-to.pdf phsiffeobsfm1m15.eps>
(epstopdf)             \includegraphics on input line 408.
Package epstopdf Info: Output file is already uptodate.

<phsiffeobsfm1m15-eps-converted-to.pdf, id=277, 361.35pt x 252.945pt>
File: phsiffeobsfm1m15-eps-converted-to.pdf Graphic file (type pdf)

<use phsiffeobsfm1m15-eps-converted-to.pdf>
Package pdftex.def Info: phsiffeobsfm1m15-eps-converted-to.pdf used on input li
ne 408.
(pdftex.def)             Requested size: 255.01093pt x 178.50311pt.
 [9] [10 <./b1b2_mapb1b2m1m6no-eps-converted-to.pdf> <./b3b4_mapb3b4m1m6no-eps-
converted-to.pdf> <./b1b2_mapb1b2m1m8no-eps-converted-to.pdf> <./b3b4_mapb3b4m1
m8no-eps-converted-to.pdf>] [11 <./phsiffeobsfm1m6-eps-converted-to.pdf> <./phs
iffeobsfm1m8-eps-converted-to.pdf> <./phsiffeobsfm1m10-eps-converted-to.pdf> <.
/phsiffeobsfm1m15-eps-converted-to.pdf>]
Package epstopdf Info: Source file: <effective_potential_nonpert.eps>
(epstopdf)                    date: 2014-02-21 11:56:06
(epstopdf)                    size: 327101 bytes
(epstopdf)             Output file: <effective_potential_nonpert-eps-converted-
to.pdf>
(epstopdf)                    date: 2014-04-28 14:29:00
(epstopdf)                    size: 9896 bytes
(epstopdf)             Command: <repstopdf --outfile=effective_potential_nonper
t-eps-converted-to.pdf effective_potential_nonpert.eps>
(epstopdf)             \includegraphics on input line 466.
Package epstopdf Info: Output file is already uptodate.

<effective_potential_nonpert-eps-converted-to.pdf, id=348, 260.975pt x 158.5925
pt>
File: effective_potential_nonpert-eps-converted-to.pdf Graphic file (type pdf)
 <use effective_potential_nonpert-eps-converted-to.pdf>
Package pdftex.def Info: effective_potential_nonpert-eps-converted-to.pdf used 
on input line 466.
(pdftex.def)             Requested size: 268.58426pt x 163.20374pt.
Package epstopdf Info: Source file: <effective_potential_pert.eps>
(epstopdf)                    date: 2014-02-21 11:57:54
(epstopdf)                    size: 346163 bytes
(epstopdf)             Output file: <effective_potential_pert-eps-converted-to.
pdf>
(epstopdf)                    date: 2014-04-28 14:29:00
(epstopdf)                    size: 11722 bytes
(epstopdf)             Command: <repstopdf --outfile=effective_potential_pert-e
ps-converted-to.pdf effective_potential_pert.eps>
(epstopdf)             \includegraphics on input line 466.
Package epstopdf Info: Output file is already uptodate.

<effective_potential_pert-eps-converted-to.pdf, id=350, 260.975pt x 162.6075pt>
File: effective_potential_pert-eps-converted-to.pdf Graphic file (type pdf)
<use effective_potential_pert-eps-converted-to.pdf>
Package pdftex.def Info: effective_potential_pert-eps-converted-to.pdf used on 
input line 466.
(pdftex.def)             Requested size: 261.94998pt x 163.20374pt.
Package epstopdf Info: Source file: <pot_eta_limit.eps>
(epstopdf)                    date: 2014-02-21 13:42:55
(epstopdf)                    size: 333411 bytes
(epstopdf)             Output file: <pot_eta_limit-eps-converted-to.pdf>
(epstopdf)                    date: 2014-04-28 14:29:01
(epstopdf)                    size: 9008 bytes
(epstopdf)             Command: <repstopdf --outfile=pot_eta_limit-eps-converte
d-to.pdf pot_eta_limit.eps>
(epstopdf)             \includegraphics on input line 497.
Package epstopdf Info: Output file is already uptodate.

<pot_eta_limit-eps-converted-to.pdf, id=352, 260.975pt x 165.61874pt>
File: pot_eta_limit-eps-converted-to.pdf Graphic file (type pdf)

<use pot_eta_limit-eps-converted-to.pdf>
Package pdftex.def Info: pot_eta_limit-eps-converted-to.pdf used on input line 
497.
(pdftex.def)             Requested size: 265.21535pt x 168.30093pt.
Package epstopdf Info: Source file: <mod_eff_pot.eps>
(epstopdf)                    date: 2014-02-21 13:33:50
(epstopdf)                    size: 415527 bytes
(epstopdf)             Output file: <mod_eff_pot-eps-converted-to.pdf>
(epstopdf)                    date: 2014-04-28 14:29:01
(epstopdf)                    size: 19297 bytes
(epstopdf)             Command: <repstopdf --outfile=mod_eff_pot-eps-converted-
to.pdf mod_eff_pot.eps>
(epstopdf)             \includegraphics on input line 497.
Package epstopdf Info: Output file is already uptodate.

<mod_eff_pot-eps-converted-to.pdf, id=354, 260.975pt x 168.63pt>
File: mod_eff_pot-eps-converted-to.pdf Graphic file (type pdf)

<use mod_eff_pot-eps-converted-to.pdf>
Package pdftex.def Info: mod_eff_pot-eps-converted-to.pdf used on input line 49
7.
(pdftex.def)             Requested size: 260.47261pt x 168.30093pt.
 [12 <./effective_potential_nonpert-eps-converted-to.pdf> <./effective_potentia
l_pert-eps-converted-to.pdf>]
Package epstopdf Info: Source file: <rvstm1m6.eps>
(epstopdf)                    date: 2014-02-12 16:03:27
(epstopdf)                    size: 78145 bytes
(epstopdf)             Output file: <rvstm1m6-eps-converted-to.pdf>
(epstopdf)                    date: 2014-04-28 14:29:01
(epstopdf)                    size: 17959 bytes
(epstopdf)             Command: <repstopdf --outfile=rvstm1m6-eps-converted-to.
pdf rvstm1m6.eps>
(epstopdf)             \includegraphics on input line 528.
Package epstopdf Info: Output file is already uptodate.

<rvstm1m6-eps-converted-to.pdf, id=379, 361.35pt x 252.945pt>
File: rvstm1m6-eps-converted-to.pdf Graphic file (type pdf)

<use rvstm1m6-eps-converted-to.pdf>
Package pdftex.def Info: rvstm1m6-eps-converted-to.pdf used on input line 528.
(pdftex.def)             Requested size: 262.28908pt x 183.60031pt.
Package epstopdf Info: Source file: <xvsMOmegam1m6.eps>
(epstopdf)                    date: 2014-02-12 16:04:37
(epstopdf)                    size: 22123 bytes
(epstopdf)             Output file: <xvsMOmegam1m6-eps-converted-to.pdf>
(epstopdf)                    date: 2014-04-28 14:29:02
(epstopdf)                    size: 8189 bytes
(epstopdf)             Command: <repstopdf --outfile=xvsMOmegam1m6-eps-converte
d-to.pdf xvsMOmegam1m6.eps>
(epstopdf)             \includegraphics on input line 528.
Package epstopdf Info: Output file is already uptodate.

<xvsMOmegam1m6-eps-converted-to.pdf, id=381, 361.35pt x 252.945pt>
File: xvsMOmegam1m6-eps-converted-to.pdf Graphic file (type pdf)

<use xvsMOmegam1m6-eps-converted-to.pdf>
Package pdftex.def Info: xvsMOmegam1m6-eps-converted-to.pdf used on input line 
528.
(pdftex.def)             Requested size: 262.28908pt x 183.60031pt.
Package epstopdf Info: Source file: <rvstm1m8.eps>
(epstopdf)                    date: 2014-02-12 16:03:41
(epstopdf)                    size: 79511 bytes
(epstopdf)             Output file: <rvstm1m8-eps-converted-to.pdf>
(epstopdf)                    date: 2014-04-28 14:29:02
(epstopdf)                    size: 17774 bytes
(epstopdf)             Command: <repstopdf --outfile=rvstm1m8-eps-converted-to.
pdf rvstm1m8.eps>
(epstopdf)             \includegraphics on input line 532.
Package epstopdf Info: Output file is already uptodate.

<rvstm1m8-eps-converted-to.pdf, id=383, 361.35pt x 252.945pt>
File: rvstm1m8-eps-converted-to.pdf Graphic file (type pdf)

<use rvstm1m8-eps-converted-to.pdf>
Package pdftex.def Info: rvstm1m8-eps-converted-to.pdf used on input line 532.
(pdftex.def)             Requested size: 262.28908pt x 183.60031pt.
Package epstopdf Info: Source file: <xvsMOmegam1m8.eps>
(epstopdf)                    date: 2014-02-12 16:04:46
(epstopdf)                    size: 22197 bytes
(epstopdf)             Output file: <xvsMOmegam1m8-eps-converted-to.pdf>
(epstopdf)                    date: 2014-04-28 14:29:02
(epstopdf)                    size: 8218 bytes
(epstopdf)             Command: <repstopdf --outfile=xvsMOmegam1m8-eps-converte
d-to.pdf xvsMOmegam1m8.eps>
(epstopdf)             \includegraphics on input line 532.
Package epstopdf Info: Output file is already uptodate.

<xvsMOmegam1m8-eps-converted-to.pdf, id=385, 361.35pt x 252.945pt>
File: xvsMOmegam1m8-eps-converted-to.pdf Graphic file (type pdf)

<use xvsMOmegam1m8-eps-converted-to.pdf>
Package pdftex.def Info: xvsMOmegam1m8-eps-converted-to.pdf used on input line 
532.
(pdftex.def)             Requested size: 262.28908pt x 183.60031pt.
Package epstopdf Info: Source file: <rvstm1m10.eps>
(epstopdf)                    date: 2014-02-12 16:03:51
(epstopdf)                    size: 79913 bytes
(epstopdf)             Output file: <rvstm1m10-eps-converted-to.pdf>
(epstopdf)                    date: 2014-04-28 14:29:03
(epstopdf)                    size: 17558 bytes
(epstopdf)             Command: <repstopdf --outfile=rvstm1m10-eps-converted-to
.pdf rvstm1m10.eps>
(epstopdf)             \includegraphics on input line 541.
Package epstopdf Info: Output file is already uptodate.

<rvstm1m10-eps-converted-to.pdf, id=387, 361.35pt x 252.945pt>
File: rvstm1m10-eps-converted-to.pdf Graphic file (type pdf)

<use rvstm1m10-eps-converted-to.pdf>
Package pdftex.def Info: rvstm1m10-eps-converted-to.pdf used on input line 541.

(pdftex.def)             Requested size: 262.28908pt x 183.60031pt.
Package epstopdf Info: Source file: <xvsMOmegam1m10.eps>
(epstopdf)                    date: 2014-02-12 16:04:54
(epstopdf)                    size: 22582 bytes
(epstopdf)             Output file: <xvsMOmegam1m10-eps-converted-to.pdf>
(epstopdf)                    date: 2014-04-28 14:29:03
(epstopdf)                    size: 8707 bytes
(epstopdf)             Command: <repstopdf --outfile=xvsMOmegam1m10-eps-convert
ed-to.pdf xvsMOmegam1m10.eps>
(epstopdf)             \includegraphics on input line 541.
Package epstopdf Info: Output file is already uptodate.

<xvsMOmegam1m10-eps-converted-to.pdf, id=389, 361.35pt x 252.945pt>
File: xvsMOmegam1m10-eps-converted-to.pdf Graphic file (type pdf)

<use xvsMOmegam1m10-eps-converted-to.pdf>
Package pdftex.def Info: xvsMOmegam1m10-eps-converted-to.pdf used on input line
 541.
(pdftex.def)             Requested size: 262.28908pt x 183.60031pt.
Package epstopdf Info: Source file: <rvstm1m15.eps>
(epstopdf)                    date: 2014-02-12 16:03:59
(epstopdf)                    size: 81173 bytes
(epstopdf)             Output file: <rvstm1m15-eps-converted-to.pdf>
(epstopdf)                    date: 2014-04-28 14:29:03
(epstopdf)                    size: 17313 bytes
(epstopdf)             Command: <repstopdf --outfile=rvstm1m15-eps-converted-to
.pdf rvstm1m15.eps>
(epstopdf)             \includegraphics on input line 545.
Package epstopdf Info: Output file is already uptodate.

<rvstm1m15-eps-converted-to.pdf, id=391, 361.35pt x 252.945pt>
File: rvstm1m15-eps-converted-to.pdf Graphic file (type pdf)

<use rvstm1m15-eps-converted-to.pdf>
Package pdftex.def Info: rvstm1m15-eps-converted-to.pdf used on input line 545.

(pdftex.def)             Requested size: 262.28908pt x 183.60031pt.
Package epstopdf Info: Source file: <xvsMOmegam1m15.eps>
(epstopdf)                    date: 2014-02-12 16:05:03
(epstopdf)                    size: 23282 bytes
(epstopdf)             Output file: <xvsMOmegam1m15-eps-converted-to.pdf>
(epstopdf)                    date: 2014-04-28 14:29:04
(epstopdf)                    size: 8965 bytes
(epstopdf)             Command: <repstopdf --outfile=xvsMOmegam1m15-eps-convert
ed-to.pdf xvsMOmegam1m15.eps>
(epstopdf)             \includegraphics on input line 545.
Package epstopdf Info: Output file is already uptodate.

<xvsMOmegam1m15-eps-converted-to.pdf, id=393, 361.35pt x 252.945pt>
File: xvsMOmegam1m15-eps-converted-to.pdf Graphic file (type pdf)

<use xvsMOmegam1m15-eps-converted-to.pdf>
Package pdftex.def Info: xvsMOmegam1m15-eps-converted-to.pdf used on input line
 545.
(pdftex.def)             Requested size: 262.28908pt x 183.60031pt.
 [13 <./pot_eta_limit-eps-converted-to.pdf> <./mod_eff_pot-eps-converted-to.pdf
>] [14 <./rvstm1m6-eps-converted-to.pdf> <./xvsMOmegam1m6-eps-converted-to.pdf>
 <./rvstm1m8-eps-converted-to.pdf> <./xvsMOmegam1m8-eps-converted-to.pdf>] [15 
<./rvstm1m10-eps-converted-to.pdf> <./xvsMOmegam1m10-eps-converted-to.pdf> <./r
vstm1m15-eps-converted-to.pdf> <./xvsMOmegam1m15-eps-converted-to.pdf>]
Package epstopdf Info: Source file: <wavem1m6complete.eps>
(epstopdf)                    date: 2014-02-12 16:08:53
(epstopdf)                    size: 32272 bytes
(epstopdf)             Output file: <wavem1m6complete-eps-converted-to.pdf>
(epstopdf)                    date: 2014-04-28 14:29:04
(epstopdf)                    size: 13550 bytes
(epstopdf)             Command: <repstopdf --outfile=wavem1m6complete-eps-conve
rted-to.pdf wavem1m6complete.eps>
(epstopdf)             \includegraphics on input line 602.
Package epstopdf Info: Output file is already uptodate.

<wavem1m6complete-eps-converted-to.pdf, id=491, 361.35pt x 252.945pt>
File: wavem1m6complete-eps-converted-to.pdf Graphic file (type pdf)

<use wavem1m6complete-eps-converted-to.pdf>
Package pdftex.def Info: wavem1m6complete-eps-converted-to.pdf used on input li
ne 602.
(pdftex.def)             Requested size: 255.01093pt x 178.50311pt.
Package epstopdf Info: Source file: <wavem1m8complete.eps>
(epstopdf)                    date: 2014-02-12 16:08:37
(epstopdf)                    size: 34720 bytes
(epstopdf)             Output file: <wavem1m8complete-eps-converted-to.pdf>
(epstopdf)                    date: 2014-04-28 14:29:04
(epstopdf)                    size: 15177 bytes
(epstopdf)             Command: <repstopdf --outfile=wavem1m8complete-eps-conve
rted-to.pdf wavem1m8complete.eps>
(epstopdf)             \includegraphics on input line 602.
Package epstopdf Info: Output file is already uptodate.

<wavem1m8complete-eps-converted-to.pdf, id=493, 361.35pt x 252.945pt>
File: wavem1m8complete-eps-converted-to.pdf Graphic file (type pdf)

<use wavem1m8complete-eps-converted-to.pdf>
Package pdftex.def Info: wavem1m8complete-eps-converted-to.pdf used on input li
ne 602.
(pdftex.def)             Requested size: 255.01093pt x 178.50311pt.
Package epstopdf Info: Source file: <wavem1m10complete.eps>
(epstopdf)                    date: 2014-02-12 16:08:20
(epstopdf)                    size: 38058 bytes
(epstopdf)             Output file: <wavem1m10complete-eps-converted-to.pdf>
(epstopdf)                    date: 2014-04-28 14:29:05
(epstopdf)                    size: 17913 bytes
(epstopdf)             Command: <repstopdf --outfile=wavem1m10complete-eps-conv
erted-to.pdf wavem1m10complete.eps>
(epstopdf)             \includegraphics on input line 606.
Package epstopdf Info: Output file is already uptodate.

<wavem1m10complete-eps-converted-to.pdf, id=495, 361.35pt x 252.945pt>
File: wavem1m10complete-eps-converted-to.pdf Graphic file (type pdf)

<use wavem1m10complete-eps-converted-to.pdf>
Package pdftex.def Info: wavem1m10complete-eps-converted-to.pdf used on input l
ine 606.
(pdftex.def)             Requested size: 255.01093pt x 178.50311pt.
Package epstopdf Info: Source file: <wavem1m15complete.eps>
(epstopdf)                    date: 2014-02-12 16:07:51
(epstopdf)                    size: 47527 bytes
(epstopdf)             Output file: <wavem1m15complete-eps-converted-to.pdf>
(epstopdf)                    date: 2014-04-28 14:29:05
(epstopdf)                    size: 23089 bytes
(epstopdf)             Command: <repstopdf --outfile=wavem1m15complete-eps-conv
erted-to.pdf wavem1m15complete.eps>
(epstopdf)             \includegraphics on input line 606.
Package epstopdf Info: Output file is already uptodate.

<wavem1m15complete-eps-converted-to.pdf, id=497, 361.35pt x 252.945pt>
File: wavem1m15complete-eps-converted-to.pdf Graphic file (type pdf)

<use wavem1m15complete-eps-converted-to.pdf>
Package pdftex.def Info: wavem1m15complete-eps-converted-to.pdf used on input l
ine 606.
(pdftex.def)             Requested size: 255.01093pt x 178.50311pt.
Package epstopdf Info: Source file: <QNMvsIRSm1m6.eps>
(epstopdf)                    date: 2014-02-12 16:09:21
(epstopdf)                    size: 34125 bytes
(epstopdf)             Output file: <QNMvsIRSm1m6-eps-converted-to.pdf>
(epstopdf)                    date: 2014-04-28 14:29:05
(epstopdf)                    size: 11869 bytes
(epstopdf)             Command: <repstopdf --outfile=QNMvsIRSm1m6-eps-converted
-to.pdf QNMvsIRSm1m6.eps>
(epstopdf)             \includegraphics on input line 635.
Package epstopdf Info: Output file is already uptodate.

<QNMvsIRSm1m6-eps-converted-to.pdf, id=499, 361.35pt x 252.945pt>
File: QNMvsIRSm1m6-eps-converted-to.pdf Graphic file (type pdf)

<use QNMvsIRSm1m6-eps-converted-to.pdf>
Package pdftex.def Info: QNMvsIRSm1m6-eps-converted-to.pdf used on input line 6
35.
(pdftex.def)             Requested size: 255.01093pt x 178.50311pt.
Package epstopdf Info: Source file: <QNMvsIRSm1m8.eps>
(epstopdf)                    date: 2014-02-12 16:09:40
(epstopdf)                    size: 38780 bytes
(epstopdf)             Output file: <QNMvsIRSm1m8-eps-converted-to.pdf>
(epstopdf)                    date: 2014-04-28 14:29:06
(epstopdf)                    size: 13360 bytes
(epstopdf)             Command: <repstopdf --outfile=QNMvsIRSm1m8-eps-converted
-to.pdf QNMvsIRSm1m8.eps>
(epstopdf)             \includegraphics on input line 635.
Package epstopdf Info: Output file is already uptodate.

<QNMvsIRSm1m8-eps-converted-to.pdf, id=501, 361.35pt x 252.945pt>
File: QNMvsIRSm1m8-eps-converted-to.pdf Graphic file (type pdf)

<use QNMvsIRSm1m8-eps-converted-to.pdf>
Package pdftex.def Info: QNMvsIRSm1m8-eps-converted-to.pdf used on input line 6
35.
(pdftex.def)             Requested size: 255.01093pt x 178.50311pt.
Package epstopdf Info: Source file: <QNMvsIRSm1m10.eps>
(epstopdf)                    date: 2014-02-12 16:09:57
(epstopdf)                    size: 41942 bytes
(epstopdf)             Output file: <QNMvsIRSm1m10-eps-converted-to.pdf>
(epstopdf)                    date: 2014-04-28 14:29:06
(epstopdf)                    size: 15384 bytes
(epstopdf)             Command: <repstopdf --outfile=QNMvsIRSm1m10-eps-converte
d-to.pdf QNMvsIRSm1m10.eps>
(epstopdf)             \includegraphics on input line 639.
Package epstopdf Info: Output file is already uptodate.

<QNMvsIRSm1m10-eps-converted-to.pdf, id=503, 361.35pt x 252.945pt>
File: QNMvsIRSm1m10-eps-converted-to.pdf Graphic file (type pdf)

<use QNMvsIRSm1m10-eps-converted-to.pdf>
Package pdftex.def Info: QNMvsIRSm1m10-eps-converted-to.pdf used on input line 
639.
(pdftex.def)             Requested size: 255.01093pt x 178.50311pt.
Package epstopdf Info: Source file: <QNMvsIRSm1m15.eps>
(epstopdf)                    date: 2014-02-12 16:10:13
(epstopdf)                    size: 53128 bytes
(epstopdf)             Output file: <QNMvsIRSm1m15-eps-converted-to.pdf>
(epstopdf)                    date: 2014-04-28 14:29:06
(epstopdf)                    size: 18865 bytes
(epstopdf)             Command: <repstopdf --outfile=QNMvsIRSm1m15-eps-converte
d-to.pdf QNMvsIRSm1m15.eps>
(epstopdf)             \includegraphics on input line 639.
Package epstopdf Info: Output file is already uptodate.

<QNMvsIRSm1m15-eps-converted-to.pdf, id=505, 361.35pt x 252.945pt>
File: QNMvsIRSm1m15-eps-converted-to.pdf Graphic file (type pdf)

<use QNMvsIRSm1m15-eps-converted-to.pdf>
Package pdftex.def Info: QNMvsIRSm1m15-eps-converted-to.pdf used on input line 
639.
(pdftex.def)             Requested size: 255.01093pt x 178.50311pt.
 [16] [17 <./wavem1m6complete-eps-converted-to.pdf> <./wavem1m8complete-eps-con
verted-to.pdf> <./wavem1m10complete-eps-converted-to.pdf> <./wavem1m15complete-
eps-converted-to.pdf>] [18 <./QNMvsIRSm1m6-eps-converted-to.pdf> <./QNMvsIRSm1m
8-eps-converted-to.pdf> <./QNMvsIRSm1m10-eps-converted-to.pdf> <./QNMvsIRSm1m15
-eps-converted-to.pdf>] [19]
(./sfimri.bbl [20] [21]) [22] (./sfimri.aux) ) 
Here is how much of TeX's memory you used:
 5633 strings out of 493308
 79938 string characters out of 6137823
 167747 words of memory out of 5000000
 8948 multiletter control sequences out of 15000+600000
 16974 words of font info for 63 fonts, out of 8000000 for 9000
 957 hyphenation exceptions out of 8191
 38i,11n,31p,3065b,514s stack positions out of 5000i,500n,10000p,200000b,80000s
</usr/local/texlive/2013/texmf-di
st/fonts/type1/public/amsfonts/cm/cmbx10.pfb></usr/local/texlive/2013/texmf-dis
t/fonts/type1/public/amsfonts/cm/cmbx12.pfb></usr/local/texlive/2013/texmf-dist
/fonts/type1/public/amsfonts/cm/cmbx9.pfb></usr/local/texlive/2013/texmf-dist/f
onts/type1/public/amsfonts/cm/cmex10.pfb></usr/local/texlive/2013/texmf-dist/fo
nts/type1/public/amsfonts/cmextra/cmex9.pfb></usr/local/texlive/2013/texmf-dist
/fonts/type1/public/amsfonts/cm/cmmi10.pfb></usr/local/texlive/2013/texmf-dist/
fonts/type1/public/amsfonts/cm/cmmi5.pfb></usr/local/texlive/2013/texmf-dist/fo
nts/type1/public/amsfonts/cm/cmmi6.pfb></usr/local/texlive/2013/texmf-dist/font
s/type1/public/amsfonts/cm/cmmi7.pfb></usr/local/texlive/2013/texmf-dist/fonts/
type1/public/amsfonts/cm/cmmi9.pfb></usr/local/texlive/2013/texmf-dist/fonts/ty
pe1/public/amsfonts/cm/cmr10.pfb></usr/local/texlive/2013/texmf-dist/fonts/type
1/public/amsfonts/cm/cmr5.pfb></usr/local/texlive/2013/texmf-dist/fonts/type1/p
ublic/amsfonts/cm/cmr6.pfb></usr/local/texlive/2013/texmf-dist/fonts/type1/publ
ic/amsfonts/cm/cmr7.pfb></usr/local/texlive/2013/texmf-dist/fonts/type1/public/
amsfonts/cm/cmr8.pfb></usr/local/texlive/2013/texmf-dist/fonts/type1/public/ams
fonts/cm/cmr9.pfb></usr/local/texlive/2013/texmf-dist/fonts/type1/public/amsfon
ts/cm/cmsy10.pfb></usr/local/texlive/2013/texmf-dist/fonts/type1/public/amsfont
s/cm/cmsy6.pfb></usr/local/texlive/2013/texmf-dist/fonts/type1/public/amsfonts/
cm/cmsy7.pfb></usr/local/texlive/2013/texmf-dist/fonts/type1/public/amsfonts/cm
/cmsy9.pfb></usr/local/texlive/2013/texmf-dist/fonts/type1/public/amsfonts/cm/c
mti10.pfb></usr/local/texlive/2013/texmf-dist/fonts/type1/public/amsfonts/cm/cm
ti9.pfb></usr/local/texlive/2013/texmf-dist/fonts/type1/public/amsfonts/cm/cmtt
9.pfb></usr/local/texlive/2013/texmf-dist/fonts/type1/public/amsfonts/symbols/m
sbm10.pfb></usr/local/texlive/2013/texmf-dist/fonts/type1/public/amsfonts/symbo
ls/msbm7.pfb>
Output written on sfimri.pdf (22 pages, 1019074 bytes).
PDF statistics:
 660 PDF objects out of 1000 (max. 8388607)
 334 compressed objects within 4 object streams
 0 named destinations out of 1000 (max. 500000)
 397 words of extra memory for PDF output out of 10000 (max. 10000000)

