\BOOKMARK [0][]{chapter*.4}{List of Tables}{}% 1
\BOOKMARK [0][]{chapter*.5}{List of Figures}{}% 2
\BOOKMARK [0][]{chapter*.6}{Preface}{}% 3
\BOOKMARK [0][]{chapter.1}{1 Introduction}{}% 4
\BOOKMARK [1][]{section.1.1}{1.1 The Advanced LIGO Interferometers}{chapter.1}% 5
\BOOKMARK [1][]{section.1.2}{1.2 Searching for Compact Binary Coalescences}{chapter.1}% 6
\BOOKMARK [0][]{chapter.2}{2 Instrumental Detector Characterization}{}% 7
\BOOKMARK [1][]{section.2.1}{2.1 Tools and algorithms}{chapter.2}% 8
\BOOKMARK [2][]{subsection.2.1.1}{2.1.1 Omicron}{section.2.1}% 9
\BOOKMARK [2][]{subsection.2.1.2}{2.1.2 Hveto}{section.2.1}% 10
\BOOKMARK [1][]{section.2.2}{2.2 Analog-to-Digital Conversion}{chapter.2}% 11
\BOOKMARK [1][]{section.2.3}{2.3 Motivation}{chapter.2}% 12
\BOOKMARK [1][]{section.2.4}{2.4 Suspension DAC calibration glitches}{chapter.2}% 13
\BOOKMARK [1][]{section.2.5}{2.5 RF beatnote whistles}{chapter.2}% 14
\BOOKMARK [1][]{section.2.6}{2.6 Seismic CPS comb}{chapter.2}% 15
\BOOKMARK [1][]{section.2.7}{2.7 DC values of auxiliary channels}{chapter.2}% 16
\BOOKMARK [1][]{section.2.8}{2.8 Earthquakes during full lock}{chapter.2}% 17
\BOOKMARK [1][]{section.2.9}{2.9 LLO PMC glitches}{chapter.2}% 18
\BOOKMARK [1][]{section.2.10}{2.10 Data quality shifts}{chapter.2}% 19
\BOOKMARK [0][]{chapter.3}{3 IMC Upconversion}{}% 20
\BOOKMARK [1][]{section.3.1}{3.1 Abstract}{chapter.3}% 21
\BOOKMARK [1][]{section.3.2}{3.2 Model}{chapter.3}% 22
\BOOKMARK [1][]{section.3.3}{3.3 Upconversion noise in aLIGO}{chapter.3}% 23
\BOOKMARK [1][]{section.3.4}{3.4 Next steps}{chapter.3}% 24
\BOOKMARK [1][]{section.3.5}{3.5 Conclusions}{chapter.3}% 25
\BOOKMARK [0][]{chapter.4}{4 Detector Characterization Subsystem Lead}{}% 26
\BOOKMARK [1][]{section.4.1}{4.1 Length Sensing and Control}{chapter.4}% 27
\BOOKMARK [2][]{subsection.4.1.1}{4.1.1 Lock conditions}{section.4.1}% 28
\BOOKMARK [2][]{subsection.4.1.2}{4.1.2 MEDM screens}{section.4.1}% 29
\BOOKMARK [2][]{subsection.4.1.3}{4.1.3 Summary pages}{section.4.1}% 30
\BOOKMARK [1][]{section.4.2}{4.2 Alignment Sensing and Control}{chapter.4}% 31
\BOOKMARK [2][]{subsection.4.2.1}{4.2.1 Lock conditions}{section.4.2}% 32
\BOOKMARK [2][]{subsection.4.2.2}{4.2.2 MEDM screens}{section.4.2}% 33
\BOOKMARK [2][]{subsection.4.2.3}{4.2.3 Summary pages}{section.4.2}% 34
\BOOKMARK [1][]{section.4.3}{4.3 Results}{chapter.4}% 35
\BOOKMARK [2][]{subsection.4.3.1}{4.3.1 MICH ODC as a proxy for RF45}{section.4.3}% 36
\BOOKMARK [2][]{subsection.4.3.2}{4.3.2 Using alignment flags as a pre-lockloss flag}{section.4.3}% 37
\BOOKMARK [0][]{chapter*.7}{Bibliography }{}% 38
