This is pdfTeXk, Version 3.141592-1.40.3 (Web2C 7.5.6) (format=pdflatex 2013.8.14)  29 OCT 2013 10:38
entering extended mode
 %&-line parsing enabled.
**paperv2.tex
(./paperv2.tex
LaTeX2e <2005/12/01>
Babel <v3.8h> and hyphenation patterns for english, usenglishmax, dumylang, noh
yphenation, arabic, basque, bulgarian, coptic, welsh, czech, slovak, german, ng
erman, danish, esperanto, spanish, catalan, galician, estonian, farsi, finnish,
 french, greek, monogreek, ancientgreek, croatian, hungarian, interlingua, ibyc
us, indonesian, icelandic, italian, latin, mongolian, dutch, norsk, polish, por
tuguese, pinyin, romanian, russian, slovenian, uppersorbian, serbian, swedish, 
turkish, ukenglish, ukrainian, loaded.
(./revtex4-1.cls
Document Class: revtex4-1 2010/07/25/20:33:00 4.1r (http://publish.aps.org/revt
ex4/ for documentation)
 Copyright (c) 2009 The American Physical Society.
 mailto:revtex@aps.org
 Licensed under the LPPL:
http://www.ctan.org/tex-archive/macros/latex/base/lppl.txt
 Arthur Ogawa <arthur_ogawa at sbcglobal dot net>
 Based on work by David Carlisle <david at dcarlisle.demon.co.uk>.
ltxutil[2010/07/25/20:33:00 4.1r utilities package (portions licensed from W. E
. Baxter web at superscript.com)]
LaTeX Info: Redefining \@centercr on input line 308.
Class revtex4-1 Info: Repairing broken LaTeX eqnarray on input line 358.
\eqncolsep=\skip41
Class revtex4-1 Info: Repairing hyperref-unfriendly LaTeX definition of \mpfoot
note on input line 433.
Class revtex4-1 Info: Repairing broken LateX \@sect on input line 755.
\intertabularlinepenalty=\count79
\@tbpen=\count80
\@arstrutbox@hline=\box26
Class revtex4-1 Info: Repairing broken LaTeX \@xbitor on input line 1786.
Class revtex4-1 Info: Making \typeout \long on input line 2046.
ltxfront[2010/07/25/20:33:00 4.1r frontmatter package (AO,DPC)]
\c@affil=\count81
\c@collab=\count82
\absbox=\box27
ltxgrid[2010/07/25/20:33:00 4.1r page grid package (portions licensed from W. E
. Baxter web at superscript.com)]
\c@linecount=\count83
\output@latex=\toks14
\box@size@1=\box28
\box@size@2=\box29
\@protection@box=\box30
\@topmark@saved=\toks15
\footins@saved=\box31
\footins@recovered=\box32
\column@recovered=\box33
\pagesofar=\box34
\footsofar=\box35
\pagegrid@col=\count84
Class revtex4-1 Info: Overriding \@vspace, \@vspacer, \@no@pgbk, \@newline, and
 \\  on input line 5578.
\c@part=\count85
\c@section=\count86
\c@subsection=\count87
\c@subsubsection=\count88
\c@paragraph=\count89
\c@subparagraph=\count90
\abovecaptionskip=\skip42
\belowcaptionskip=\skip43
\c@figure=\count91
\fbox@1=\box36
\c@table=\count92
\fbox@2=\box37
\c@video=\count93
\fbox@4=\box38
\@bibdataout=\write3
\widetext@top=\box39
\widetext@bot=\box40
Class revtex4-1 Info: Selecting society aps on input line 7542.
(./aps4-1.rtx
File: aps4-1 2010/07/25/20:33:00 4.1r (http://publish.aps.org/revtex4/ for docu
mentation)
Class revtex4-1 Info: RevTeX society APS selected on input line 31.
)
Class revtex4-1 Info: Selecting journal prd on input line 7544.
Class revtex4-1 Info: APS journal PRD selected on input line 7545.
 (./aps10pt4-1.rtx
File: aps10pt4-1 2010/07/25/20:33:00 4.1r (http://publish.aps.org/revtex4/ for 
documentation)
Class revtex4-1 Info: RevTeX pointsize 10pt selected on input line 30.
)
(/usr/share/texmf/tex/latex/textcase/textcase.sty
Package: textcase 2004/10/07 v0.07 Text only upper/lower case changing (DPC)
)
(/usr/share/texmf/tex/latex/ltxmisc/url.sty
\Urlmuskip=\muskip10
Package: url 2005/06/27  ver 3.2  Verb mode for urls, etc.
) (./natbib.sty
Package: natbib 2009/11/07 8.31a (PWD, AO)


          This is natbib version 8.31 
 *************************************************************
    !!WARNING!!    !!WARNING!!    !!WARNING!!    !!WARNING!!   

   This version (v8.31) of natbib is stricter in its formatting
   requirements for bibitem entries than the previous version
   used at arXiv (v7.1).

   If your submission encounters a problem see

     http://arXiv.org/help/faq/texlive

   and the natbib documentation at 

     http://www.ctan.org/tex-archive/macros/latex/contrib/natbib/

   for explanation and adjust your submission accordingly.
                                            The arXiv team.
 *************************************************************

\bibhang=\skip44
\bibsep=\skip45
LaTeX Info: Redefining \cite on input line 716.
\c@NAT@ctr=\count94
)
Class revtex4-1 Info: Repairing natbib's \BibitemShut on input line 7549.
 (./revsymb4-1.sty
Package: revsymb4-1 2010/07/25/20:33:00 4.1r (http://publish.aps.org/revtex4/ f
or documentation)
LaTeX Info: Redefining \REV@mathfrak on input line 119.
)) (/usr/share/texmf/tex/latex/graphics/graphicx.sty
Package: graphicx 1999/02/16 v1.0f Enhanced LaTeX Graphics (DPC,SPQR)

(/usr/share/texmf/tex/latex/graphics/keyval.sty
Package: keyval 1999/03/16 v1.13 key=value parser (DPC)
\KV@toks@=\toks16
)
(/usr/share/texmf/tex/latex/graphics/graphics.sty
Package: graphics 2006/02/20 v1.0o Standard LaTeX Graphics (DPC,SPQR)

(/usr/share/texmf/tex/latex/graphics/trig.sty
Package: trig 1999/03/16 v1.09 sin cos tan (DPC)
)
(/usr/share/texmf/tex/latex/config/graphics.cfg
File: graphics.cfg 2007/01/18 v1.5 graphics configuration of teTeX/TeXLive
)
Package graphics Info: Driver file: pdftex.def on input line 90.

(/usr/share/texmf/tex/latex/pdftex-def/pdftex.def
File: pdftex.def 2007/01/08 v0.04d Graphics/color for pdfTeX
\Gread@gobject=\count95
))
\Gin@req@height=\dimen102
\Gin@req@width=\dimen103
)
(/usr/share/texmf/tex/latex/lipsum/lipsum.sty
Package: lipsum 2005/01/26 v1.0 150 paragraphs of Lorem Ipsum dummy text
File: lipsum.dtx 2005/01/26 v1.0 150 paragraphs of Lorem Ipsum dummy text
\c@lips@count=\count96
)
(/usr/share/texmf/tex/latex/placeins/placeins.sty
Package: placeins 2005/04/18  v 2.2
)
(/usr/share/texmf/tex/latex/tools/dcolumn.sty
Package: dcolumn 2001/05/28 v1.06 decimal alignment package (DPC)

(/usr/share/texmf/tex/latex/tools/array.sty
Package: array 2005/08/23 v2.4b Tabular extension package (FMi)
\col@sep=\dimen104
\extrarowheight=\dimen105
\NC@list=\toks17
\extratabsurround=\skip46
\backup@length=\skip47
))
(/usr/share/texmf/tex/latex/multirow/multirow.sty
\bigstrutjot=\dimen106
)
(/usr/share/texmf/tex/latex/amsmath/amsmath.sty
Package: amsmath 2000/07/18 v2.13 AMS math features
\@mathmargin=\skip48

For additional information on amsmath, use the `?' option.
(/usr/share/texmf/tex/latex/amsmath/amstext.sty
Package: amstext 2000/06/29 v2.01

(/usr/share/texmf/tex/latex/amsmath/amsgen.sty
File: amsgen.sty 1999/11/30 v2.0
\@emptytoks=\toks18
\ex@=\dimen107
)
LaTeX Info: Redefining \text on input line 53.
)
(/usr/share/texmf/tex/latex/amsmath/amsbsy.sty
Package: amsbsy 1999/11/29 v1.2d
\pmbraise@=\dimen108
)
(/usr/share/texmf/tex/latex/amsmath/amsopn.sty
Package: amsopn 1999/12/14 v2.01 operator names
)
\inf@bad=\count97
LaTeX Info: Redefining \frac on input line 211.
\uproot@=\count98
\leftroot@=\count99
LaTeX Info: Redefining \overline on input line 307.
\classnum@=\count100
\DOTSCASE@=\count101
LaTeX Info: Redefining \ldots on input line 379.
LaTeX Info: Redefining \dots on input line 382.
LaTeX Info: Redefining \cdots on input line 467.
\Mathstrutbox@=\box41
\strutbox@=\box42
\big@size=\dimen109
LaTeX Font Info:    Redeclaring font encoding OML on input line 567.
LaTeX Font Info:    Redeclaring font encoding OMS on input line 568.
\macc@depth=\count102
\c@MaxMatrixCols=\count103
\dotsspace@=\muskip11
\c@parentequation=\count104
\dspbrk@lvl=\count105
\tag@help=\toks19
\row@=\count106
\column@=\count107
\maxfields@=\count108
\andhelp@=\toks20
\eqnshift@=\dimen110
\alignsep@=\dimen111
\tagshift@=\dimen112
\tagwidth@=\dimen113
\totwidth@=\dimen114
\lineht@=\dimen115
\@envbody=\toks21
\multlinegap=\skip49
\multlinetaggap=\skip50
\mathdisplay@stack=\toks22
LaTeX Info: Redefining \[ on input line 2666.
LaTeX Info: Redefining \] on input line 2667.
)
(/usr/share/texmf/tex/latex/amscls/amsthm.sty
Package: amsthm 2004/08/06 v2.20
\thm@style=\toks23
\thm@bodyfont=\toks24
\thm@headfont=\toks25
\thm@notefont=\toks26
\thm@headpunct=\toks27
\thm@preskip=\skip51
\thm@postskip=\skip52
\thm@headsep=\skip53
\dth@everypar=\toks28
)
(/usr/share/texmf/tex/latex/amsfonts/amsfonts.sty
Package: amsfonts 2001/10/25 v2.2f
\symAMSa=\mathgroup4
\symAMSb=\mathgroup5
LaTeX Font Info:    Overwriting math alphabet `\mathfrak' in version `bold'
(Font)                  U/euf/m/n --> U/euf/b/n on input line 132.
LaTeX Info: Redefining \frak on input line 135.
LaTeX Info: Redefining \Bbb on input line 137.
)
(/usr/share/texmf/tex/latex/amsfonts/amssymb.sty
Package: amssymb 2002/01/22 v2.2d
)
(/usr/share/texmf/tex/latex/psnfss/times.sty
Package: times 2005/04/12 PSNFSS-v9.2a (SPQR) 
)
(/usr/share/texmf/tex/latex/base/latexsym.sty
Package: latexsym 1998/08/17 v2.2e Standard LaTeX package (lasy symbols)
\symlasy=\mathgroup6
LaTeX Font Info:    Overwriting symbol font `lasy' in version `bold'
(Font)                  U/lasy/m/n --> U/lasy/b/n on input line 47.
)
(/usr/share/texmf/tex/latex/hyperref/hyperref.sty
Package: hyperref 2007/02/07 v6.75r Hypertext links for LaTeX
\@linkdim=\dimen116
\Hy@linkcounter=\count109
\Hy@pagecounter=\count110

(/usr/share/texmf/tex/latex/hyperref/pd1enc.def
File: pd1enc.def 2007/02/07 v6.75r Hyperref: PDFDocEncoding definition (HO)
)
(/usr/share/texmf/tex/latex/config/hyperref.cfg
File: hyperref.cfg 2002/06/06 v1.2 hyperref configuration of TeXLive
)
(/usr/share/texmf/tex/latex/oberdiek/kvoptions.sty
Package: kvoptions 2006/08/22 v2.4 Connects package keyval with LaTeX options (
HO)
)
Package hyperref Info: Hyper figures OFF on input line 2288.
Package hyperref Info: Link nesting OFF on input line 2293.
Package hyperref Info: Hyper index ON on input line 2296.
Package hyperref Info: Plain pages OFF on input line 2303.
Package hyperref Info: Backreferencing OFF on input line 2308.

Implicit mode ON; LaTeX internals redefined
Package hyperref Info: Bookmarks ON on input line 2444.
LaTeX Info: Redefining \href on input line 2586.
LaTeX Info: Redefining \url on input line 2599.
\Fld@menulength=\count111
\Field@Width=\dimen117
\Fld@charsize=\dimen118
\Choice@toks=\toks29
\Field@toks=\toks30
Package hyperref Info: Hyper figures OFF on input line 3102.
Package hyperref Info: Link nesting OFF on input line 3107.
Package hyperref Info: Hyper index ON on input line 3110.
Package hyperref Info: backreferencing OFF on input line 3117.
Package hyperref Info: Link coloring OFF on input line 3122.
\Hy@abspage=\count112
\c@Item=\count113
\c@Hfootnote=\count114
)
*hyperref using default driver hpdftex*
(/usr/share/texmf/tex/latex/hyperref/hpdftex.def
File: hpdftex.def 2007/02/07 v6.75r Hyperref driver for pdfTeX
\Fld@listcount=\count115
)

Package hyperref Warning: Option `backref' has already been used,
(hyperref)                setting the option has no effect on input line 34.

Package hyperref Info: Option `colorlinks' set `true' on input line 34.
(/usr/share/texmf/tex/latex/graphics/epsfig.sty
Package: epsfig 1999/02/16 v1.7a (e)psfig emulation (SPQR)
\epsfxsize=\dimen119
\epsfysize=\dimen120
)
(/usr/share/texmf/tex/latex/subfigure/subfigure.sty
Package: subfigure 2002/03/15 v2.1.5 subfigure package
\subfigtopskip=\skip54
\subfigcapskip=\skip55
\subfigcaptopadj=\dimen121
\subfigbottomskip=\skip56
\subfigcapmargin=\dimen122
\subfiglabelskip=\skip57
\c@subfigure=\count116
\c@lofdepth=\count117
\c@subtable=\count118
\c@lotdepth=\count119

****************************************
* Local config file subfigure.cfg used *
****************************************
(/usr/share/texmf/tex/latex/subfigure/subfigure.cfg)
\subfig@top=\skip58
\subfig@bottom=\skip59
)
(/usr/share/texmf/tex/latex/tools/bm.sty
Package: bm 2004/02/26 v1.1c Bold Symbol Support (DPC/FMi)
\symboldoperators=\mathgroup7
\symboldletters=\mathgroup8
\symboldsymbols=\mathgroup9
\symboldlasy=\mathgroup10
LaTeX Font Info:    Redeclaring math alphabet \mathbf on input line 137.
LaTeX Info: Redefining \bm on input line 203.
)
(/usr/share/texmf/tex/latex/graphics/color.sty
Package: color 2005/11/14 v1.0j Standard LaTeX Color (DPC)

(/usr/share/texmf/tex/latex/config/color.cfg
File: color.cfg 2007/01/18 v1.5 color configuration of teTeX/TeXLive
)
Package color Info: Driver file: pdftex.def on input line 130.

(/usr/share/texmf/tex/latex/graphics/dvipsnam.def
File: dvipsnam.def 1999/02/16 v3.0i Driver-dependant file (DPC,SPQR)
))
(/usr/share/texmf/tex/latex/ltxmisc/ulem.sty
\UL@box=\box43
\UL@hyphenbox=\box44
\UL@skip=\skip60
\UL@hook=\toks31
\UL@pe=\count120
\UL@pixel=\dimen123
\ULC@box=\box45
Package: ulem 2000/05/26
\ULdepth=\dimen124
)
Class revtex4-1 Info: Patching array package. on input line 115.
Class revtex4-1 Info: Repairing hyperref 6.75r \href on input line 115.
Class revtex4-1 Info: Robustifying \LaTeX's \boldmath command on input line 115
.
Class revtex4-1 Info: cite was not loaded (OK!) on input line 115.
Class revtex4-1 Info: mcite was not loaded (OK!) on input line 115.
Class revtex4-1 Info: multicol was not loaded (OK!) on input line 115.
 (./paperv2.aux)
\openout1 = `paperv2.aux'.

LaTeX Font Info:    Checking defaults for OML/cmm/m/it on input line 115.
LaTeX Font Info:    ... okay on input line 115.
LaTeX Font Info:    Checking defaults for T1/cmr/m/n on input line 115.
LaTeX Font Info:    ... okay on input line 115.
LaTeX Font Info:    Checking defaults for OT1/cmr/m/n on input line 115.
LaTeX Font Info:    ... okay on input line 115.
LaTeX Font Info:    Checking defaults for OMS/cmsy/m/n on input line 115.
LaTeX Font Info:    ... okay on input line 115.
LaTeX Font Info:    Checking defaults for OMX/cmex/m/n on input line 115.
LaTeX Font Info:    ... okay on input line 115.
LaTeX Font Info:    Checking defaults for U/cmr/m/n on input line 115.
LaTeX Font Info:    ... okay on input line 115.
LaTeX Font Info:    Checking defaults for PD1/pdf/m/n on input line 115.
LaTeX Font Info:    ... okay on input line 115.
LaTeX Font Info:    Try loading font information for OT1+ptm on input line 115.


(/usr/share/texmf/tex/latex/psnfss/ot1ptm.fd
File: ot1ptm.fd 2001/06/04 font definitions for OT1/ptm.
)
(/usr/share/texmf/tex/context/base/supp-pdf.tex
[Loading MPS to PDF converter (version 2006.09.02).]
\scratchcounter=\count121
\scratchdimen=\dimen125
\scratchbox=\box46
\nofMPsegments=\count122
\nofMParguments=\count123
\MPscratchCnt=\count124
\MPscratchDim=\dimen126
\MPnumerator=\count125
\everyMPtoPDFconversion=\toks32
)
Package hyperref Info: Link coloring ON on input line 115.
 (/usr/share/texmf/tex/latex/hyperref/nameref.sty
Package: nameref 2006/12/27 v2.28 Cross-referencing by name of section

(/usr/share/texmf/tex/latex/oberdiek/refcount.sty
Package: refcount 2006/02/20 v3.0 Data extraction from references (HO)
)
\c@section@level=\count126
)
LaTeX Info: Redefining \ref on input line 115.
LaTeX Info: Redefining \pageref on input line 115.
 (./paperv2.out)
(./paperv2.out)
\@outlinefile=\write4
\openout4 = `paperv2.out'.

Class revtex4-1 Info: Taking \maketitle back from hyperref on input line 115.
\openout3 = `paperv2Notes.bib'.

LaTeX Font Info:    Font shape `OT1/ptm/bx/n' in size <12> not available
(Font)              Font shape `OT1/ptm/b/n' tried instead on input line 204.
LaTeX Font Info:    Try loading font information for U+msa on input line 204.
 (/usr/share/texmf/tex/latex/amsfonts/umsa.fd
File: umsa.fd 2002/01/19 v2.2g AMS font definitions
)
LaTeX Font Info:    Try loading font information for U+msb on input line 204.

(/usr/share/texmf/tex/latex/amsfonts/umsb.fd
File: umsb.fd 2002/01/19 v2.2g AMS font definitions
)
LaTeX Font Info:    Try loading font information for U+lasy on input line 204.

(/usr/share/texmf/tex/latex/base/ulasy.fd
File: ulasy.fd 1998/08/17 v2.2e LaTeX symbol font definitions
)
LaTeX Font Info:    Font shape `U/lasy/b/n' in size <7> not available
(Font)              Font shape `U/lasy/m/n' tried instead on input line 204.
LaTeX Font Info:    Font shape `U/lasy/b/n' in size <5> not available
(Font)              Font shape `U/lasy/m/n' tried instead on input line 204.
LaTeX Font Info:    Font shape `U/lasy/b/n' in size <9> not available
(Font)              Font shape `U/lasy/m/n' tried instead on input line 204.
LaTeX Font Info:    Font shape `U/lasy/b/n' in size <6> not available
(Font)              Font shape `U/lasy/m/n' tried instead on input line 204.
LaTeX Font Info:    Font shape `U/lasy/b/n' in size <8> not available
(Font)              Font shape `U/lasy/m/n' tried instead on input line 204.
LaTeX Font Info:    Font shape `OT1/ptm/bx/n' in size <9> not available
(Font)              Font shape `OT1/ptm/b/n' tried instead on input line 205.
 (./introduction.tex
Underfull \hbox (badness 1062) in paragraph at lines 76--109
\OT1/ptm/m/n/10 pro-vided com-plete sim-u-la-tions of BBH dy-nam-ics in the
 []


Underfull \hbox (badness 7326) in paragraph at lines 110--143
[]\OT1/ptm/m/n/10 Constructing tem-plate banks for grav-i-ta-tional wave
 []

[1{/usr/share/texmf/fonts/map/pdftex/updmap/pdftex.map}]) [2]
(./nrwaveformsdescription.tex
Missing character: There is no â in font ptmr7t!
Missing character: There is no € in font ptmr7t!
Missing character: There is no ™ in font ptmr7t!
) (./pndescription.tex
LaTeX Font Info:    Try loading font information for OMS+ptm on input line 54.

(/usr/share/texmf/tex/latex/psnfss/omsptm.fd
File: omsptm.fd 
)
LaTeX Font Info:    Font shape `OMS/ptm/m/n' in size <10> not available
(Font)              Font shape `OMS/cmsy/m/n' tried instead on input line 54.
) (./hybridizationprocedures.tex
[3]) (./eobnrv2description.tex
Underfull \hbox (badness 2856) in paragraph at lines 12--23
[]\OT1/ptm/m/n/10 The EOB for-mal-ism maps the dy-nam-ics of a two-
 []

) (./mathdefinitions.tex [4]
Underfull \hbox (badness 1275) in paragraph at lines 55--59
[]\OT1/ptm/m/n/10 Matched-filtering de-tec-tion searches em-ploy a dis-crete
 []

<Eff1v2.png, id=323, 359.84438pt x 298.11375pt>
File: Eff1v2.png Graphic file (type png)
 <use Eff1v2.png>
Overfull \hbox (6.08084pt too wide) detected at line 187
[]\OT1/cmr/m/n/10 ^^@[](\OML/cmm/m/it/10 x\OT1/cmr/m/n/10 ) \OMS/cmsy/m/n/10 ^^
Q [][] [][] \OT1/cmr/m/n/10 = []  \OMS/cmsy/m/n/10 M\OT1/cmr/m/n/10 (\OML/cmm/m
/it/10 h[]; h[]\OT1/cmr/m/n/10 )
 []

[5 <./Eff1v2.png>]) (./nrbankresults.tex
<BBHm1m2_tlen_Ncyc40_0-99_Mchirp27_cropped.png, id=366, 436.5108pt x 248.6088pt
>
File: BBHm1m2_tlen_Ncyc40_0-99_Mchirp27_cropped.png Graphic file (type png)
 <use BBHm1m2_tlen_Ncyc40_0-99_Mchirp27_cropped.png>
Overfull \hbox (24.6015pt too wide) in paragraph at lines 4--6
 [][] 
 []

<bank002_01_01_mtot200_match_cropped.png, id=376, 436.029pt x 248.127pt>
File: bank002_01_01_mtot200_match_cropped.png Graphic file (type png)

<use bank002_01_01_mtot200_match_cropped.png>
<bank006_01_mtot200_match_cropped.png, id=377, 436.029pt x 247.1634pt>
File: bank006_01_mtot200_match_cropped.png Graphic file (type png)

<use bank006_01_mtot200_match_cropped.png> [6 <./BBHm1m2_tlen_Ncyc40_0-99_Mchir
p27_cropped.png>]) (./hybridbankresults.tex
<maxmismatchVSmass_allq.pdf, id=399, 481.8pt x 481.8pt>
File: maxmismatchVSmass_allq.pdf Graphic file (type pdf)

<use maxmismatchVSmass_allq.pdf> [7 <./bank002_01_01_mtot200_match_cropped.png>
 <./bank006_01_mtot200_match_cropped.png>]

LaTeX Warning: A float is stuck (cannot be placed) on input line 63.


LaTeX Warning: A float is stuck (cannot be placed) on input line 63.


Class revtex4-1 Warning: Deferred float stuck during \clearpage processing.


<bank001_lowM_01_stochastic_mtot200_logMq_NOhybMM.png, id=415, 436.7517pt x 268
.6035pt>
File: bank001_lowM_01_stochastic_mtot200_logMq_NOhybMM.png Graphic file (type p
ng)
 <use bank001_lowM_01_stochastic_mtot200_logMq_NOhybMM.png>
<bank001_lowM_01_stochastic_mtot200_logMq_hybMM.png, id=416, 436.7517pt x 268.6
035pt>
File: bank001_lowM_01_stochastic_mtot200_logMq_hybMM.png Graphic file (type png
)
 <use bank001_lowM_01_stochastic_mtot200_logMq_hybMM.png>
<bank_26022013_02_mtot200_logMq_NOhybMM.png, id=421, 436.7517pt x 268.6035pt>
File: bank_26022013_02_mtot200_logMq_NOhybMM.png Graphic file (type png)

<use bank_26022013_02_mtot200_logMq_NOhybMM.png>
<bank_26022013_02_mtot200_logMq_hybMM.png, id=422, 436.7517pt x 268.6035pt>
File: bank_26022013_02_mtot200_logMq_hybMM.png Graphic file (type png)

<use bank_26022013_02_mtot200_logMq_hybMM.png>
<bank_26022013_02_hybrids_mtot200_logMq_NOhybMM.png, id=425, 436.7517pt x 268.6
035pt>
File: bank_26022013_02_hybrids_mtot200_logMq_NOhybMM.png Graphic file (type png
)
 <use bank_26022013_02_hybrids_mtot200_logMq_NOhybMM.png>
<bank_26022013_02_hybrids_mtot200_logMq_hybMM.png, id=426, 436.7517pt x 268.603
5pt>
File: bank_26022013_02_hybrids_mtot200_logMq_hybMM.png Graphic file (type png)
 <use bank_26022013_02_hybrids_mtot200_logMq_hybMM.png> [8 <./maxmismatchVSmass
_allq.pdf>] [9 <./bank001_lowM_01_stochastic_mtot200_logMq_NOhybMM.png> <./bank
001_lowM_01_stochastic_mtot200_logMq_hybMM.png> <./bank_26022013_02_mtot200_log
Mq_NOhybMM.png> <./bank_26022013_02_mtot200_logMq_hybMM.png>])
(./futurehybridbankresults.tex
<bank_separate_q1_mtot200_match.png, id=474, 436.7517pt x 268.6035pt>
File: bank_separate_q1_mtot200_match.png Graphic file (type png)

<use bank_separate_q1_mtot200_match.png>
<bank_separate_q4_mtot200_match.png, id=475, 436.7517pt x 268.6035pt>
File: bank_separate_q4_mtot200_match.png Graphic file (type png)

<use bank_separate_q4_mtot200_match.png>
<bank_separate_q8_mtot200_match.png, id=476, 436.7517pt x 268.6035pt>
File: bank_separate_q8_mtot200_match.png Graphic file (type png)

<use bank_separate_q8_mtot200_match.png>
<bank_seperate_q1-4-35-4-65-9-6_01_mtot200_match.png, id=480, 436.7517pt x 269.
808pt>
File: bank_seperate_q1-4-35-4-65-9-6_01_mtot200_match.png Graphic file (type pn
g)
 <use bank_seperate_q1-4-35-4-65-9-6_01_mtot200_match.png>
<bank_seperate_q1-4-35-4-65-9-6_01_m1m2200_match.png, id=481, 436.7517pt x 269.
808pt>
File: bank_seperate_q1-4-35-4-65-9-6_01_m1m2200_match.png Graphic file (type pn
g)
 <use bank_seperate_q1-4-35-4-65-9-6_01_m1m2200_match.png> [10 <./bank_26022013
_02_hybrids_mtot200_logMq_NOhybMM.png> <./bank_26022013_02_hybrids_mtot200_logM
q_hybMM.png>] <maxmismatchVSmass_q1.pdf, id=509, 481.8pt x 481.8pt>
File: maxmismatchVSmass_q1.pdf Graphic file (type pdf)

<use maxmismatchVSmass_q1.pdf>
<maxmismatchVSmass_q4.pdf, id=510, 481.8pt x 481.8pt>
File: maxmismatchVSmass_q4.pdf Graphic file (type pdf)

<use maxmismatchVSmass_q4.pdf>
<maxmismatchVSmass_q8.pdf, id=511, 481.8pt x 481.8pt>
File: maxmismatchVSmass_q8.pdf Graphic file (type pdf)

<use maxmismatchVSmass_q8.pdf>
<NRorbits2merger_cropped.png, id=512, 803.0pt x 674.52pt>
File: NRorbits2merger_cropped.png Graphic file (type png)

<use NRorbits2merger_cropped.png>
<NRomega_cropped.png, id=513, 800.9925pt x 667.49374pt>
File: NRomega_cropped.png Graphic file (type png)

<use NRomega_cropped.png> [11 <./bank_separate_q1_mtot200_match.png> <./bank_se
parate_q4_mtot200_match.png> <./bank_separate_q8_mtot200_match.png> <./bank_sep
erate_q1-4-35-4-65-9-6_01_mtot200_match.png> <./bank_seperate_q1-4-35-4-65-9-6_
01_m1m2200_match.png>]) (./conclusions.tex [12 <./maxmismatchVSmass_q1.pdf> <./
maxmismatchVSmass_q4.pdf> <./maxmismatchVSmass_q8.pdf> <./NRorbits2merger_cropp
ed.png (PNG copy)> <./NRomega_cropped.png (PNG copy)>]
Underfull \hbox (badness 1107) in paragraph at lines 50--70
[]\OT1/ptm/m/n/10 NR has long sought to con-tribute tem-plate banks for
 []

[13]
Underfull \hbox (badness 1117) in paragraph at lines 204--212
[]\OT1/ptm/m/n/10 The de-tec-tor noise power is mod-eled us-ing the zero-
 []

)
LaTeX Font Info:    Try loading font information for OT1+pcr on input line 289.

 (/usr/share/texmf/tex/latex/psnfss/ot1pcr.fd
File: ot1pcr.fd 2001/06/04 font definitions for OT1/pcr.
) (./paperv2.bbl
Underfull \hbox (badness 6380) in paragraph at lines 58--64
 []\OT1/ptm/m/n/9 G. M. Harry \OT1/ptm/m/it/9 et al. \OT1/ptm/m/n/9 (LIGO Sci-e
n-tific Col-lab-o-ra-tion),
 []

[14]
Underfull \hbox (badness 2521) in paragraph at lines 96--104
 []\OT1/ptm/m/n/9 J. Abadie \OT1/ptm/m/it/9 et al. \OT1/ptm/m/n/9 (LIGO Sci-en-
tific Col-lab-o-ra-tion, Virgo
 []


Underfull \hbox (badness 10000) in paragraph at lines 96--104
 \OT1/ptm/m/n/9 Col-lab-o-ra-tion), [][]Class.Quant.Grav. \OT1/ptm/b/n/9 27\OT1
/ptm/m/n/9 , 173001 (2010)[][],
 []


Underfull \hbox (badness 2478) in paragraph at lines 146--155
 []\OT1/ptm/m/n/9 C. L. Fryer, K. Bel-czyn-ski, G. Wik-torow-icz, M. Do-
 []


Underfull \hbox (badness 10000) in paragraph at lines 267--275
 []\OT1/ptm/m/n/9 E. Mes-sar-i-taki (LIGO Sci-en-tific Col-lab-o-ra-tion),
 []


Underfull \hbox (badness 1082) in paragraph at lines 267--275
 [][]\OT1/ptm/m/n/9 Class.Quant.Grav. \OT1/ptm/b/n/9 22\OT1/ptm/m/n/9 , S1119 (
2005)[][], [][]arXiv:gr-qc/0504065
 []


Underfull \hbox (badness 10000) in paragraph at lines 337--346
 []\OT1/ptm/m/n/9 A. M. Sintes (LIGO Sci-en-tific Col-lab-o-ra-tion),
 []


Underfull \hbox (badness 6641) in paragraph at lines 405--413
 []\OT1/ptm/m/n/9 B. J. Owen, [][]Phys.Rev. \OT1/ptm/b/n/9 D53\OT1/ptm/m/n/9 , 
6749 (1996)[][], [][]arXiv:gr-
 []


Underfull \hbox (badness 1048) in paragraph at lines 454--462
 []\OT1/ptm/m/n/9 F. Pre-to-rius, [][]Phys.Rev.Lett. \OT1/ptm/b/n/9 95\OT1/ptm/
m/n/9 , 121101 (2005)[][], [][]arXiv:gr-
 []


Underfull \hbox (badness 1983) in paragraph at lines 506--513
 \OT1/ptm/m/n/9 O. Rinne, [][]Class.Quant.Grav. \OT1/ptm/b/n/9 23\OT1/ptm/m/n/9
 , S447 (2006)[][], [][]arXiv:gr-
 []


Underfull \hbox (badness 10000) in paragraph at lines 523--529
 []\OT1/ptm/m/n/9 M. Han-nam, [][]Class.Quant.Grav. \OT1/ptm/b/n/9 26\OT1/ptm/m
/n/9 , 114001 (2009)[][],
 []


Underfull \hbox (badness 10000) in paragraph at lines 532--538
 []\OT1/ptm/m/n/9 I. Hin-der, [][]Class.Quant.Grav. \OT1/ptm/b/n/9 27\OT1/ptm/m
/n/9 , 114004 (2010)[][],
 []


Underfull \hbox (badness 7981) in paragraph at lines 541--547
 []\OT1/ptm/m/n/9 H. P. Pfeif-fer, [][]Class.Quant.Grav. \OT1/ptm/b/n/9 29\OT1/
ptm/m/n/9 , 124004 (2012)[][],
 []


Underfull \hbox (badness 1237) in paragraph at lines 687--693
 []\OT1/ptm/m/n/9 I. Mac-Don-ald, A. H. Mroue, H. P. Pfeif-fer, M. Boyle,
 []


Underfull \hbox (badness 3803) in paragraph at lines 687--693
 \OT1/ptm/m/n/9 L. E. Kid-der, \OT1/ptm/m/it/9 et al.\OT1/ptm/m/n/9 , [][]Phys.
Rev. \OT1/ptm/b/n/9 D87\OT1/ptm/m/n/9 , 024009 (2013)[][],
 []

[15]
Underfull \hbox (badness 2384) in paragraph at lines 770--779
 \OT1/ptm/m/n/9 Buch-man, \OT1/ptm/m/it/9 et al.\OT1/ptm/m/n/9 , [][]Class.Quan
t.Grav. \OT1/ptm/b/n/9 29\OT1/ptm/m/n/9 , 124001 (2012)[][],
 []


Underfull \hbox (badness 10000) in paragraph at lines 784--793
 []\OT1/ptm/m/n/9 L. San-ta-maria, B. Kr-ish-nan,  and J. T. Whe-lan,
 []


Underfull \hbox (badness 7238) in paragraph at lines 784--793
 [][]\OT1/ptm/m/n/9 Class.Quant.Grav. \OT1/ptm/b/n/9 26\OT1/ptm/m/n/9 , 114010 
(2009)[][], [][]arXiv:0901.4696
 []


Underfull \hbox (badness 6316) in paragraph at lines 815--823
 []\OT1/ptm/m/n/9 A. Buo-nanno, B. Iyer, E. Ochsner, Y. Pan,  and
 []


Underfull \hbox (badness 10000) in paragraph at lines 815--823
 \OT1/ptm/m/n/9 B. Sathyaprakash, [][]Phys.Rev. \OT1/ptm/b/n/9 D80\OT1/ptm/m/n/
9 , 084043 (2009)[][],
 []


Underfull \hbox (badness 10000) in paragraph at lines 846--851
 [][]$\OT1/pcr/m/n/9 http : / / www . grg . uib . es / NRDA13 / slides /
 []


Underfull \hbox (badness 5939) in paragraph at lines 904--912
 []\OT1/ptm/m/n/9 B. Sathyaprakash, [][]Class.Quant.Grav. \OT1/ptm/b/n/9 17\OT1
/ptm/m/n/9 , L157 (2000)[][],
 []


Underfull \hbox (badness 10000) in paragraph at lines 1292--1299
 []\OT1/ptm/m/n/9 M. Boyle, [][] (2013), 10.1103/Phys-RevD.87.104006[][],
 []

)
Class revtex4-1 Info: Total figure: Column(1328pt), Page(1328pt) on input line 
304.
Class revtex4-1 Info: Total table: Column(284pt), Page(284pt) on input line 304
.
Class revtex4-1 Info: Total video: Column(0pt), Page(0pt) on input line 304.
 [16]
Class revtex4-1 Info: Total text: Column(15187pt), Page(359pt) on input line 30
4.
 (./paperv2.aux)

 *File List*
revtex4-1.cls    2010/07/25/20:33:00 4.1r (http://publish.aps.org/revtex4/ for 
documentation)
  aps4-1.rtx
aps10pt4-1.rtx
textcase.sty    2004/10/07 v0.07 Text only upper/lower case changing (DPC)
     url.sty    2005/06/27  ver 3.2  Verb mode for urls, etc.
  natbib.sty    2009/11/07 8.31a (PWD, AO)
revsymb4-1.sty    2010/07/25/20:33:00 4.1r (http://publish.aps.org/revtex4/ for
 documentation)
graphicx.sty    1999/02/16 v1.0f Enhanced LaTeX Graphics (DPC,SPQR)
  keyval.sty    1999/03/16 v1.13 key=value parser (DPC)
graphics.sty    2006/02/20 v1.0o Standard LaTeX Graphics (DPC,SPQR)
    trig.sty    1999/03/16 v1.09 sin cos tan (DPC)
graphics.cfg    2007/01/18 v1.5 graphics configuration of teTeX/TeXLive
  pdftex.def    2007/01/08 v0.04d Graphics/color for pdfTeX
  lipsum.sty    2005/01/26 v1.0 150 paragraphs of Lorem Ipsum dummy text
placeins.sty    2005/04/18  v 2.2
 dcolumn.sty    2001/05/28 v1.06 decimal alignment package (DPC)
   array.sty    2005/08/23 v2.4b Tabular extension package (FMi)
multirow.sty    
 amsmath.sty    2000/07/18 v2.13 AMS math features
 amstext.sty    2000/06/29 v2.01
  amsgen.sty    1999/11/30 v2.0
  amsbsy.sty    1999/11/29 v1.2d
  amsopn.sty    1999/12/14 v2.01 operator names
  amsthm.sty    2004/08/06 v2.20
amsfonts.sty    2001/10/25 v2.2f
 amssymb.sty    2002/01/22 v2.2d
   times.sty    2005/04/12 PSNFSS-v9.2a (SPQR) 
latexsym.sty    1998/08/17 v2.2e Standard LaTeX package (lasy symbols)
hyperref.sty    2007/02/07 v6.75r Hypertext links for LaTeX
  pd1enc.def    2007/02/07 v6.75r Hyperref: PDFDocEncoding definition (HO)
hyperref.cfg    2002/06/06 v1.2 hyperref configuration of TeXLive
kvoptions.sty    2006/08/22 v2.4 Connects package keyval with LaTeX options (HO
)
 hpdftex.def    2007/02/07 v6.75r Hyperref driver for pdfTeX
  epsfig.sty    1999/02/16 v1.7a (e)psfig emulation (SPQR)
subfigure.sty    2002/03/15 v2.1.5 subfigure package
subfigure.cfg
      bm.sty    2004/02/26 v1.1c Bold Symbol Support (DPC/FMi)
   color.sty    2005/11/14 v1.0j Standard LaTeX Color (DPC)
   color.cfg    2007/01/18 v1.5 color configuration of teTeX/TeXLive
dvipsnam.def    1999/02/16 v3.0i Driver-dependant file (DPC,SPQR)
    ulem.sty    2000/05/26
  ot1ptm.fd    2001/06/04 font definitions for OT1/ptm.
supp-pdf.tex
 nameref.sty    2006/12/27 v2.28 Cross-referencing by name of section
refcount.sty    2006/02/20 v3.0 Data extraction from references (HO)
 paperv2.out
 paperv2.out
    umsa.fd    2002/01/19 v2.2g AMS font definitions
    umsb.fd    2002/01/19 v2.2g AMS font definitions
   ulasy.fd    1998/08/17 v2.2e LaTeX symbol font definitions
introduction.tex
nrwaveformsdescription.tex
pndescription.tex
  omsptm.fd    
hybridizationprocedures.tex
eobnrv2description.tex
mathdefinitions.tex
  Eff1v2.png    Graphic file (type png)
nrbankresults.tex
BBHm1m2_tlen_Ncyc40_0-99_Mchirp27_cropped.png    Graphic file (type png)
bank002_01_01_mtot200_match_cropped.png    Graphic file (type png)
bank006_01_mtot200_match_cropped.png    Graphic file (type png)
hybridbankresults.tex
maxmismatchVSmass_allq.pdf    Graphic file (type pdf)
bank001_lowM_01_stochastic_mtot200_logMq_NOhybMM.png    Graphic file (type png)

bank001_lowM_01_stochastic_mtot200_logMq_hybMM.png    Graphic file (type png)
bank_26022013_02_mtot200_logMq_NOhybMM.png    Graphic file (type png)
bank_26022013_02_mtot200_logMq_hybMM.png    Graphic file (type png)
bank_26022013_02_hybrids_mtot200_logMq_NOhybMM.png    Graphic file (type png)
bank_26022013_02_hybrids_mtot200_logMq_hybMM.png    Graphic file (type png)
futurehybridbankresults.tex
bank_separate_q1_mtot200_match.png    Graphic file (type png)
bank_separate_q4_mtot200_match.png    Graphic file (type png)
bank_separate_q8_mtot200_match.png    Graphic file (type png)
bank_seperate_q1-4-35-4-65-9-6_01_mtot200_match.png    Graphic file (type png)
bank_seperate_q1-4-35-4-65-9-6_01_m1m2200_match.png    Graphic file (type png)
maxmismatchVSmass_q1.pdf    Graphic file (type pdf)
maxmismatchVSmass_q4.pdf    Graphic file (type pdf)
maxmismatchVSmass_q8.pdf    Graphic file (type pdf)
NRorbits2merger_cropped.png    Graphic file (type png)
NRomega_cropped.png    Graphic file (type png)
conclusions.tex
  ot1pcr.fd    2001/06/04 font definitions for OT1/pcr.
 paperv2.bbl
 ***********

 ) 
Here is how much of TeX's memory you used:
 7468 strings out of 256216
 104831 string characters out of 1917072
 327107 words of memory out of 1500000
 10372 multiletter control sequences out of 10000+200000
 34598 words of font info for 94 fonts, out of 1200000 for 2000
 645 hyphenation exceptions out of 8191
 32i,13n,35p,1459b,655s stack positions out of 5000i,500n,6000p,200000b,15000s
{/usr/share/texmf/fonts/enc/dvips/base/8r.enc}</usr/share/texmf/fonts/type1/b
luesky/cm/cmex10.pfb></usr/share/texmf/fonts/type1/bluesky/cm/cmmi10.pfb></usr/
share/texmf/fonts/type1/bluesky/cm/cmmi5.pfb></usr/share/texmf/fonts/type1/blue
sky/cm/cmmi6.pfb></usr/share/texmf/fonts/type1/bluesky/cm/cmmi7.pfb></usr/share
/texmf/fonts/type1/bluesky/cm/cmmi9.pfb></usr/share/texmf/fonts/type1/bluesky/c
m/cmr10.pfb></usr/share/texmf/fonts/type1/bluesky/cm/cmr5.pfb></usr/share/texmf
/fonts/type1/bluesky/cm/cmr6.pfb></usr/share/texmf/fonts/type1/bluesky/cm/cmr7.
pfb></usr/share/texmf/fonts/type1/bluesky/cm/cmr9.pfb></usr/share/texmf/fonts/t
ype1/bluesky/cm/cmsy10.pfb></usr/share/texmf/fonts/type1/bluesky/cm/cmsy6.pfb><
/usr/share/texmf/fonts/type1/bluesky/cm/cmsy7.pfb></usr/share/texmf/fonts/type1
/bluesky/cm/cmsy9.pfb></usr/share/texmf/fonts/type1/bluesky/cm/cmti10.pfb></usr
/share/texmf/fonts/type1/bluesky/cm/cmti7.pfb></usr/share/texmf/fonts/type1/blu
esky/ams/msam10.pfb></usr/share/texmf/fonts/type1/urw/courier/ucrr8a.pfb></usr/
share/texmf/fonts/type1/urw/times/utmb8a.pfb></usr/share/texmf/fonts/type1/urw/
times/utmr8a.pfb></usr/share/texmf/fonts/type1/urw/times/utmri8a.pfb>
Output written on paperv2.pdf (16 pages, 14666088 bytes).
PDF statistics:
 1001 PDF objects out of 1200 (max. 8388607)
 182 named destinations out of 1000 (max. 131072)
 242 words of extra memory for PDF output out of 10000 (max. 10000000)

