This is pdfTeXk, Version 3.141592-1.40.3 (Web2C 7.5.6) (format=pdflatex 2013.8.14)  27 OCT 2013 04:05
entering extended mode
 %&-line parsing enabled.
**paper.tex
(./paper.tex
LaTeX2e <2005/12/01>
Babel <v3.8h> and hyphenation patterns for english, usenglishmax, dumylang, noh
yphenation, arabic, basque, bulgarian, coptic, welsh, czech, slovak, german, ng
erman, danish, esperanto, spanish, catalan, galician, estonian, farsi, finnish,
 french, greek, monogreek, ancientgreek, croatian, hungarian, interlingua, ibyc
us, indonesian, icelandic, italian, latin, mongolian, dutch, norsk, polish, por
tuguese, pinyin, romanian, russian, slovenian, uppersorbian, serbian, swedish, 
turkish, ukenglish, ukrainian, loaded.
(./revtex4-1.cls
Document Class: revtex4-1 2010/07/25/20:33:00 4.1r (http://publish.aps.org/revt
ex4/ for documentation)
 Copyright (c) 2009 The American Physical Society.
 mailto:revtex@aps.org
 Licensed under the LPPL:
http://www.ctan.org/tex-archive/macros/latex/base/lppl.txt
 Arthur Ogawa <arthur_ogawa at sbcglobal dot net>
 Based on work by David Carlisle <david at dcarlisle.demon.co.uk>.
ltxutil[2010/07/25/20:33:00 4.1r utilities package (portions licensed from W. E
. Baxter web at superscript.com)]
LaTeX Info: Redefining \@centercr on input line 308.
Class revtex4-1 Info: Repairing broken LaTeX eqnarray on input line 358.
\eqncolsep=\skip41
Class revtex4-1 Info: Repairing hyperref-unfriendly LaTeX definition of \mpfoot
note on input line 433.
Class revtex4-1 Info: Repairing broken LateX \@sect on input line 755.
\intertabularlinepenalty=\count79
\@tbpen=\count80
\@arstrutbox@hline=\box26
Class revtex4-1 Info: Repairing broken LaTeX \@xbitor on input line 1786.
Class revtex4-1 Info: Making \typeout \long on input line 2046.
ltxfront[2010/07/25/20:33:00 4.1r frontmatter package (AO,DPC)]
\c@affil=\count81
\c@collab=\count82
\absbox=\box27
ltxgrid[2010/07/25/20:33:00 4.1r page grid package (portions licensed from W. E
. Baxter web at superscript.com)]
\c@linecount=\count83
\output@latex=\toks14
\box@size@1=\box28
\box@size@2=\box29
\@protection@box=\box30
\@topmark@saved=\toks15
\footins@saved=\box31
\footins@recovered=\box32
\column@recovered=\box33
\pagesofar=\box34
\footsofar=\box35
\pagegrid@col=\count84
Class revtex4-1 Info: Overriding \@vspace, \@vspacer, \@no@pgbk, \@newline, and
 \\  on input line 5578.
\c@part=\count85
\c@section=\count86
\c@subsection=\count87
\c@subsubsection=\count88
\c@paragraph=\count89
\c@subparagraph=\count90
\abovecaptionskip=\skip42
\belowcaptionskip=\skip43
\c@figure=\count91
\fbox@1=\box36
\c@table=\count92
\fbox@2=\box37
\c@video=\count93
\fbox@4=\box38
\@bibdataout=\write3
\widetext@top=\box39
\widetext@bot=\box40
Class revtex4-1 Info: Selecting society aps on input line 7542.
(./aps4-1.rtx
File: aps4-1 2010/07/25/20:33:00 4.1r (http://publish.aps.org/revtex4/ for docu
mentation)
Class revtex4-1 Info: RevTeX society APS selected on input line 31.
)
Class revtex4-1 Info: Selecting journal prd on input line 7544.
Class revtex4-1 Info: APS journal PRD selected on input line 7545.


Class revtex4-1 Warning: No type size specified, using default 10.

(./aps10pt4-1.rtx
File: aps10pt4-1 2010/07/25/20:33:00 4.1r (http://publish.aps.org/revtex4/ for 
documentation)
Class revtex4-1 Info: RevTeX pointsize 10pt selected on input line 30.
) (/usr/share/texmf/tex/latex/textcase/textcase.sty
Package: textcase 2004/10/07 v0.07 Text only upper/lower case changing (DPC)
)
(/usr/share/texmf/tex/latex/amsfonts/amssymb.sty
Package: amssymb 2002/01/22 v2.2d

(/usr/share/texmf/tex/latex/amsfonts/amsfonts.sty
Package: amsfonts 2001/10/25 v2.2f
\@emptytoks=\toks16
\symAMSa=\mathgroup4
\symAMSb=\mathgroup5
LaTeX Font Info:    Overwriting math alphabet `\mathfrak' in version `bold'
(Font)                  U/euf/m/n --> U/euf/b/n on input line 132.
))
(/usr/share/texmf/tex/latex/amsmath/amsmath.sty
Package: amsmath 2000/07/18 v2.13 AMS math features
\@mathmargin=\skip44

For additional information on amsmath, use the `?' option.
(/usr/share/texmf/tex/latex/amsmath/amstext.sty
Package: amstext 2000/06/29 v2.01

(/usr/share/texmf/tex/latex/amsmath/amsgen.sty
File: amsgen.sty 1999/11/30 v2.0
\@emptytoks=\toks17
\ex@=\dimen102
)
LaTeX Info: Redefining \text on input line 53.
)
(/usr/share/texmf/tex/latex/amsmath/amsbsy.sty
Package: amsbsy 1999/11/29 v1.2d
\pmbraise@=\dimen103
)
(/usr/share/texmf/tex/latex/amsmath/amsopn.sty
Package: amsopn 1999/12/14 v2.01 operator names
)
\inf@bad=\count94
LaTeX Info: Redefining \frac on input line 211.
\uproot@=\count95
\leftroot@=\count96
LaTeX Info: Redefining \overline on input line 307.
\classnum@=\count97
\DOTSCASE@=\count98
LaTeX Info: Redefining \ldots on input line 379.
LaTeX Info: Redefining \dots on input line 382.
LaTeX Info: Redefining \cdots on input line 467.
\Mathstrutbox@=\box41
\strutbox@=\box42
\big@size=\dimen104
LaTeX Font Info:    Redeclaring font encoding OML on input line 567.
LaTeX Font Info:    Redeclaring font encoding OMS on input line 568.
\macc@depth=\count99
\c@MaxMatrixCols=\count100
\dotsspace@=\muskip10
\c@parentequation=\count101
\dspbrk@lvl=\count102
\tag@help=\toks18
\row@=\count103
\column@=\count104
\maxfields@=\count105
\andhelp@=\toks19
\eqnshift@=\dimen105
\alignsep@=\dimen106
\tagshift@=\dimen107
\tagwidth@=\dimen108
\totwidth@=\dimen109
\lineht@=\dimen110
\@envbody=\toks20
\multlinegap=\skip45
\multlinetaggap=\skip46
\mathdisplay@stack=\toks21
LaTeX Info: Redefining \[ on input line 2666.
LaTeX Info: Redefining \] on input line 2667.
)
(/usr/share/texmf/tex/latex/ltxmisc/url.sty
\Urlmuskip=\muskip11
Package: url 2005/06/27  ver 3.2  Verb mode for urls, etc.
) (./natbib.sty
Package: natbib 2009/11/07 8.31a (PWD, AO)


          This is natbib version 8.31 
 *************************************************************
    !!WARNING!!    !!WARNING!!    !!WARNING!!    !!WARNING!!   

   This version (v8.31) of natbib is stricter in its formatting
   requirements for bibitem entries than the previous version
   used at arXiv (v7.1).

   If your submission encounters a problem see

     http://arXiv.org/help/faq/texlive

   and the natbib documentation at 

     http://www.ctan.org/tex-archive/macros/latex/contrib/natbib/

   for explanation and adjust your submission accordingly.
                                            The arXiv team.
 *************************************************************

\bibhang=\skip47
\bibsep=\skip48
LaTeX Info: Redefining \cite on input line 716.
\c@NAT@ctr=\count106
)
Class revtex4-1 Info: Repairing natbib's \BibitemShut on input line 7549.
 (./revsymb4-1.sty
Package: revsymb4-1 2010/07/25/20:33:00 4.1r (http://publish.aps.org/revtex4/ f
or documentation)
LaTeX Info: Redefining \frak on input line 95.
LaTeX Info: Redefining \Bbb on input line 111.
LaTeX Info: Redefining \REV@mathfrak on input line 119.
)) (/usr/share/texmf/tex/latex/graphics/graphicx.sty
Package: graphicx 1999/02/16 v1.0f Enhanced LaTeX Graphics (DPC,SPQR)

(/usr/share/texmf/tex/latex/graphics/keyval.sty
Package: keyval 1999/03/16 v1.13 key=value parser (DPC)
\KV@toks@=\toks22
)
(/usr/share/texmf/tex/latex/graphics/graphics.sty
Package: graphics 2006/02/20 v1.0o Standard LaTeX Graphics (DPC,SPQR)

(/usr/share/texmf/tex/latex/graphics/trig.sty
Package: trig 1999/03/16 v1.09 sin cos tan (DPC)
)
(/usr/share/texmf/tex/latex/config/graphics.cfg
File: graphics.cfg 2007/01/18 v1.5 graphics configuration of teTeX/TeXLive
)
Package graphics Info: Driver file: pdftex.def on input line 90.

(/usr/share/texmf/tex/latex/pdftex-def/pdftex.def
File: pdftex.def 2007/01/08 v0.04d Graphics/color for pdfTeX
\Gread@gobject=\count107
))
\Gin@req@height=\dimen111
\Gin@req@width=\dimen112
)
(/usr/share/texmf/tex/latex/lipsum/lipsum.sty
Package: lipsum 2005/01/26 v1.0 150 paragraphs of Lorem Ipsum dummy text
File: lipsum.dtx 2005/01/26 v1.0 150 paragraphs of Lorem Ipsum dummy text
\c@lips@count=\count108
)
(/usr/share/texmf/tex/latex/placeins/placeins.sty
Package: placeins 2005/04/18  v 2.2
)
(/usr/share/texmf/tex/latex/tools/dcolumn.sty
Package: dcolumn 2001/05/28 v1.06 decimal alignment package (DPC)

(/usr/share/texmf/tex/latex/tools/array.sty
Package: array 2005/08/23 v2.4b Tabular extension package (FMi)
\col@sep=\dimen113
\extrarowheight=\dimen114
\NC@list=\toks23
\extratabsurround=\skip49
\backup@length=\skip50
))
(/usr/share/texmf/tex/latex/multirow/multirow.sty
\bigstrutjot=\dimen115
)
(/usr/share/texmf/tex/latex/amscls/amsthm.sty
Package: amsthm 2004/08/06 v2.20
\thm@style=\toks24
\thm@bodyfont=\toks25
\thm@headfont=\toks26
\thm@notefont=\toks27
\thm@headpunct=\toks28
\thm@preskip=\skip51
\thm@postskip=\skip52
\thm@headsep=\skip53
\dth@everypar=\toks29
)
(/usr/share/texmf/tex/latex/psnfss/times.sty
Package: times 2005/04/12 PSNFSS-v9.2a (SPQR) 
)
(/usr/share/texmf/tex/latex/base/latexsym.sty
Package: latexsym 1998/08/17 v2.2e Standard LaTeX package (lasy symbols)
\symlasy=\mathgroup6
LaTeX Font Info:    Overwriting symbol font `lasy' in version `bold'
(Font)                  U/lasy/m/n --> U/lasy/b/n on input line 47.
)
(/usr/share/texmf/tex/latex/hyperref/hyperref.sty
Package: hyperref 2007/02/07 v6.75r Hypertext links for LaTeX
\@linkdim=\dimen116
\Hy@linkcounter=\count109
\Hy@pagecounter=\count110

(/usr/share/texmf/tex/latex/hyperref/pd1enc.def
File: pd1enc.def 2007/02/07 v6.75r Hyperref: PDFDocEncoding definition (HO)
)
(/usr/share/texmf/tex/latex/config/hyperref.cfg
File: hyperref.cfg 2002/06/06 v1.2 hyperref configuration of TeXLive
)
(/usr/share/texmf/tex/latex/oberdiek/kvoptions.sty
Package: kvoptions 2006/08/22 v2.4 Connects package keyval with LaTeX options (
HO)
)
Package hyperref Info: Hyper figures OFF on input line 2288.
Package hyperref Info: Link nesting OFF on input line 2293.
Package hyperref Info: Hyper index ON on input line 2296.
Package hyperref Info: Plain pages OFF on input line 2303.
Package hyperref Info: Backreferencing OFF on input line 2308.

Implicit mode ON; LaTeX internals redefined
Package hyperref Info: Bookmarks ON on input line 2444.
LaTeX Info: Redefining \href on input line 2586.
LaTeX Info: Redefining \url on input line 2599.
\Fld@menulength=\count111
\Field@Width=\dimen117
\Fld@charsize=\dimen118
\Choice@toks=\toks30
\Field@toks=\toks31
Package hyperref Info: Hyper figures OFF on input line 3102.
Package hyperref Info: Link nesting OFF on input line 3107.
Package hyperref Info: Hyper index ON on input line 3110.
Package hyperref Info: backreferencing OFF on input line 3117.
Package hyperref Info: Link coloring OFF on input line 3122.
\Hy@abspage=\count112
\c@Item=\count113
\c@Hfootnote=\count114
)
*hyperref using default driver hpdftex*
(/usr/share/texmf/tex/latex/hyperref/hpdftex.def
File: hpdftex.def 2007/02/07 v6.75r Hyperref driver for pdfTeX
\Fld@listcount=\count115
)

Package hyperref Warning: Option `backref' has already been used,
(hyperref)                setting the option has no effect on input line 34.

Package hyperref Info: Option `colorlinks' set `true' on input line 34.
(/usr/share/texmf/tex/latex/graphics/epsfig.sty
Package: epsfig 1999/02/16 v1.7a (e)psfig emulation (SPQR)
\epsfxsize=\dimen119
\epsfysize=\dimen120
)
(/usr/share/texmf/tex/latex/subfigure/subfigure.sty
Package: subfigure 2002/03/15 v2.1.5 subfigure package
\subfigtopskip=\skip54
\subfigcapskip=\skip55
\subfigcaptopadj=\dimen121
\subfigbottomskip=\skip56
\subfigcapmargin=\dimen122
\subfiglabelskip=\skip57
\c@subfigure=\count116
\c@lofdepth=\count117
\c@subtable=\count118
\c@lotdepth=\count119

****************************************
* Local config file subfigure.cfg used *
****************************************
(/usr/share/texmf/tex/latex/subfigure/subfigure.cfg)
\subfig@top=\skip58
\subfig@bottom=\skip59
)
(/usr/share/texmf/tex/latex/tools/bm.sty
Package: bm 2004/02/26 v1.1c Bold Symbol Support (DPC/FMi)
\symboldoperators=\mathgroup7
\symboldletters=\mathgroup8
\symboldsymbols=\mathgroup9
\symboldlasy=\mathgroup10
LaTeX Font Info:    Redeclaring math alphabet \mathbf on input line 137.
LaTeX Info: Redefining \bm on input line 203.
)
(/usr/share/texmf/tex/latex/graphics/color.sty
Package: color 2005/11/14 v1.0j Standard LaTeX Color (DPC)

(/usr/share/texmf/tex/latex/config/color.cfg
File: color.cfg 2007/01/18 v1.5 color configuration of teTeX/TeXLive
)
Package color Info: Driver file: pdftex.def on input line 130.

(/usr/share/texmf/tex/latex/graphics/dvipsnam.def
File: dvipsnam.def 1999/02/16 v3.0i Driver-dependant file (DPC,SPQR)
))
(/usr/share/texmf/tex/latex/ltxmisc/ulem.sty
\UL@box=\box43
\UL@hyphenbox=\box44
\UL@skip=\skip60
\UL@hook=\toks32
\UL@pe=\count120
\UL@pixel=\dimen123
\ULC@box=\box45
Package: ulem 2000/05/26
\ULdepth=\dimen124
)
Class revtex4-1 Info: Patching array package. on input line 108.
Class revtex4-1 Info: Repairing hyperref 6.75r \href on input line 108.
Class revtex4-1 Info: Robustifying \LaTeX's \boldmath command on input line 108
.
Class revtex4-1 Info: cite was not loaded (OK!) on input line 108.
Class revtex4-1 Info: mcite was not loaded (OK!) on input line 108.
Class revtex4-1 Info: multicol was not loaded (OK!) on input line 108.

No file paper.aux.
\openout1 = `paper.aux'.

LaTeX Font Info:    Checking defaults for OML/cmm/m/it on input line 108.
LaTeX Font Info:    ... okay on input line 108.
LaTeX Font Info:    Checking defaults for T1/cmr/m/n on input line 108.
LaTeX Font Info:    ... okay on input line 108.
LaTeX Font Info:    Checking defaults for OT1/cmr/m/n on input line 108.
LaTeX Font Info:    ... okay on input line 108.
LaTeX Font Info:    Checking defaults for OMS/cmsy/m/n on input line 108.
LaTeX Font Info:    ... okay on input line 108.
LaTeX Font Info:    Checking defaults for OMX/cmex/m/n on input line 108.
LaTeX Font Info:    ... okay on input line 108.
LaTeX Font Info:    Checking defaults for U/cmr/m/n on input line 108.
LaTeX Font Info:    ... okay on input line 108.
LaTeX Font Info:    Checking defaults for PD1/pdf/m/n on input line 108.
LaTeX Font Info:    ... okay on input line 108.
LaTeX Font Info:    Try loading font information for OT1+ptm on input line 108.

(/usr/share/texmf/tex/latex/psnfss/ot1ptm.fd
File: ot1ptm.fd 2001/06/04 font definitions for OT1/ptm.
)
(/usr/share/texmf/tex/context/base/supp-pdf.tex
[Loading MPS to PDF converter (version 2006.09.02).]
\scratchcounter=\count121
\scratchdimen=\dimen125
\scratchbox=\box46
\nofMPsegments=\count122
\nofMParguments=\count123
\MPscratchCnt=\count124
\MPscratchDim=\dimen126
\MPnumerator=\count125
\everyMPtoPDFconversion=\toks33
)
Package hyperref Info: Link coloring ON on input line 108.
 (/usr/share/texmf/tex/latex/hyperref/nameref.sty
Package: nameref 2006/12/27 v2.28 Cross-referencing by name of section

(/usr/share/texmf/tex/latex/oberdiek/refcount.sty
Package: refcount 2006/02/20 v3.0 Data extraction from references (HO)
)
\c@section@level=\count126
)
LaTeX Info: Redefining \ref on input line 108.
LaTeX Info: Redefining \pageref on input line 108.
 (./paper.out) (./paper.out)
\@outlinefile=\write4
\openout4 = `paper.out'.

Class revtex4-1 Info: Taking \maketitle back from hyperref on input line 108.
\openout3 = `paperNotes.bib'.

LaTeX Font Info:    Try loading font information for U+msa on input line 132.
(/usr/share/texmf/tex/latex/amsfonts/umsa.fd
File: umsa.fd 2002/01/19 v2.2g AMS font definitions
)
LaTeX Font Info:    Try loading font information for U+msb on input line 132.

(/usr/share/texmf/tex/latex/amsfonts/umsb.fd
File: umsb.fd 2002/01/19 v2.2g AMS font definitions
)
LaTeX Font Info:    Try loading font information for U+lasy on input line 132.

(/usr/share/texmf/tex/latex/base/ulasy.fd
File: ulasy.fd 1998/08/17 v2.2e LaTeX symbol font definitions
)
LaTeX Font Info:    Font shape `U/lasy/b/n' in size <9> not available
(Font)              Font shape `U/lasy/m/n' tried instead on input line 132.
LaTeX Font Info:    Font shape `U/lasy/b/n' in size <6> not available
(Font)              Font shape `U/lasy/m/n' tried instead on input line 132.
LaTeX Font Info:    Font shape `U/lasy/b/n' in size <5> not available
(Font)              Font shape `U/lasy/m/n' tried instead on input line 132.
LaTeX Font Info:    Font shape `OT1/ptm/bx/n' in size <12> not available
(Font)              Font shape `OT1/ptm/b/n' tried instead on input line 163.
LaTeX Font Info:    Font shape `OT1/ptm/bx/n' in size <9> not available
(Font)              Font shape `OT1/ptm/b/n' tried instead on input line 164.
 (./introduction.tex
LaTeX Font Info:    Font shape `OT1/ptm/bx/n' in size <10> not available
(Font)              Font shape `OT1/ptm/b/n' tried instead on input line 4.


Package natbib Warning: Citation `Harry:2010zz' on page 1 undefined on input li
ne 4.


Package natbib Warning: Citation `aVIRGO' on page 1 undefined on input line 4.

LaTeX Font Info:    Font shape `U/lasy/b/n' in size <7> not available
(Font)              Font shape `U/lasy/m/n' tried instead on input line 5.

Package natbib Warning: Citation `Aasi:2013wya' on page 1 undefined on input li
ne 5.


Package natbib Warning: Citation `Somiya:2011np' on page 1 undefined on input l
ine 6.


Package natbib Warning: Citation `LSCCBCRates2010' on page 1 undefined on input
 line 14.


Package natbib Warning: Citation `1973NInfo..27...86T' on page 1 undefined on i
nput line 25.


Package natbib Warning: Citation `1973NInfo..27...70T' on page 1 undefined on i
nput line 25.


Package natbib Warning: Citation `Webbink:1984ti' on page 1 undefined on input 
line 28.


Package natbib Warning: Citation `Kowalska:2012bb' on page 1 undefined on input
 line 28.


Package natbib Warning: Citation `Fryer:2011cx' on page 1 undefined on input li
ne 28.


Package natbib Warning: Citation `Dominik:2012kk' on page 1 undefined on input 
line 32.


Package natbib Warning: Citation `Belczynski:2012cx' on page 1 undefined on inp
ut line 32.


Package natbib Warning: Citation `Fryer:2011cx' on page 1 undefined on input li
ne 36.


Package natbib Warning: Citation `Dominik:2012kk' on page 1 undefined on input 
line 36.


Package natbib Warning: Citation `1938AnMat..39...65E' on page 1 undefined on i
nput line 46.


Package natbib Warning: Citation `Einstein:1940mt' on page 1 undefined on input
 line 46.


Package natbib Warning: Citation `einstein1949motion' on page 1 undefined on in
put line 46.


Package natbib Warning: Citation `Cutler:1994ys' on page 1 undefined on input l
ine 51.


Package natbib Warning: Citation `Blanchet:2004ek' on page 1 undefined on input
 line 51.


Package natbib Warning: Citation `Blanchet:2004bb' on page 1 undefined on input
 line 51.


Package natbib Warning: Citation `Jaranowski:1999qd' on page 1 undefined on inp
ut line 51.


Package natbib Warning: Citation `Jaranowski:1999ye' on page 1 undefined on inp
ut line 51.


Package natbib Warning: Citation `Damour:2001bu' on page 1 undefined on input l
ine 51.


Package natbib Warning: Citation `Droz:1999qx' on page 1 undefined on input lin
e 51.


Package natbib Warning: Citation `Kidder:2007rt' on page 1 undefined on input l
ine 51.


Package natbib Warning: Citation `Blanchet3PN' on page 1 undefined on input lin
e 51.


Package natbib Warning: Citation `CompTemplates2001' on page 1 undefined on inp
ut line 54.


Package natbib Warning: Citation `CompTemplates2009' on page 1 undefined on inp
ut line 54.


Package natbib Warning: Citation `Pretorius2005' on page 1 undefined on input l
ine 59.


Package natbib Warning: Citation `Baker:2005vv' on page 1 undefined on input li
ne 59.


Package natbib Warning: Citation `Campanelli:2005dd' on page 1 undefined on inp
ut line 59.


Package natbib Warning: Citation `Pretorius2006' on page 1 undefined on input l
ine 59.


Package natbib Warning: Citation `Lindblom:2005qh' on page 1 undefined on input
 line 59.


Package natbib Warning: Citation `Herrmann:2006ks' on page 1 undefined on input
 line 64.


Package natbib Warning: Citation `Baker:2006vn' on page 1 undefined on input li
ne 64.


Package natbib Warning: Citation `Herrmann:2007ac' on page 1 undefined on input
 line 64.


Package natbib Warning: Citation `Koppitz:2007ev' on page 1 undefined on input 
line 64.


Package natbib Warning: Citation `Campanelli:2007ew' on page 1 undefined on inp
ut line 64.


Package natbib Warning: Citation `Gonzalez:2007hi' on page 1 undefined on input
 line 64.


Package natbib Warning: Citation `Campanelli:2007cga' on page 1 undefined on in
put line 64.


Package natbib Warning: Citation `Baker:2007gi' on page 1 undefined on input li
ne 64.


Package natbib Warning: Citation `Herrmann:2007ex' on page 1 undefined on input
 line 64.


Package natbib Warning: Citation `Brugmann:2007zj' on page 1 undefined on input
 line 64.


Package natbib Warning: Citation `Schnittman:2007ij' on page 1 undefined on inp
ut line 64.


Package natbib Warning: Citation `Pollney:2007ss' on page 1 undefined on input 
line 64.


Package natbib Warning: Citation `Healy:2008js' on page 1 undefined on input li
ne 64.


Package natbib Warning: Citation `Gonzalez:2008bi' on page 1 undefined on input
 line 64.


Package natbib Warning: Citation `Gonzalez:2007hi' on page 1 undefined on input
 line 64.


Package natbib Warning: Citation `Campanelli:2006fg' on page 1 undefined on inp
ut line 68.


Package natbib Warning: Citation `Campanelli:2006fy' on page 1 undefined on inp
ut line 68.


Package natbib Warning: Citation `Rezzolla:2007xa' on page 1 undefined on input
 line 68.


Package natbib Warning: Citation `Boyle:2007sz' on page 1 undefined on input li
ne 68.


Package natbib Warning: Citation `Rezzolla:2007rd' on page 1 undefined on input
 line 68.


Package natbib Warning: Citation `Marronetti:2007wz' on page 1 undefined on inp
ut line 68.


Package natbib Warning: Citation `Rezzolla:2008sd' on page 1 undefined on input
 line 68.


Package natbib Warning: Citation `Lousto:2009mf' on page 1 undefined on input l
ine 68.


Package natbib Warning: Citation `Hemberger:2013hsa' on page 1 undefined on inp
ut line 68.


Package natbib Warning: Citation `Pretorius:2007nq' on page 1 undefined on inpu
t line 70.


Package natbib Warning: Citation `Hinder:2010vn' on page 1 undefined on input l
ine 70.


Package natbib Warning: Citation `Pfeiffer:2012pc' on page 1 undefined on input
 line 70.


Package natbib Warning: Citation `Campanelli:2010ac' on page 1 undefined on inp
ut line 70.


Package natbib Warning: Citation `Hannam:2009rd' on page 1 undefined on input l
ine 70.


Package natbib Warning: Citation `spec' on page 1 undefined on input line 74.


Package natbib Warning: Citation `Buchman:2012dw' on page 1 undefined on input 
line 75.


Package natbib Warning: Citation `Mroue:2012kv' on page 1 undefined on input li
ne 75.


Package natbib Warning: Citation `Mroue:2013inPrep' on page 1 undefined on inpu
t line 75.


Package natbib Warning: Citation `EOBOriginalBuonannoDamour' on page 1 undefine
d on input line 78.


Package natbib Warning: Citation `EOBNRdevel01' on page 1 undefined on input li
ne 78.


Package natbib Warning: Citation `BuonannoEOBv2Main' on page 1 undefined on inp
ut line 78.


Package natbib Warning: Citation `Taracchini:2012ig' on page 1 undefined on inp
ut line 78.


Package natbib Warning: Citation `Boyle:2011dy' on page 1 undefined on input li
ne 82.


Package natbib Warning: Citation `MacDonald:2011ne' on page 1 undefined on inpu
t line 82.


Package natbib Warning: Citation `MacDonald:2012mp' on page 1 undefined on inpu
t line 82.


Package natbib Warning: Citation `Ohme:2011zm' on page 1 undefined on input lin
e 82.


Package natbib Warning: Citation `Hannam:2010ky' on page 1 undefined on input l
ine 82.


Package natbib Warning: Citation `Ajith:2007qp' on page 1 undefined on input li
ne 83.


Package natbib Warning: Citation `Santamaria:2010yb' on page 1 undefined on inp
ut line 83.


Package natbib Warning: Citation `Aylott:2009tn' on page 1 undefined on input l
ine 85.


Package natbib Warning: Citation `Ajith:2012tt' on page 1 undefined on input li
ne 85.


Package natbib Warning: Citation `Santamaria:2009tm' on page 1 undefined on inp
ut line 87.


Package natbib Warning: Citation `Aylott:2009ya' on page 1 undefined on input l
ine 87.


Underfull \hbox (badness 1082) in paragraph at lines 56--88
\OT1/ptm/m/n/10 led to sim-u-la-tions of BBH dy-nam-ics in the strong-field
 []


Package natbib Warning: Citation `Abadie:2010mt' on page 1 undefined on input l
ine 90.


Package natbib Warning: Citation `Abadie:2010wx' on page 1 undefined on input l
ine 90.


Package natbib Warning: Citation `Abadie:2012rq' on page 1 undefined on input l
ine 90.


Package natbib Warning: Citation `Colaboration:2011nz' on page 1 undefined on i
nput line 92.


Package natbib Warning: Citation `Abadie:2010yb' on page 1 undefined on input l
ine 92.


Package natbib Warning: Citation `Abbott:2009qj' on page 1 undefined on input l
ine 92.


Package natbib Warning: Citation `Abbott:2009tt' on page 1 undefined on input l
ine 92.


Package natbib Warning: Citation `Messaritaki:2005wv' on page 1 undefined on in
put line 92.


Package natbib Warning: Citation `Abadie:2011kd' on page 1 undefined on input l
ine 92.


Package natbib Warning: Citation `Aasi:2012rja' on page 1 undefined on input li
ne 92.


Package natbib Warning: Citation `Abbott:2009km' on page 1 undefined on input l
ine 93.


Package natbib Warning: Citation `Abbott:2003yq' on page 1 undefined on input l
ine 95.


Package natbib Warning: Citation `Abbott:2005pu' on page 1 undefined on input l
ine 95.


Package natbib Warning: Citation `Sintes:2005fp' on page 1 undefined on input l
ine 95.


Package natbib Warning: Citation `Abadie:2011md' on page 1 undefined on input l
ine 95.


Package natbib Warning: Citation `Palomba:2012wn' on page 1 undefined on input 
line 95.


Package natbib Warning: Citation `Wainstein:1962' on page 1 undefined on input 
line 96.


Package natbib Warning: Citation `Allen:2005fk' on page 1 undefined on input li
ne 96.


Package natbib Warning: Citation `Sathyaprakash:1991mt' on page 1 undefined on 
input line 99.


Package natbib Warning: Citation `SathyaMetric2PN' on page 1 undefined on input
 line 99.


Package natbib Warning: Citation `OwenTemplateSpacing' on page 1 undefined on i
nput line 99.


Package natbib Warning: Citation `BabaketalBankPlacement' on page 1 undefined o
n input line 99.


Package natbib Warning: Citation `SathyaBankPlacementTauN' on page 1 undefined 
on input line 99.


Package natbib Warning: Citation `Cokelaer:2007kx' on page 1 undefined on input
 line 99.


Package natbib Warning: Citation `1057571' on page 1 undefined on input line 10
2.


Package natbib Warning: Citation `Colaboration:2011nz' on page 1 undefined on i
nput line 106.


Package natbib Warning: Citation `Abadie:2010yb' on page 1 undefined on input l
ine 106.


Package natbib Warning: Citation `Abbott:2009qj' on page 1 undefined on input l
ine 106.


Package natbib Warning: Citation `Abbott:2009tt' on page 1 undefined on input l
ine 106.


Package natbib Warning: Citation `Messaritaki:2005wv' on page 1 undefined on in
put line 106.


Package natbib Warning: Citation `Abadie:2011kd' on page 1 undefined on input l
ine 111.


Package natbib Warning: Citation `Aasi:2012rja' on page 1 undefined on input li
ne 111.

[1{/usr/share/texmf/fonts/map/pdftex/updmap/pdftex.map}]

Package natbib Warning: Citation `MacDonald:2011ne' on page 2 undefined on inpu
t line 127.


Package natbib Warning: Citation `MacDonald:2012mp' on page 2 undefined on inpu
t line 127.


Package natbib Warning: Citation `aLIGONoiseCurve' on page 2 undefined on input
 line 146.


Package natbib Warning: Citation `aLIGOsensitivity' on page 2 undefined on inpu
t line 146.


Package natbib Warning: Citation `MacDonald:2012mp' on page 2 undefined on inpu
t line 152.


Package natbib Warning: Citation `Mroue:2012kv' on page 2 undefined on input li
ne 152.


Package natbib Warning: Citation `Buchman:2012dw' on page 2 undefined on input 
line 152.


Package natbib Warning: Citation `Mroue:2013xna' on page 2 undefined on input l
ine 152.


Package natbib Warning: Citation `Mroue:2012kv' on page 2 undefined on input li
ne 152.


Package natbib Warning: Citation `Harry:2009ea' on page 2 undefined on input li
ne 153.


Package natbib Warning: Citation `Ajith:2012mn' on page 2 undefined on input li
ne 153.


Package natbib Warning: Citation `Manca:2009xw' on page 2 undefined on input li
ne 153.


Package natbib Warning: Citation `BuonannoEOBv2Main' on page 2 undefined on inp
ut line 156.


Package natbib Warning: Citation `FittingFactorApostolatos' on page 2 undefined
 on input line 159.


Package natbib Warning: Citation `MacDonald:2011ne' on page 2 undefined on inpu
t line 188.


Package natbib Warning: Citation `MacDonald:2012mp' on page 2 undefined on inpu
t line 188.


Package natbib Warning: Citation `Sathyaprakash:1991mt' on page 2 undefined on 
input line 195.


Package natbib Warning: Citation `SathyaMetric2PN' on page 2 undefined on input
 line 195.


Package natbib Warning: Citation `OwenTemplateSpacing' on page 2 undefined on i
nput line 195.


Package natbib Warning: Citation `BabaketalBankPlacement' on page 2 undefined o
n input line 195.


Package natbib Warning: Citation `SathyaBankPlacementTauN' on page 2 undefined 
on input line 195.


Package natbib Warning: Citation `Cokelaer:2007kx' on page 2 undefined on input
 line 195.


Package natbib Warning: Citation `Sathyaprakash:2000qx' on page 2 undefined on 
input line 198.


Package natbib Warning: Citation `CompTemplates2009' on page 2 undefined on inp
ut line 204.


Package natbib Warning: Citation `Brown:2012nn' on page 2 undefined on input li
ne 204.


LaTeX Warning: Reference `table:fullqlist' on page 2 undefined on input line 20
7.

[2]

LaTeX Warning: Reference `s2:NRwaveforms' on page 3 undefined on input line 220
.


LaTeX Warning: Reference `s2:PNwaveforms' on page 3 undefined on input line 221
.


LaTeX Warning: Reference `s2:NRpNhybridwaveforms' on page 3 undefined on input 
line 222.


LaTeX Warning: Reference `s2:EOBwaveforms' on page 3 undefined on input line 22
3.


LaTeX Warning: Reference `s1:quantifyingerrors' on page 3 undefined on input li
ne 225.


LaTeX Warning: Reference `s1:NRonlybank' on page 3 undefined on input line 228.



LaTeX Warning: Reference `s1:NRpNhybridbank' on page 3 undefined on input line 
230.


LaTeX Warning: Reference `s1:futureNRpNhybridbank' on page 3 undefined on input
 line 232.


LaTeX Warning: Reference `s1:conclusions' on page 3 undefined on input line 236
.

) (./pndescription.tex

Package natbib Warning: Citation `Jaranowski:1997ky' on page 3 undefined on inp
ut line 8.


Package natbib Warning: Citation `Jaranowski:1999ye' on page 3 undefined on inp
ut line 8.


Package natbib Warning: Citation `Jaranowski:1999qd' on page 3 undefined on inp
ut line 8.


Package natbib Warning: Citation `Damour:2001bu' on page 3 undefined on input l
ine 8.


Package natbib Warning: Citation `Blanchet:2003gy' on page 3 undefined on input
 line 8.


Package natbib Warning: Citation `Damour:2000ni' on page 3 undefined on input l
ine 8.


Package natbib Warning: Citation `Blanchet:2002mb' on page 3 undefined on input
 line 8.


Package natbib Warning: Citation `FluxandE3-5PN' on page 3 undefined on input l
ine 26.


Package natbib Warning: Citation `Blanchet:2004ek' on page 3 undefined on input
 line 26.


Package natbib Warning: Citation `Blanchet:2005tk' on page 3 undefined on input
 line 26.


Package natbib Warning: Citation `Blanchet:2004bb' on page 3 undefined on input
 line 26.

LaTeX Font Info:    Try loading font information for OMS+ptm on input line 54.
(/usr/share/texmf/tex/latex/psnfss/omsptm.fd
File: omsptm.fd 
)
LaTeX Font Info:    Font shape `OMS/ptm/m/n' in size <10> not available
(Font)              Font shape `OMS/cmsy/m/n' tried instead on input line 54.


Package natbib Warning: Citation `MatthewsWalker' on page 3 undefined on input 
line 55.


Package natbib Warning: Citation `Colaboration:2011nz' on page 3 undefined on i
nput line 60.


Package natbib Warning: Citation `Abadie:2010yb' on page 3 undefined on input l
ine 60.


Package natbib Warning: Citation `Abbott:2009qj' on page 3 undefined on input l
ine 60.


Package natbib Warning: Citation `Abbott:2009tt' on page 3 undefined on input l
ine 60.


Package natbib Warning: Citation `Messaritaki:2005wv' on page 3 undefined on in
put line 60.


Package natbib Warning: Citation `PNtheoryLivingReviewBlanchet' on page 3 undef
ined on input line 61.


Package natbib Warning: Citation `JolienGWPhysAst' on page 3 undefined on input
 line 61.

) (./eobnrv2description.tex

Package natbib Warning: Citation `BuonannoEOBv2Main' on page 3 undefined on inp
ut line 5.


Package natbib Warning: Citation `EOBOriginalBuonannoDamour' on page 3 undefine
d on input line 13.


Package natbib Warning: Citation `EOBdevel01' on page 3 undefined on input line
 18.


Package natbib Warning: Citation `EOBdevel02' on page 3 undefined on input line
 18.


Package natbib Warning: Citation `EOBNRdevel03' on page 3 undefined on input li
ne 18.


Package natbib Warning: Citation `DamourFluxhlm01' on page 3 undefined on input
 line 18.


Package natbib Warning: Citation `EOBNRdevel01' on page 3 undefined on input li
ne 18.


Package natbib Warning: Citation `BuonannoEOBv2Main' on page 3 undefined on inp
ut line 19.


Underfull \hbox (badness 2856) in paragraph at lines 12--23
[]\OT1/ptm/m/n/10 The EOB for-mal-ism maps the dy-nam-ics of a two-
 []


Package natbib Warning: Citation `EOBOriginalBuonannoDamour' on page 3 undefine
d on input line 25.


Package natbib Warning: Citation `EOBOriginalBuonannoDamour' on page 3 undefine
d on input line 34.


Package natbib Warning: Citation `PadeAD' on page 3 undefined on input line 34.



Package natbib Warning: Citation `EOBNRdevel01' on page 3 undefined on input li
ne 37.


Package natbib Warning: Citation `EOBNRdevel02' on page 3 undefined on input li
ne 37.


Package natbib Warning: Citation `EOBNRdevel03' on page 3 undefined on input li
ne 37.


Package natbib Warning: Citation `EOBNRdevel04' on page 3 undefined on input li
ne 37.


Package natbib Warning: Citation `BuonannoEOBv2Main' on page 3 undefined on inp
ut line 37.


Package natbib Warning: Citation `BuonannoEOBv2Main' on page 3 undefined on inp
ut line 38.


Package natbib Warning: Citation `BuonannoEOBv2Main' on page 3 undefined on inp
ut line 43.


Package natbib Warning: Citation `BuonannoEOBv2Main' on page 3 undefined on inp
ut line 54.


Package natbib Warning: Citation `BuonannoEOBv2Main' on page 3 undefined on inp
ut line 60.


Package natbib Warning: Citation `DamourFluxhlm01' on page 3 undefined on input
 line 100.


Package natbib Warning: Citation `BuonannoEOBv2Main' on page 3 undefined on inp
ut line 101.


Package natbib Warning: Citation `EOBNRdevel01' on page 3 undefined on input li
ne 112.


Package natbib Warning: Citation `EOBNRdevel02' on page 3 undefined on input li
ne 112.


Package natbib Warning: Citation `EOBNRdevel04' on page 3 undefined on input li
ne 112.


Package natbib Warning: Citation `BHRDQNMs' on page 3 undefined on input line 1
12.


Package natbib Warning: Citation `EOBNRdevel01' on page 3 undefined on input li
ne 118.


Package natbib Warning: Citation `BuonannoEOBv2Main' on page 3 undefined on inp
ut line 118.


Package natbib Warning: Citation `BuonannoEOBv2Main' on page 3 undefined on inp
ut line 123.

) (./nrwaveformsdescription.tex

Package natbib Warning: Citation `spec' on page 3 undefined on input line 3.

Missing character: There is no â in font ptmr7t!
Missing character: There is no € in font ptmr7t!
Missing character: There is no ™ in font ptmr7t!

Package natbib Warning: Citation `Buchman:2012dw' on page 3 undefined on input 
line 11.


Package natbib Warning: Citation `Scheel:2008rj' on page 3 undefined on input l
ine 11.


Package natbib Warning: Citation `NRPNComparisonBoyleetal' on page 3 undefined 
on input line 11.


Package natbib Warning: Citation `Mroue:2012kv' on page 3 undefined on input li
ne 11.

[3]

Package natbib Warning: Citation `MacDonald:2012mp' on page 4 undefined on inpu
t line 15.


Package natbib Warning: Citation `Mroue:2012kv' on page 4 undefined on input li
ne 15.


Package natbib Warning: Citation `Buchman:2012dw' on page 4 undefined on input 
line 17.


Package natbib Warning: Citation `Buchman:2012dw' on page 4 undefined on input 
line 18.


Package natbib Warning: Citation `Mroue:2013xna' on page 4 undefined on input l
ine 23.


Package natbib Warning: Citation `Mroue:2012kv' on page 4 undefined on input li
ne 23.


LaTeX Warning: Reference `table:etalist4' on page 4 undefined on input line 30.


) (./hybridizationprocedures.tex

Package natbib Warning: Citation `MacDonald:2011ne' on page 4 undefined on inpu
t line 1.


Package natbib Warning: Citation `MacDonald:2011ne' on page 4 undefined on inpu
t line 5.


LaTeX Warning: Reference `eq:tcphic_bymin' on page 4 undefined on input line 14
.


LaTeX Warning: Reference `eq:omega_match' on page 4 undefined on input line 30.



LaTeX Warning: Reference `eq:BlendingFunction' on page 4 undefined on input lin
e 30.

) (./mathdefinitions.tex

Package natbib Warning: Citation `FittingFactorApostolatos' on page 4 undefined
 on input line 5.


Package natbib Warning: Citation `Sathyaprakash:1991mt' on page 4 undefined on 
input line 5.


Package natbib Warning: Citation `Balasubramanian:1995bm' on page 4 undefined o
n input line 5.


Package natbib Warning: Citation `aLIGONoiseCurve' on page 4 undefined on input
 line 27.

[4]
Underfull \hbox (badness 1275) in paragraph at lines 55--59
[]\OT1/ptm/m/n/10 Matched-filtering de-tec-tion searches em-ploy a dis-crete
 []


LaTeX Warning: Reference `eq:realoptimalSNR' on page 5 undefined on input line 
73.


Package natbib Warning: Citation `WaveformAccuracy2008' on page 5 undefined on 
input line 79.


Package natbib Warning: Citation `WaveformAccuracy2010' on page 5 undefined on 
input line 79.

<Eff1v2.png, id=118, 359.84438pt x 298.11375pt>
File: Eff1v2.png Graphic file (type png)
 <use Eff1v2.png>

Package natbib Warning: Citation `WaveformAccuracy2008' on page 5 undefined on 
input line 127.


Package natbib Warning: Citation `WaveformAccuracy2008' on page 5 undefined on 
input line 127.


LaTeX Warning: Reference `fig:EFFdiag1' on page 5 undefined on input line 140.


Package natbib Warning: Citation `FittingFactorApostolatos' on page 5 undefined
 on input line 148.


LaTeX Warning: Reference `eq:mismatch' on page 5 undefined on input line 162.


Package natbib Warning: Citation `Cannon:2012gq' on page 5 undefined on input l
ine 168.


Overfull \hbox (1.53635pt too wide) detected at line 187
[]\OT1/cmr/m/n/10 ^^@[](\OML/cmm/m/it/10 x\OT1/cmr/m/n/10 ) \OMS/cmsy/m/n/10 ^^
Q [][] [][] \OT1/cmr/m/n/10 = []  \OMS/cmsy/m/n/10 M\OT1/cmr/m/n/10 (\OML/cmm/m
/it/10 h[]; h[]\OT1/cmr/m/n/10 )
 []


LaTeX Warning: Reference `eq:FFGammas' on page 5 undefined on input line 189.


LaTeX Warning: Reference `s2:NRpNhybridwaveforms' on page 5 undefined on input 
line 195.


Package natbib Warning: Citation `MacDonald:2011ne' on page 5 undefined on inpu
t line 197.


Package natbib Warning: Citation `MacDonald:2012mp' on page 5 undefined on inpu
t line 197.

[5]

LaTeX Warning: Reference `fig:EFFdiag1' on page 6 undefined on input line 223.


Package natbib Warning: Citation `BuonannoEOBv2Main' on page 6 undefined on inp
ut line 227.


LaTeX Warning: Reference `eq:GammaBank' on page 6 undefined on input line 230.


LaTeX Warning: Reference `s1:NRonlybank' on page 6 undefined on input line 236.



LaTeX Warning: Reference `eq:Gammabnkfinal' on page 6 undefined on input line 2
43.


LaTeX Warning: Reference `s1:NRpNhybridbank' on page 6 undefined on input line 
244.


LaTeX Warning: Reference `s1:futureNRpNhybridbank' on page 6 undefined on input
 line 244.


LaTeX Warning: Reference `eq:FFGammas' on page 6 undefined on input line 246.


LaTeX Warning: Reference `eq:GammaHybfinal' on page 6 undefined on input line 2
47.

) (./pNuncertainties.tex

LaTeX Warning: Reference `s2:quantifyingerrors' on page 6 undefined on input li
ne 11.


LaTeX Warning: Reference `eq:mismatch' on page 6 undefined on input line 13.


LaTeX Warning: Reference `s2:EOBwaveforms' on page 6 undefined on input line 19
.

) (./nrbankresults.tex
<BBHm1m2_tlen_Ncyc40_0-99_Mchirp27_cropped.png, id=135, 436.5108pt x 248.6088pt
>
File: BBHm1m2_tlen_Ncyc40_0-99_Mchirp27_cropped.png Graphic file (type png)
 <use BBHm1m2_tlen_Ncyc40_0-99_Mchirp27_cropped.png>
Overfull \hbox (24.6015pt too wide) in paragraph at lines 4--6
 [][] 
 []


Package natbib Warning: Citation `Buchman:2012dw' on page 6 undefined on input 
line 19.


Package natbib Warning: Citation `BuonannoEOBv2Main' on page 6 undefined on inp
ut line 20.


LaTeX Warning: Reference `eq:FFGammas' on page 6 undefined on input line 28.


Package natbib Warning: Citation `40GWcycles' on page 6 undefined on input line
 39.

[6]

LaTeX Warning: Reference `eq:99percentpower' on page 7 undefined on input line 
49.


LaTeX Warning: Reference `fig:BBHregion' on page 7 undefined on input line 60.


Package natbib Warning: Citation `Harry:2009ea' on page 7 undefined on input li
ne 79.


Package natbib Warning: Citation `Ajith:2012mn' on page 7 undefined on input li
ne 79.


Package natbib Warning: Citation `Manca:2009xw' on page 7 undefined on input li
ne 79.


LaTeX Warning: Reference `fig:BBHregion' on page 7 undefined on input line 99.

<bank002_01_01_mtot200_match_cropped.png, id=147, 436.029pt x 248.127pt>
File: bank002_01_01_mtot200_match_cropped.png Graphic file (type png)

<use bank002_01_01_mtot200_match_cropped.png>
<bank006_01_mtot200_match_cropped.png, id=148, 436.029pt x 247.1634pt>
File: bank006_01_mtot200_match_cropped.png Graphic file (type png)

<use bank006_01_mtot200_match_cropped.png>

LaTeX Warning: Reference `fig:bank001_01_match' on page 7 undefined on input li
ne 133.


LaTeX Warning: Reference `fig:bank001_01_match' on page 7 undefined on input li
ne 133.


LaTeX Warning: Reference `s1:quantifyingerrors' on page 7 undefined on input li
ne 152.


LaTeX Warning: Reference `eq:NRFFGammas' on page 7 undefined on input line 152.



LaTeX Warning: Reference `fig:bank001_01_match' on page 7 undefined on input li
ne 154.


LaTeX Warning: Reference `fig:bank006_01_match' on page 7 undefined on input li
ne 164.

) [7] (./hybridbankresults.tex

LaTeX Warning: Reference `s1:NRonlybank' on page 8 undefined on input line 3.

<maxmismatchVSmass_allq.pdf, id=158, 481.8pt x 481.8pt>
File: maxmismatchVSmass_allq.pdf Graphic file (type pdf)

<use maxmismatchVSmass_allq.pdf>

LaTeX Warning: Reference `s1:NRonlybank' on page 8 undefined on input line 35.


LaTeX Warning: Reference `s1:NRonlybank' on page 8 undefined on input line 35.


LaTeX Warning: Reference `s2:NRpNhybridwaveforms' on page 8 undefined on input 
line 40.


LaTeX Warning: Reference `s1:quantifyingerrors' on page 8 undefined on input li
ne 43.


LaTeX Warning: Reference `fig:Current-NR-PN-Errors' on page 8 undefined on inpu
t line 44.


LaTeX Warning: Reference `s1:NRonlybank' on page 8 undefined on input line 54.


<bank001_lowM_01_stochastic_mtot200_logMq_NOhybMM.png, id=159, 436.7517pt x 268
.6035pt>
File: bank001_lowM_01_stochastic_mtot200_logMq_NOhybMM.png Graphic file (type p
ng)
 <use bank001_lowM_01_stochastic_mtot200_logMq_NOhybMM.png>
<bank001_lowM_01_stochastic_mtot200_logMq_hybMM.png, id=160, 436.7517pt x 268.6
035pt>
File: bank001_lowM_01_stochastic_mtot200_logMq_hybMM.png Graphic file (type png
)
 <use bank001_lowM_01_stochastic_mtot200_logMq_hybMM.png>

Package natbib Warning: Citation `Harry:2009ea' on page 8 undefined on input li
ne 84.


Package natbib Warning: Citation `Ajith:2012mn' on page 8 undefined on input li
ne 84.


Package natbib Warning: Citation `Manca:2009xw' on page 8 undefined on input li
ne 84.


Package natbib Warning: Citation `Harry:2009ea' on page 8 undefined on input li
ne 84.


Package natbib Warning: Citation `Ajith:2012mn' on page 8 undefined on input li
ne 84.


Package natbib Warning: Citation `Manca:2009xw' on page 8 undefined on input li
ne 84.

<bank_26022013_02_mtot200_logMq_NOhybMM.png, id=161, 436.7517pt x 268.6035pt>
File: bank_26022013_02_mtot200_logMq_NOhybMM.png Graphic file (type png)

<use bank_26022013_02_mtot200_logMq_NOhybMM.png>
<bank_26022013_02_mtot200_logMq_hybMM.png, id=162, 436.7517pt x 268.6035pt>
File: bank_26022013_02_mtot200_logMq_hybMM.png Graphic file (type png)

<use bank_26022013_02_mtot200_logMq_hybMM.png>

LaTeX Warning: Reference `fig:Current-hybrids-stochastic-FF' on page 8 undefine
d on input line 108.


LaTeX Warning: Reference `fig:Current-hybrids-stochastic-FF' on page 8 undefine
d on input line 108.


<bank_26022013_02_hybrids_mtot200_logMq_NOhybMM.png, id=163, 436.7517pt x 268.6
035pt>
File: bank_26022013_02_hybrids_mtot200_logMq_NOhybMM.png Graphic file (type png
)
 <use bank_26022013_02_hybrids_mtot200_logMq_NOhybMM.png>
<bank_26022013_02_hybrids_mtot200_logMq_hybMM.png, id=164, 436.7517pt x 268.603
5pt>
File: bank_26022013_02_hybrids_mtot200_logMq_hybMM.png Graphic file (type png)
 <use bank_26022013_02_hybrids_mtot200_logMq_hybMM.png>

LaTeX Warning: Reference `fig:Current-hybrids-FF' on page 8 undefined on input 
line 134.


Package natbib Warning: Citation `BuonannoEOBv2Main' on page 8 undefined on inp
ut line 134.


LaTeX Warning: Reference `fig:Current-hybrids-FF' on page 8 undefined on input 
line 134.


Package natbib Warning: Citation `BuonannoEOBv2Main' on page 8 undefined on inp
ut line 134.


LaTeX Warning: Reference `s1:NRonlybank' on page 8 undefined on input line 144.



Package natbib Warning: Citation `BuonannoEOBv2Main' on page 8 undefined on inp
ut line 153.


LaTeX Warning: Reference `fig:Current-hybrids-stochastic-FF' on page 8 undefine
d on input line 156.


LaTeX Warning: Reference `fig:Current-NR-PN-Errors' on page 8 undefined on inpu
t line 163.


LaTeX Warning: Reference `fig:Current-hybrids-stochastic-FF' on page 8 undefine
d on input line 164.


LaTeX Warning: Reference `fig:Current-hybrids-FF' on page 8 undefined on input 
line 172.

[8]

LaTeX Warning: Reference `fig:Current-hybrids-FF' on page 9 undefined on input 
line 187.


LaTeX Warning: Reference `fig:Current-hybrids-FF' on page 9 undefined on input 
line 192.


LaTeX Warning: Reference `eq:FFGammas' on page 9 undefined on input line 193.


LaTeX Warning: Reference `s1:quantifyingerrors' on page 9 undefined on input li
ne 196.

[9]

LaTeX Warning: Reference `fig:Current-hybrids-stochastic-FF' on page 10 undefin
ed on input line 199.


LaTeX Warning: Reference `fig:Current-hybrids-FF' on page 10 undefined on input
 line 200.


Package natbib Warning: Citation `SathyaBankPlacementTauN' on page 10 undefined
 on input line 212.


Package natbib Warning: Citation `BabaketalBankPlacement' on page 10 undefined 
on input line 212.


Package natbib Warning: Citation `SathyaMetric2PN' on page 10 undefined on inpu
t line 212.


Package natbib Warning: Citation `Cokelaer:2007kx' on page 10 undefined on inpu
t line 212.


LaTeX Warning: Reference `fig:Current-real-hybrids-FF' on page 10 undefined on 
input line 222.


LaTeX Warning: Reference `fig:Current-hybrids-stochastic-FF' on page 10 undefin
ed on input line 223.


LaTeX Warning: Reference `fig:Current-hybrids-FF' on page 10 undefined on input
 line 223.


LaTeX Warning: Reference `fig:Current-real-hybrids-FF' on page 10 undefined on 
input line 227.


LaTeX Warning: Reference `fig:Current-real-hybrids-FF' on page 10 undefined on 
input line 230.


LaTeX Warning: Reference `fig:Current-hybrids-stochastic-FF' on page 10 undefin
ed on input line 231.


LaTeX Warning: Reference `fig:Current-hybrids-FF' on page 10 undefined on input
 line 231.

) (./futurehybridbankresults.tex
<bank_separate_q1_mtot200_match.png, id=176, 436.7517pt x 268.6035pt>
File: bank_separate_q1_mtot200_match.png Graphic file (type png)

<use bank_separate_q1_mtot200_match.png>
<bank_separate_q4_mtot200_match.png, id=177, 436.7517pt x 268.6035pt>
File: bank_separate_q4_mtot200_match.png Graphic file (type png)

<use bank_separate_q4_mtot200_match.png>
<bank_separate_q8_mtot200_match.png, id=178, 436.7517pt x 268.6035pt>
File: bank_separate_q8_mtot200_match.png Graphic file (type png)

<use bank_separate_q8_mtot200_match.png>

Package natbib Warning: Citation `Brown:2012nn' on page 10 undefined on input l
ine 23.


Package natbib Warning: Citation `CompTemplates2009' on page 10 undefined on in
put line 23.


LaTeX Warning: Reference `fig:separate_q148' on page 10 undefined on input line
 34.


<bank_seperate_q1-4-35-4-65-9-6_01_mtot200_match.png, id=179, 436.7517pt x 269.
808pt>
File: bank_seperate_q1-4-35-4-65-9-6_01_mtot200_match.png Graphic file (type pn
g)
 <use bank_seperate_q1-4-35-4-65-9-6_01_mtot200_match.png>
<bank_seperate_q1-4-35-4-65-9-6_01_m1m2200_match.png, id=180, 436.7517pt x 269.
808pt>
File: bank_seperate_q1-4-35-4-65-9-6_01_m1m2200_match.png Graphic file (type pn
g)
 <use bank_seperate_q1-4-35-4-65-9-6_01_m1m2200_match.png>

Package natbib Warning: Citation `CompTemplates2009' on page 10 undefined on in
put line 60.


Package natbib Warning: Citation `Brown:2012nn' on page 10 undefined on input l
ine 60.


LaTeX Warning: Reference `s1:NRpNhybridbank' on page 10 undefined on input line
 60.


LaTeX Warning: Reference `s1:NRonlybank' on page 10 undefined on input line 60.



LaTeX Warning: Reference `table:fullqlist' on page 10 undefined on input line 6
0.


Package natbib Warning: Citation `CompTemplates2009' on page 10 undefined on in
put line 60.


Package natbib Warning: Citation `Brown:2012nn' on page 10 undefined on input l
ine 60.


LaTeX Warning: Reference `s1:NRpNhybridbank' on page 10 undefined on input line
 60.


LaTeX Warning: Reference `s1:NRonlybank' on page 10 undefined on input line 60.



LaTeX Warning: Reference `table:fullqlist' on page 10 undefined on input line 6
0.


LaTeX Warning: Reference `fig:templatebank_halfMassRatios' on page 10 undefined
 on input line 83.


LaTeX Warning: Reference `fig:templatebank_halfMassRatios' on page 10 undefined
 on input line 83.


LaTeX Warning: Reference `table:fullqlist' on page 10 undefined on input line 8
9.


LaTeX Warning: Reference `fig:templatebank_halfMassRatios' on page 10 undefined
 on input line 93.


LaTeX Warning: Reference `fig:templatebank_halfMassRatios' on page 10 undefined
 on input line 99.


Package natbib Warning: Citation `Brown:2012nn' on page 10 undefined on input l
ine 104.


Package natbib Warning: Citation `CompTemplates2009' on page 10 undefined on in
put line 104.

[10] <maxmismatchVSmass_q1.pdf, id=186, 481.8pt x 481.8pt>
File: maxmismatchVSmass_q1.pdf Graphic file (type pdf)

<use maxmismatchVSmass_q1.pdf>
<maxmismatchVSmass_q4.pdf, id=187, 481.8pt x 481.8pt>
File: maxmismatchVSmass_q4.pdf Graphic file (type pdf)

<use maxmismatchVSmass_q4.pdf>
<maxmismatchVSmass_q8.pdf, id=188, 481.8pt x 481.8pt>
File: maxmismatchVSmass_q8.pdf Graphic file (type pdf)

<use maxmismatchVSmass_q8.pdf>
<NRorbits2merger_cropped.png, id=189, 803.0pt x 674.52pt>
File: NRorbits2merger_cropped.png Graphic file (type png)

<use NRorbits2merger_cropped.png>
<NRomega_cropped.png, id=190, 800.9925pt x 667.49374pt>
File: NRomega_cropped.png Graphic file (type png)

<use NRomega_cropped.png>

LaTeX Warning: Reference `eq:GammaHybfinal' on page 11 undefined on input line 
150.


LaTeX Warning: Reference `fig:maxmismatchVSmass' on page 11 undefined on input 
line 151.


LaTeX Warning: Reference `fig:maxmismatchVSmass' on page 11 undefined on input 
line 153.


LaTeX Warning: Reference `fig:Current-NR-PN-Errors' on page 11 undefined on inp
ut line 163.


LaTeX Warning: Reference `fig:NRorbits2merger' on page 11 undefined on input li
ne 174.


LaTeX Warning: Reference `fig:NRorbits2merger' on page 11 undefined on input li
ne 176.

[11]) (./conclusions.tex

Package natbib Warning: Citation `Harry:2010zz' on page 12 undefined on input l
ine 4.


Package natbib Warning: Citation `aVIRGO' on page 12 undefined on input line 4.



Package natbib Warning: Citation `LSCCBCRates2010' on page 12 undefined on inpu
t line 10.


Package natbib Warning: Citation `Babak:2012zx' on page 12 undefined on input l
ine 14.


Package natbib Warning: Citation `Sathyaprakash:1991mt' on page 12 undefined on
 input line 14.


Package natbib Warning: Citation `SathyaMetric2PN' on page 12 undefined on inpu
t line 14.


Package natbib Warning: Citation `OwenTemplateSpacing' on page 12 undefined on 
input line 14.


Package natbib Warning: Citation `BabaketalBankPlacement' on page 12 undefined 
on input line 14.


Package natbib Warning: Citation `SathyaBankPlacementTauN' on page 12 undefined
 on input line 14.


Package natbib Warning: Citation `Cokelaer:2007kx' on page 12 undefined on inpu
t line 14.


Package natbib Warning: Citation `Colaboration:2011nz' on page 12 undefined on 
input line 17.


Package natbib Warning: Citation `Abadie:2010yb' on page 12 undefined on input 
line 17.


Package natbib Warning: Citation `Abbott:2009qj' on page 12 undefined on input 
line 17.


Package natbib Warning: Citation `Abbott:2009tt' on page 12 undefined on input 
line 17.


Package natbib Warning: Citation `Messaritaki:2005wv' on page 12 undefined on i
nput line 17.


Package natbib Warning: Citation `Brown:2012nn' on page 12 undefined on input l
ine 20.


Package natbib Warning: Citation `CompTemplates2009' on page 12 undefined on in
put line 20.


Package natbib Warning: Citation `Abadie:2011kd' on page 12 undefined on input 
line 22.


Package natbib Warning: Citation `Aasi:2012rja' on page 12 undefined on input l
ine 22.

[12]

Package natbib Warning: Citation `spec' on page 13 undefined on input line 27.


Package natbib Warning: Citation `Buchman:2012dw' on page 13 undefined on input
 line 29.


Package natbib Warning: Citation `Mroue:2012kv' on page 13 undefined on input l
ine 29.


Package natbib Warning: Citation `Mroue:2013inPrep' on page 13 undefined on inp
ut line 29.


Package natbib Warning: Citation `Brown:2012nn' on page 13 undefined on input l
ine 34.


Package natbib Warning: Citation `EOBOriginalBuonannoDamour' on page 13 undefin
ed on input line 37.


Package natbib Warning: Citation `EOBNRdevel01' on page 13 undefined on input l
ine 37.


Package natbib Warning: Citation `BuonannoEOBv2Main' on page 13 undefined on in
put line 37.


Package natbib Warning: Citation `Taracchini:2012ig' on page 13 undefined on in
put line 37.


Package natbib Warning: Citation `Abadie:2011kd' on page 13 undefined on input 
line 39.


Package natbib Warning: Citation `Aasi:2012rja' on page 13 undefined on input l
ine 39.


Package natbib Warning: Citation `Boyle:2011dy' on page 13 undefined on input l
ine 43.


Package natbib Warning: Citation `MacDonald:2011ne' on page 13 undefined on inp
ut line 43.


Package natbib Warning: Citation `MacDonald:2012mp' on page 13 undefined on inp
ut line 43.


Package natbib Warning: Citation `Ohme:2011zm' on page 13 undefined on input li
ne 43.


Package natbib Warning: Citation `Hannam:2010ky' on page 13 undefined on input 
line 43.


Package natbib Warning: Citation `NRAR:home' on page 13 undefined on input line
 45.


Package natbib Warning: Citation `Ajith:2007qp' on page 13 undefined on input l
ine 45.


Package natbib Warning: Citation `Santamaria:2010yb' on page 13 undefined on in
put line 45.


Package natbib Warning: Citation `Huerta:2012zy' on page 13 undefined on input 
line 45.


Package natbib Warning: Citation `MacDonald:2011ne' on page 13 undefined on inp
ut line 53.


Package natbib Warning: Citation `MacDonald:2012mp' on page 13 undefined on inp
ut line 53.


Package natbib Warning: Citation `Harry:2009ea' on page 13 undefined on input l
ine 72.


Package natbib Warning: Citation `Ajith:2012mn' on page 13 undefined on input l
ine 72.


Package natbib Warning: Citation `Manca:2009xw' on page 13 undefined on input l
ine 72.


Package natbib Warning: Citation `BuonannoEOBv2Main' on page 13 undefined on in
put line 78.


LaTeX Warning: Reference `fig:bank001_01_match' on page 13 undefined on input l
ine 83.


LaTeX Warning: Reference `fig:bank006_01_match' on page 13 undefined on input l
ine 89.

[13]

LaTeX Warning: Reference `s1:quantifyingerrors' on page 14 undefined on input l
ine 97.


Package natbib Warning: Citation `BuonannoEOBv2Main' on page 14 undefined on in
put line 108.


LaTeX Warning: Reference `fig:Current-hybrids-stochastic-FF' on page 14 undefin
ed on input line 111.


LaTeX Warning: Reference `fig:Current-hybrids-FF' on page 14 undefined on input
 line 112.


LaTeX Warning: Reference `fig:Current-real-hybrids-FF' on page 14 undefined on 
input line 119.


Package natbib Warning: Citation `SathyaBankPlacementTauN' on page 14 undefined
 on input line 125.


Package natbib Warning: Citation `BabaketalBankPlacement' on page 14 undefined 
on input line 125.


Package natbib Warning: Citation `SathyaMetric2PN' on page 14 undefined on inpu
t line 125.


Package natbib Warning: Citation `Cokelaer:2007kx' on page 14 undefined on inpu
t line 125.


LaTeX Warning: Reference `fig:Current-hybrids-FF' on page 14 undefined on input
 line 135.


Package natbib Warning: Citation `Brown:2012nn' on page 14 undefined on input l
ine 138.


Package natbib Warning: Citation `CompTemplates2009' on page 14 undefined on in
put line 138.


LaTeX Warning: Reference `table:fullqlist' on page 14 undefined on input line 1
41.


LaTeX Warning: Reference `fig:templatebank_halfMassRatios' on page 14 undefined
 on input line 146.


LaTeX Warning: Reference `fig:NRorbits2merger' on page 14 undefined on input li
ne 148.


LaTeX Warning: Reference `fig:templatebank_halfMassRatios' on page 14 undefined
 on input line 157.


LaTeX Warning: Reference `table:fullqlist' on page 14 undefined on input line 1
62.


Package natbib Warning: Citation `aLIGONoiseCurve' on page 14 undefined on inpu
t line 167.


Underfull \hbox (badness 1117) in paragraph at lines 166--174
[]\OT1/ptm/m/n/10 The de-tec-tor noise power is mod-eled us-ing the zero-
 []


Package natbib Warning: Citation `Boyle:2013nka' on page 14 undefined on input 
line 180.


Package natbib Warning: Citation `Schmidt:2012rh' on page 14 undefined on input
 line 180.


Package natbib Warning: Citation `Pekowsky:2012sr' on page 14 undefined on inpu
t line 185.


Package natbib Warning: Citation `Brown:2012nn' on page 14 undefined on input l
ine 185.


Package natbib Warning: Citation `Capano:2013inPrep' on page 14 undefined on in
put line 185.

)
LaTeX Font Info:    Try loading font information for OT1+pcr on input line 222.

 (/usr/share/texmf/tex/latex/psnfss/ot1pcr.fd
File: ot1pcr.fd 2001/06/04 font definitions for OT1/pcr.
)

Package natbib Warning: Citation `spec' on page 14 undefined on input line 222.



Package natbib Warning: Citation `scinet' on page 14 undefined on input line 22
6.

[14]
No file paper.bbl.

Package natbib Warning: There were undefined citations.

[15] (./paper.aux)

 *File List*
revtex4-1.cls    2010/07/25/20:33:00 4.1r (http://publish.aps.org/revtex4/ for 
documentation)
  aps4-1.rtx
aps10pt4-1.rtx
textcase.sty    2004/10/07 v0.07 Text only upper/lower case changing (DPC)
 amssymb.sty    2002/01/22 v2.2d
amsfonts.sty    2001/10/25 v2.2f
 amsmath.sty    2000/07/18 v2.13 AMS math features
 amstext.sty    2000/06/29 v2.01
  amsgen.sty    1999/11/30 v2.0
  amsbsy.sty    1999/11/29 v1.2d
  amsopn.sty    1999/12/14 v2.01 operator names
     url.sty    2005/06/27  ver 3.2  Verb mode for urls, etc.
  natbib.sty    2009/11/07 8.31a (PWD, AO)
revsymb4-1.sty    2010/07/25/20:33:00 4.1r (http://publish.aps.org/revtex4/ for
 documentation)
graphicx.sty    1999/02/16 v1.0f Enhanced LaTeX Graphics (DPC,SPQR)
  keyval.sty    1999/03/16 v1.13 key=value parser (DPC)
graphics.sty    2006/02/20 v1.0o Standard LaTeX Graphics (DPC,SPQR)
    trig.sty    1999/03/16 v1.09 sin cos tan (DPC)
graphics.cfg    2007/01/18 v1.5 graphics configuration of teTeX/TeXLive
  pdftex.def    2007/01/08 v0.04d Graphics/color for pdfTeX
  lipsum.sty    2005/01/26 v1.0 150 paragraphs of Lorem Ipsum dummy text
placeins.sty    2005/04/18  v 2.2
 dcolumn.sty    2001/05/28 v1.06 decimal alignment package (DPC)
   array.sty    2005/08/23 v2.4b Tabular extension package (FMi)
multirow.sty    
  amsthm.sty    2004/08/06 v2.20
   times.sty    2005/04/12 PSNFSS-v9.2a (SPQR) 
latexsym.sty    1998/08/17 v2.2e Standard LaTeX package (lasy symbols)
hyperref.sty    2007/02/07 v6.75r Hypertext links for LaTeX
  pd1enc.def    2007/02/07 v6.75r Hyperref: PDFDocEncoding definition (HO)
hyperref.cfg    2002/06/06 v1.2 hyperref configuration of TeXLive
kvoptions.sty    2006/08/22 v2.4 Connects package keyval with LaTeX options (HO
)
 hpdftex.def    2007/02/07 v6.75r Hyperref driver for pdfTeX
  epsfig.sty    1999/02/16 v1.7a (e)psfig emulation (SPQR)
subfigure.sty    2002/03/15 v2.1.5 subfigure package
subfigure.cfg
      bm.sty    2004/02/26 v1.1c Bold Symbol Support (DPC/FMi)
   color.sty    2005/11/14 v1.0j Standard LaTeX Color (DPC)
   color.cfg    2007/01/18 v1.5 color configuration of teTeX/TeXLive
dvipsnam.def    1999/02/16 v3.0i Driver-dependant file (DPC,SPQR)
    ulem.sty    2000/05/26
  ot1ptm.fd    2001/06/04 font definitions for OT1/ptm.
supp-pdf.tex
 nameref.sty    2006/12/27 v2.28 Cross-referencing by name of section
refcount.sty    2006/02/20 v3.0 Data extraction from references (HO)
   paper.out
   paper.out
    umsa.fd    2002/01/19 v2.2g AMS font definitions
    umsb.fd    2002/01/19 v2.2g AMS font definitions
   ulasy.fd    1998/08/17 v2.2e LaTeX symbol font definitions
introduction.tex
pndescription.tex
  omsptm.fd    
eobnrv2description.tex
nrwaveformsdescription.tex
hybridizationprocedures.tex
mathdefinitions.tex
  Eff1v2.png    Graphic file (type png)
pNuncertainties.tex
nrbankresults.tex
BBHm1m2_tlen_Ncyc40_0-99_Mchirp27_cropped.png    Graphic file (type png)
bank002_01_01_mtot200_match_cropped.png    Graphic file (type png)
bank006_01_mtot200_match_cropped.png    Graphic file (type png)
hybridbankresults.tex
maxmismatchVSmass_allq.pdf    Graphic file (type pdf)
bank001_lowM_01_stochastic_mtot200_logMq_NOhybMM.png    Graphic file (type png)

bank001_lowM_01_stochastic_mtot200_logMq_hybMM.png    Graphic file (type png)
bank_26022013_02_mtot200_logMq_NOhybMM.png    Graphic file (type png)
bank_26022013_02_mtot200_logMq_hybMM.png    Graphic file (type png)
bank_26022013_02_hybrids_mtot200_logMq_NOhybMM.png    Graphic file (type png)
bank_26022013_02_hybrids_mtot200_logMq_hybMM.png    Graphic file (type png)
futurehybridbankresults.tex
bank_separate_q1_mtot200_match.png    Graphic file (type png)
bank_separate_q4_mtot200_match.png    Graphic file (type png)
bank_separate_q8_mtot200_match.png    Graphic file (type png)
bank_seperate_q1-4-35-4-65-9-6_01_mtot200_match.png    Graphic file (type png)
bank_seperate_q1-4-35-4-65-9-6_01_m1m2200_match.png    Graphic file (type png)
maxmismatchVSmass_q1.pdf    Graphic file (type pdf)
maxmismatchVSmass_q4.pdf    Graphic file (type pdf)
maxmismatchVSmass_q8.pdf    Graphic file (type pdf)
NRorbits2merger_cropped.png    Graphic file (type png)
NRomega_cropped.png    Graphic file (type png)
conclusions.tex
  ot1pcr.fd    2001/06/04 font definitions for OT1/pcr.
 ***********


LaTeX Warning: There were undefined references.


LaTeX Warning: Label(s) may have changed. Rerun to get cross-references right .


 ) 
Here is how much of TeX's memory you used:
 6993 strings out of 256216
 94462 string characters out of 1917072
 280109 words of memory out of 1500000
 10025 multiletter control sequences out of 10000+200000
 28219 words of font info for 75 fonts, out of 1200000 for 2000
 645 hyphenation exceptions out of 8191
 34i,13n,33p,1457b,400s stack positions out of 5000i,500n,6000p,200000b,15000s

pdfTeX warning: \pdfdraftmode enabled, not changing output pdf

PDF statistics:
 217 PDF objects out of 1000 (max. 8388607)
 70 named destinations out of 1000 (max. 131072)
 258 words of extra memory for PDF output out of 10000 (max. 10000000)

