This is pdfTeX, Version 3.1415926-2.5-1.40.14 (MiKTeX 2.9 64-bit) (preloaded format=pdflatex 2015.3.5)  4 AUG 2015 15:15
entering extended mode
**suthesis.sty
(C:\Users\dbkel_000\Dropbox\Thesis\suthesis.sty
LaTeX2e <2011/06/27>
Babel <v3.8m> and hyphenation patterns for english, afrikaans, ancientgreek, arabic, armenian, assamese, basque, bengali
, bokmal, bulgarian, catalan, coptic, croatian, czech, danish, dutch, esperanto, estonian, farsi, finnish, french, galic
ian, german, german-x-2013-05-26, greek, gujarati, hindi, hungarian, icelandic, indonesian, interlingua, irish, italian,
 kannada, kurmanji, latin, latvian, lithuanian, malayalam, marathi, mongolian, mongolianlmc, monogreek, ngerman, ngerman
-x-2013-05-26, nynorsk, oriya, panjabi, pinyin, polish, portuguese, romanian, russian, sanskrit, serbian, slovak, sloven
ian, spanish, swedish, swissgerman, tamil, telugu, turkish, turkmen, ukenglish, ukrainian, uppersorbian, usenglishmax, w
elsh, loaded.

! LaTeX Error: \section undefined.

See the LaTeX manual or LaTeX Companion for explanation.
Type  H <return>  for immediate help.
 ...                                              
                                                  
l.313 \renewcommand\section
                           {\@startsection {section}{1}{\z@}%
Try typing  <return>  to proceed.
If that doesn't work, type  X <return>  to quit.


! LaTeX Error: \subsection undefined.

See the LaTeX manual or LaTeX Companion for explanation.
Type  H <return>  for immediate help.
 ...                                              
                                                  
l.317 \renewcommand\subsection
                              {\@startsection{subsection}{2}{\z@}%
Try typing  <return>  to proceed.
If that doesn't work, type  X <return>  to quit.

! Illegal parameter number in definition of \previousdegree.
<to be read again> 
                   2
l.390 ...iousdegree#1{\gdef\@previousdegree{#1}{#2
                                                  }}
You meant to type ## instead of #, right?
Or maybe a } was forgotten somewhere earlier, and things
are all screwed up? I'm going to assume that you meant ##.

\c@volumenumber=\count79
\extralength=\skip41
)
! Emergency stop.
<*> suthesis.sty
                
*** (job aborted, no legal \end found)

 
Here is how much of TeX's memory you used:
 132 strings out of 493921
 1564 string characters out of 3147271
 49031 words of memory out of 3000000
 3524 multiletter control sequences out of 15000+200000
 3640 words of font info for 14 fonts, out of 3000000 for 9000
 841 hyphenation exceptions out of 8191
 9i,0n,12p,185b,14s stack positions out of 5000i,500n,10000p,200000b,50000s
!  ==> Fatal error occurred, no output PDF file produced!
