\BOOKMARK [0][]{chapter*.3}{List of Tables}{}% 1
\BOOKMARK [0][]{chapter*.4}{List of Figures}{}% 2
\BOOKMARK [0][]{chapter*.5}{Preface}{}% 3
\BOOKMARK [0][]{chapter*.6}{Acknowledgments}{}% 4
\BOOKMARK [0][]{chapter.1}{1 Introduction}{}% 5
\BOOKMARK [1][]{section.1.1}{1.1 Basic layout of aLIGO}{chapter.1}% 6
\BOOKMARK [1][]{section.1.2}{1.2 Optical Springs}{chapter.1}% 7
\BOOKMARK [1][]{section.1.3}{1.3 Photothermal Effect}{chapter.1}% 8
\BOOKMARK [1][]{section.1.4}{1.4 Summary}{chapter.1}% 9
\BOOKMARK [0][]{chapter.2}{2 Multidimensional optical trapping of a mirror}{}% 10
\BOOKMARK [1][]{section.2.1}{2.1 Abstract}{chapter.2}% 11
\BOOKMARK [1][]{section.2.2}{2.2 Introduction}{chapter.2}% 12
\BOOKMARK [1][]{section.2.3}{2.3 Stability principle}{chapter.2}% 13
\BOOKMARK [2][]{subsection.2.3.1}{2.3.1 Damped mechanical oscillator stability}{section.2.3}% 14
\BOOKMARK [2][]{subsection.2.3.2}{2.3.2 Optical spring: A classical model}{section.2.3}% 15
\BOOKMARK [2][]{subsection.2.3.3}{2.3.3 Double carrier spring}{section.2.3}% 16
\BOOKMARK [1][]{section.2.4}{2.4 Control model of longitudinal and angular degrees of freedom}{chapter.2}% 17
\BOOKMARK [2][]{subsection.2.4.1}{2.4.1 An example}{section.2.4}% 18
\BOOKMARK [2][]{subsection.2.4.2}{2.4.2 Stability range}{section.2.4}% 19
\BOOKMARK [1][]{section.2.5}{2.5 Angular instability}{chapter.2}% 20
\BOOKMARK [1][]{section.2.6}{2.6 Radiation pressure noise}{chapter.2}% 21
\BOOKMARK [1][]{section.2.7}{2.7 Optical spring constant derivation}{chapter.2}% 22
\BOOKMARK [2][]{subsection.2.7.1}{2.7.1 Detuning}{section.2.7}% 23
\BOOKMARK [2][]{subsection.2.7.2}{2.7.2 Comparison}{section.2.7}% 24
\BOOKMARK [2][]{subsection.2.7.3}{2.7.3 Overcoupled cavity}{section.2.7}% 25
\BOOKMARK [2][]{subsection.2.7.4}{2.7.4 Matched cavity}{section.2.7}% 26
\BOOKMARK [1][]{section.2.8}{2.8 Torsion pendulum mechanical plant}{chapter.2}% 27
\BOOKMARK [1][]{section.2.9}{2.9 Stability in two dimensions}{chapter.2}% 28
\BOOKMARK [1][]{section.2.10}{2.10 Conclusions}{chapter.2}% 29
\BOOKMARK [0][]{chapter.3}{3 Suspensions}{}% 30
\BOOKMARK [1][]{section.3.1}{3.1 Input coupler}{chapter.3}% 31
\BOOKMARK [1][]{section.3.2}{3.2 End mirror}{chapter.3}% 32
\BOOKMARK [1][]{section.3.3}{3.3 Blade Springs}{chapter.3}% 33
\BOOKMARK [2][]{subsection.3.3.1}{3.3.1 A little theory}{section.3.3}% 34
\BOOKMARK [2][]{subsection.3.3.2}{3.3.2 Materials}{section.3.3}% 35
\BOOKMARK [2][]{subsection.3.3.3}{3.3.3 Blade spring design}{section.3.3}% 36
\BOOKMARK [2][]{subsection.3.3.4}{3.3.4 Small blade}{section.3.3}% 37
\BOOKMARK [2][]{subsection.3.3.5}{3.3.5 Coupling}{section.3.3}% 38
\BOOKMARK [1][]{section.3.4}{3.4 OSEM diagonalzation}{chapter.3}% 39
\BOOKMARK [0][]{chapter.4}{4 Control Loops}{}% 40
\BOOKMARK [1][]{section.4.1}{4.1 Subcarrier Servo}{chapter.4}% 41
\BOOKMARK [2][]{subsection.4.1.1}{4.1.1 Measuring frequency noise}{section.4.1}% 42
\BOOKMARK [2][]{subsection.4.1.2}{4.1.2 Results}{section.4.1}% 43
\BOOKMARK [1][]{section.4.2}{4.2 Cavity control loops}{chapter.4}% 44
\BOOKMARK [2][]{subsection.4.2.1}{4.2.1 A : Digital PDH feedback}{section.4.2}% 45
\BOOKMARK [2][]{subsection.4.2.2}{4.2.2 C : OSEM coils}{section.4.2}% 46
\BOOKMARK [2][]{subsection.4.2.3}{4.2.3 D1 and D2 : Digital feedback based on optic motion}{section.4.2}% 47
\BOOKMARK [2][]{subsection.4.2.4}{4.2.4 E : Force to volts}{section.4.2}% 48
\BOOKMARK [2][]{subsection.4.2.5}{4.2.5 F : Trap PDH servo}{section.4.2}% 49
\BOOKMARK [2][]{subsection.4.2.6}{4.2.6 P : Pendulum}{section.4.2}% 50
\BOOKMARK [2][]{subsection.4.2.7}{4.2.7 S : Suspension spring}{section.4.2}% 51
\BOOKMARK [2][]{subsection.4.2.8}{4.2.8 O : Optical spring}{section.4.2}% 52
\BOOKMARK [2][]{subsection.4.2.9}{4.2.9 L : Laser PZT}{section.4.2}% 53
\BOOKMARK [2][]{subsection.4.2.10}{4.2.10 M : Cavity response}{section.4.2}% 54
\BOOKMARK [2][]{subsection.4.2.11}{4.2.11 H : HV amplifier}{section.4.2}% 55
\BOOKMARK [2][]{subsection.4.2.12}{4.2.12 T : Analog PDH feedback to coil drivers}{section.4.2}% 56
\BOOKMARK [1][]{section.4.3}{4.3 Photothermal effect on loops}{chapter.4}% 57
\BOOKMARK [0][]{chapter.5}{5 Observation of photothermal feedback in a stable dual-carrier optical spring}{}% 58
\BOOKMARK [1][]{section.5.1}{5.1 Abstract}{chapter.5}% 59
\BOOKMARK [1][]{section.5.2}{5.2 Introduction}{chapter.5}% 60
\BOOKMARK [1][]{section.5.3}{5.3 Dual-carrier optical spring}{chapter.5}% 61
\BOOKMARK [1][]{section.5.4}{5.4 Photo-thermal effect}{chapter.5}% 62
\BOOKMARK [1][]{section.5.5}{5.5 Experimental setup}{chapter.5}% 63
\BOOKMARK [2][]{subsection.5.5.1}{5.5.1 Cavity}{section.5.5}% 64
\BOOKMARK [2][]{subsection.5.5.2}{5.5.2 Input field preparation}{section.5.5}% 65
\BOOKMARK [2][]{subsection.5.5.3}{5.5.3 Subcarrier Servo}{section.5.5}% 66
\BOOKMARK [1][]{section.5.6}{5.6 Results}{chapter.5}% 67
\BOOKMARK [2][]{subsection.5.6.1}{5.6.1 Analysis}{section.5.6}% 68
\BOOKMARK [1][]{section.5.7}{5.7 Stable single-carrier optical spring}{chapter.5}% 69
\BOOKMARK [1][]{section.5.8}{5.8 Conclusions}{chapter.5}% 70
\BOOKMARK [0][]{chapter.6}{6 Angular trapping}{}% 71
\BOOKMARK [1][]{section.6.1}{6.1 Introduction}{chapter.6}% 72
\BOOKMARK [1][]{section.6.2}{6.2 Optical Springs}{chapter.6}% 73
\BOOKMARK [1][]{section.6.3}{6.3 Setup}{chapter.6}% 74
\BOOKMARK [1][]{section.6.4}{6.4 Results}{chapter.6}% 75
\BOOKMARK [2][]{subsection.6.4.1}{6.4.1 Angular loop bandwidth}{section.6.4}% 76
\BOOKMARK [2][]{subsection.6.4.2}{6.4.2 Resolving bandwidth issues}{section.6.4}% 77
\BOOKMARK [1][]{section.6.5}{6.5 Noise sources}{chapter.6}% 78
\BOOKMARK [2][]{subsection.6.5.1}{6.5.1 Quantum Noise}{section.6.5}% 79
\BOOKMARK [2][]{subsection.6.5.2}{6.5.2 Frequency Noise}{section.6.5}% 80
\BOOKMARK [2][]{subsection.6.5.3}{6.5.3 Thermal Noise}{section.6.5}% 81
\BOOKMARK [2][]{subsection.6.5.4}{6.5.4 Seismic noise}{section.6.5}% 82
\BOOKMARK [2][]{subsection.6.5.5}{6.5.5 OSEMs}{section.6.5}% 83
\BOOKMARK [1][]{section.6.6}{6.6 Folded cavity optical spring derivation}{chapter.6}% 84
\BOOKMARK [0][]{chapter.7}{7 Application}{}% 85
\BOOKMARK [1][]{section.7.1}{7.1 Motivation}{chapter.7}% 86
\BOOKMARK [1][]{section.7.2}{7.2 Applying angular control}{chapter.7}% 87
\BOOKMARK [2][]{subsection.7.2.1}{7.2.1 Single spring 4km damping}{section.7.2}% 88
\BOOKMARK [0][]{chapter.8}{8 Conclusion}{}% 89
\BOOKMARK [1][]{section.8.1}{8.1 Summary}{chapter.8}% 90
\BOOKMARK [1][]{section.8.2}{8.2 Future work}{chapter.8}% 91
\BOOKMARK [0][]{appendix.A}{A Beam Separation}{}% 92
\BOOKMARK [1][]{section.A.1}{A.1 Definitions}{appendix.A}% 93
\BOOKMARK [1][]{section.A.2}{A.2 Balancing torques}{appendix.A}% 94
\BOOKMARK [1][]{section.A.3}{A.3 Eliminating beam coupling}{appendix.A}% 95
\BOOKMARK [0][]{appendix*.13}{Bibliography }{}% 96
