This is pdfTeX, Version 3.1415926-1.40.10 (TeX Live 2009) (format=pdflatex 2010.3.24)  19 MAR 2014 12:54
entering extended mode
 \write18 enabled.
 file:line:error style messages enabled.
 %&-line parsing enabled.
**OT_paper.tex
(./OT_paper.tex
LaTeX2e <2009/09/24>
Babel <v3.8l> and hyphenation patterns for english, usenglishmax, dumylang, noh
yphenation, german-x-2009-06-19, ngerman-x-2009-06-19, ancientgreek, ibycus, ar
abic, basque, bulgarian, catalan, pinyin, coptic, croatian, czech, danish, dutc
h, esperanto, estonian, farsi, finnish, french, galician, german, ngerman, mono
greek, greek, hungarian, icelandic, indonesian, interlingua, irish, italian, ku
rmanji, latin, latvian, lithuanian, mongolian, mongolian2a, bokmal, nynorsk, po
lish, portuguese, romanian, russian, sanskrit, serbian, slovak, slovenian, span
ish, swedish, turkish, ukenglish, ukrainian, uppersorbian, welsh, loaded.
(/usr/local/texlive/2009/texmf-dist/tex/latex/revtex/revtex4-1.cls
Document Class: revtex4-1 2009/10/08:11:23 4.1g (http://publish.aps.org/revtex4
/ for documentation)
 Copyright (c) 2009 The American Physical Society.
 mailto:revtex@aps.org
 Licensed under the LPPL:
http://www.ctan.org/tex-archive/macros/latex/base/lppl.txt
 Arthur Ogawa <arthur_ogawa at sbcglobal dot net>
 Based on work by David Carlisle <david at dcarlisle.demon.co.uk>.
ltxutil [2009/07/07 4.1f]: portions licensed from W. E. Baxter (web at superscr
ipt.com)
LaTeX Info: Redefining \@centercr on input line 298.
Class revtex4-1 Info: Repairing broken LaTeX eqnarray on input line 348.
\eqncolsep=\skip41
Class revtex4-1 Info: Repairing hyperref-unfriendly LaTeX definition of \mpfoot
note on input line 423.
Class revtex4-1 Info: Repairing broken LateX \@sect on input line 754.
\intertabularlinepenalty=\count79
\@tbpen=\count80
\@arstrutbox@hline=\box26
Class revtex4-1 Info: Repairing broken LaTeX \@xbitor on input line 1785.
Class revtex4-1 Info: Making \typeout \long on input line 1953.
ltxfront [2009/10/06/20:20 4.1g]: Arthur Ogawa (after David P. Carlisle)
\c@affil=\count81
\c@collab=\count82
\absbox=\box27
ltxgrid [2009/07/07 4.1f]: portions licensed from W. E. Baxter (web at superscr
ipt.com)
\c@linecount=\count83
\output@latex=\toks14
\box@size@1=\box28
\box@size@2=\box29
\@protection@box=\box30
\@topmark@saved=\toks15
\footins@saved=\box31
\pagesofar=\box32
\footsofar=\box33
\pagegrid@col=\count84
Class revtex4-1 Info: Overriding \@vspace, \@vspacer, \@no@pgbk, \@newline, and
 \\  on input line 5346.
\c@part=\count85
\c@section=\count86
\c@subsection=\count87
\c@subsubsection=\count88
\c@paragraph=\count89
\c@subparagraph=\count90
\abovecaptionskip=\skip42
\belowcaptionskip=\skip43
\c@figure=\count91
\fbox@1=\box34
\c@table=\count92
\fbox@2=\box35
\c@video=\count93
\fbox@4=\box36
\@bibdataout=\write3
\widetext@top=\box37
\widetext@bot=\box38
Class revtex4-1 Info: Selecting society aps on input line 7230.
(/usr/local/texlive/2009/texmf-dist/tex/latex/revtex/aps4-1.rtx
File: aps4-1 2009/10/08:11:23 4.1g (http://publish.aps.org/revtex4/ for documen
tation)
Class revtex4-1 Info: RevTeX society APS selected on input line 31.
)

Class revtex4-1 Warning: No journal specified, using default pra.

Class revtex4-1 Info: APS journal PRA selected on input line 7233.
(/usr/local/texlive/2009/texmf-dist/tex/latex/revtex/aps10pt4-1.rtx
File: aps10pt4-1 2009/10/08:11:23 4.1g (http://publish.aps.org/revtex4/ for doc
umentation)
Class revtex4-1 Info: RevTeX pointsize 10pt selected on input line 30.
)
(/usr/local/texlive/2009/texmf-dist/tex/latex/textcase/textcase.sty
Package: textcase 2004/10/07 v0.07 Text only upper/lower case changing (DPC)
)
(/usr/local/texlive/2009/texmf-dist/tex/latex/amsfonts/amssymb.sty
Package: amssymb 2009/06/22 v3.00

(/usr/local/texlive/2009/texmf-dist/tex/latex/amsfonts/amsfonts.sty
Package: amsfonts 2009/06/22 v3.00 Basic AMSFonts support
\@emptytoks=\toks16
\symAMSa=\mathgroup4
\symAMSb=\mathgroup5
LaTeX Font Info:    Overwriting math alphabet `\mathfrak' in version `bold'
(Font)                  U/euf/m/n --> U/euf/b/n on input line 96.
))
(/usr/local/texlive/2009/texmf-dist/tex/latex/amsmath/amsmath.sty
Package: amsmath 2000/07/18 v2.13 AMS math features
\@mathmargin=\skip44

For additional information on amsmath, use the `?' option.
(/usr/local/texlive/2009/texmf-dist/tex/latex/amsmath/amstext.sty
Package: amstext 2000/06/29 v2.01

(/usr/local/texlive/2009/texmf-dist/tex/latex/amsmath/amsgen.sty
File: amsgen.sty 1999/11/30 v2.0
\@emptytoks=\toks17
\ex@=\dimen102
)
LaTeX Info: Redefining \text on input line 53.
)
(/usr/local/texlive/2009/texmf-dist/tex/latex/amsmath/amsbsy.sty
Package: amsbsy 1999/11/29 v1.2d
\pmbraise@=\dimen103
)
(/usr/local/texlive/2009/texmf-dist/tex/latex/amsmath/amsopn.sty
Package: amsopn 1999/12/14 v2.01 operator names
)
\inf@bad=\count94
LaTeX Info: Redefining \frac on input line 211.
\uproot@=\count95
\leftroot@=\count96
LaTeX Info: Redefining \overline on input line 307.
\classnum@=\count97
\DOTSCASE@=\count98
LaTeX Info: Redefining \ldots on input line 379.
LaTeX Info: Redefining \dots on input line 382.
LaTeX Info: Redefining \cdots on input line 467.
\Mathstrutbox@=\box39
\strutbox@=\box40
\big@size=\dimen104
LaTeX Font Info:    Redeclaring font encoding OML on input line 567.
LaTeX Font Info:    Redeclaring font encoding OMS on input line 568.
\macc@depth=\count99
\c@MaxMatrixCols=\count100
\dotsspace@=\muskip10
\c@parentequation=\count101
\dspbrk@lvl=\count102
\tag@help=\toks18
\row@=\count103
\column@=\count104
\maxfields@=\count105
\andhelp@=\toks19
\eqnshift@=\dimen105
\alignsep@=\dimen106
\tagshift@=\dimen107
\tagwidth@=\dimen108
\totwidth@=\dimen109
\lineht@=\dimen110
\@envbody=\toks20
\multlinegap=\skip45
\multlinetaggap=\skip46
\mathdisplay@stack=\toks21
LaTeX Info: Redefining \[ on input line 2666.
LaTeX Info: Redefining \] on input line 2667.
)
(/usr/local/texlive/2009/texmf-dist/tex/latex/ltxmisc/url.sty
\Urlmuskip=\muskip11
Package: url 2006/04/12  ver 3.3  Verb mode for urls, etc.
)
(/usr/local/texlive/2009/texmf-dist/tex/latex/natbib/natbib.sty
Package: natbib 2009/07/16 8.31 (PWD, AO)
\bibhang=\skip47
\bibsep=\skip48
LaTeX Info: Redefining \cite on input line 694.
\c@NAT@ctr=\count106
)
(/usr/local/texlive/2009/texmf-dist/tex/latex/revtex/revsymb4-1.sty
Package: revsymb4-1 2009/10/08:11:23 4.1g (http://publish.aps.org/revtex4/ for 
documentation)
LaTeX Info: Redefining \frak on input line 95.
LaTeX Info: Redefining \Bbb on input line 111.
LaTeX Info: Redefining \REV@mathfrak on input line 119.
))
(/usr/local/texlive/2009/texmf-dist/tex/latex/graphics/graphicx.sty
Package: graphicx 1999/02/16 v1.0f Enhanced LaTeX Graphics (DPC,SPQR)

(/usr/local/texlive/2009/texmf-dist/tex/latex/graphics/keyval.sty
Package: keyval 1999/03/16 v1.13 key=value parser (DPC)
\KV@toks@=\toks22
)
(/usr/local/texlive/2009/texmf-dist/tex/latex/graphics/graphics.sty
Package: graphics 2009/02/05 v1.0o Standard LaTeX Graphics (DPC,SPQR)

(/usr/local/texlive/2009/texmf-dist/tex/latex/graphics/trig.sty
Package: trig 1999/03/16 v1.09 sin cos tan (DPC)
)
(/usr/local/texlive/2009/texmf-dist/tex/latex/latexconfig/graphics.cfg
File: graphics.cfg 2009/08/28 v1.8 graphics configuration of TeX Live
)
Package graphics Info: Driver file: pdftex.def on input line 91.

(/usr/local/texlive/2009/texmf-dist/tex/latex/pdftex-def/pdftex.def
File: pdftex.def 2009/08/25 v0.04m Graphics/color for pdfTeX
\Gread@gobject=\count107
))
\Gin@req@height=\dimen111
\Gin@req@width=\dimen112
)
(/usr/local/texlive/2009/texmf-dist/tex/latex/tools/dcolumn.sty
Package: dcolumn 2001/05/28 v1.06 decimal alignment package (DPC)

(/usr/local/texlive/2009/texmf-dist/tex/latex/tools/array.sty
Package: array 2008/09/09 v2.4c Tabular extension package (FMi)
\col@sep=\dimen113
\extrarowheight=\dimen114
\NC@list=\toks23
\extratabsurround=\skip49
\backup@length=\skip50
))
(/usr/local/texlive/2009/texmf-dist/tex/latex/tools/bm.sty
Package: bm 2004/02/26 v1.1c Bold Symbol Support (DPC/FMi)
\symboldoperators=\mathgroup6
\symboldletters=\mathgroup7
\symboldsymbols=\mathgroup8
LaTeX Font Info:    Redeclaring math alphabet \mathbf on input line 138.
LaTeX Info: Redefining \bm on input line 204.
)
(/usr/local/texlive/2009/texmf-dist/tex/latex/graphics/color.sty
Package: color 2005/11/14 v1.0j Standard LaTeX Color (DPC)

(/usr/local/texlive/2009/texmf-dist/tex/latex/latexconfig/color.cfg
File: color.cfg 2007/01/18 v1.5 color configuration of teTeX/TeXLive
)
Package color Info: Driver file: pdftex.def on input line 130.
)
(/usr/local/texlive/2009/texmf-dist/tex/latex/doublestroke/dsfont.sty
Package: dsfont 1995/08/01 v0.1 Double stroke roman fonts
)
Class revtex4-1 Info: Patching array package. on input line 59.
Class revtex4-1 Info: Robustifying \LaTeX's \boldmath command on input line 59.

Class revtex4-1 Info: cite was not loaded (OK!) on input line 59.
Class revtex4-1 Info: mcite was not loaded (OK!) on input line 59.
Class revtex4-1 Info: multicol was not loaded (OK!) on input line 59.

(./OT_paper.aux)
\openout1 = `OT_paper.aux'.

LaTeX Font Info:    Checking defaults for OML/cmm/m/it on input line 59.
LaTeX Font Info:    ... okay on input line 59.
LaTeX Font Info:    Checking defaults for T1/cmr/m/n on input line 59.
LaTeX Font Info:    ... okay on input line 59.
LaTeX Font Info:    Checking defaults for OT1/cmr/m/n on input line 59.
LaTeX Font Info:    ... okay on input line 59.
LaTeX Font Info:    Checking defaults for OMS/cmsy/m/n on input line 59.
LaTeX Font Info:    ... okay on input line 59.
LaTeX Font Info:    Checking defaults for OMX/cmex/m/n on input line 59.
LaTeX Font Info:    ... okay on input line 59.
LaTeX Font Info:    Checking defaults for U/cmr/m/n on input line 59.
LaTeX Font Info:    ... okay on input line 59.

(/usr/local/texlive/2009/texmf-dist/tex/context/base/supp-pdf.mkii
[Loading MPS to PDF converter (version 2006.09.02).]
\scratchcounter=\count108
\scratchdimen=\dimen115
\scratchbox=\box41
\nofMPsegments=\count109
\nofMParguments=\count110
\everyMPshowfont=\toks24
\MPscratchCnt=\count111
\MPscratchDim=\dimen116
\MPnumerator=\count112
\everyMPtoPDFconversion=\toks25
)
\openout3 = `OT_paperNotes.bib'.

LaTeX Font Info:    Try loading font information for U+msa on input line 127.
 (/usr/local/texlive/2009/texmf-dist/tex/latex/amsfonts/umsa.fd
File: umsa.fd 2009/06/22 v3.00 AMS symbols A
)
LaTeX Font Info:    Try loading font information for U+msb on input line 127.

(/usr/local/texlive/2009/texmf-dist/tex/latex/amsfonts/umsb.fd
File: umsb.fd 2009/06/22 v3.00 AMS symbols B
)

Class revtex4-1 Warning: If you want your PACS to appear in your output, use do
cument class option showpacs.

[1{/usr/local/texlive/2009/texmf-var/fonts/map/pdftex/updmap/pdftex.map}]
[2]

pdfTeX warning: /usr/texbin/pdflatex (file ./images/blocks_paper.pdf): PDF incl
usion: found PDF version <1.5>, but at most version <1.4> allowed
<./images/blocks_paper.pdf, id=25, 167.51332pt x 90.739pt>
File: ./images/blocks_paper.pdf Graphic file (type pdf)

<use ./images/blocks_paper.pdf> [3 <./images/blocks_paper.pdf>]

pdfTeX warning: /usr/texbin/pdflatex (file ./images/trap_drawing_paper2.pdf): P
DF inclusion: found PDF version <1.5>, but at most version <1.4> allowed
<./images/trap_drawing_paper2.pdf, id=40, 363.0298pt x 170.6371pt>
File: ./images/trap_drawing_paper2.pdf Graphic file (type pdf)

<use ./images/trap_drawing_paper2.pdf>

pdfTeX warning: /usr/texbin/pdflatex (file ./images/block_mimo_paper.pdf): PDF 
inclusion: found PDF version <1.5>, but at most version <1.4> allowed
<./images/block_mimo_paper.pdf, id=42, 140.14305pt x 77.10197pt>
File: ./images/block_mimo_paper.pdf Graphic file (type pdf)

<use ./images/block_mimo_paper.pdf>
LaTeX Font Info:    Try loading font information for U+dsrom on input line 497.


(/usr/local/texlive/2009/texmf-dist/tex/latex/doublestroke/Udsrom.fd
File: Udsrom.fd 1995/08/01 v0.1 Double stroke roman font definitions
) [4 <./images/trap_drawing_paper2.pdf> <./images/block_mimo_paper.pdf>]

pdfTeX warning: /usr/texbin/pdflatex (file ./images/open_loops_TF_paper2.pdf): 
PDF inclusion: found PDF version <1.5>, but at most version <1.4> allowed
<./images/open_loops_TF_paper2.pdf, id=99, 887.315pt x 576.15268pt>
File: ./images/open_loops_TF_paper2.pdf Graphic file (type pdf)

<use ./images/open_loops_TF_paper2.pdf>

pdfTeX warning: /usr/texbin/pdflatex (file ./images/DC_offset_paper3.pdf): PDF 
inclusion: found PDF version <1.5>, but at most version <1.4> allowed
<./images/DC_offset_paper3.pdf, id=101, 945.5325pt x 588.1975pt>
File: ./images/DC_offset_paper3.pdf Graphic file (type pdf)

<use ./images/DC_offset_paper3.pdf>
Overfull \hbox (10.0748pt too wide) in paragraph at lines 562--563
 [][] 
 []

[5 <./images/open_loops_TF_paper2.pdf> <./images/DC_offset_paper3.pdf>]
[6]

pdfTeX warning: /usr/texbin/pdflatex (file ./images/trap_radPresA_paper2.pdf): 
PDF inclusion: found PDF version <1.5>, but at most version <1.4> allowed
<./images/trap_radPresA_paper2.pdf, id=179, 909.3975pt x 702.625pt>
File: ./images/trap_radPresA_paper2.pdf Graphic file (type pdf)

<use ./images/trap_radPresA_paper2.pdf> [7 <./images/trap_radPresA_paper2.pdf>]
(./OT_paper_append.tex
Underfull \hbox (badness 10000) in paragraph at lines 11--14

 []



pdfTeX warning: /usr/texbin/pdflatex (file ./images/cavity_paper.pdf): PDF incl
usion: found PDF version <1.5>, but at most version <1.4> allowed
<./images/cavity_paper.pdf, id=223, 3400.5359pt x 1511.10422pt>
File: ./images/cavity_paper.pdf Graphic file (type pdf)

<use ./images/cavity_paper.pdf>
Overfull \hbox (1.43652pt too wide) in alignment at lines 51--56
 [][][] []
 []

[8 <./images/cavity_paper.pdf>]
Overfull \hbox (2.40086pt too wide) in alignment at lines 109--111
 [][][] []
 []


Overfull \hbox (2.97723pt too wide) in alignment at lines 115--117
 [][][] []
 []


Overfull \hbox (24.38629pt too wide) in alignment at lines 131--144
 [][][] []
 []

[9]
Overfull \hbox (7.304pt too wide) in alignment at lines 247--251
 [][][] []
 []

[10]) (./OT_paper.bbl
Underfull \hbox (badness 3989) in paragraph at lines 114--120
 []\OT1/cmr/m/n/9 G. Lo-surdo, Clas-si-cal and Quan-tum Grav-ity \OT1/cmr/bx/n/
9 29\OT1/cmr/m/n/9 ,
 []


Underfull \hbox (badness 3568) in paragraph at lines 184--191
 \OT1/cmr/m/n/9 Phys. Rev. A  \OT1/cmr/bx/n/9 73\OT1/cmr/m/n/9 , 033819 (Mar. 2
006), []quant-
 []


Underfull \hbox (badness 10000) in paragraph at lines 391--397
 \OT1/cmr/m/n/9 and K. Tsub-ono, ArXiv e-prints(Dec. 2013),
 []

) [11] (./OT_paper.aux) ) 
Here is how much of TeX's memory you used:
 4204 strings out of 493848
 53790 string characters out of 3149207
 149575 words of memory out of 3000000
 7382 multiletter control sequences out of 15000+200000
 17454 words of font info for 68 fonts, out of 3000000 for 9000
 714 hyphenation exceptions out of 8191
 34i,10n,29p,1331b,337s stack positions out of 5000i,500n,10000p,200000b,50000s
</usr/local/texlive/2009/texmf-dist/fonts/type1/public
/amsfonts/cm/cmbx12.pfb></usr/local/texlive/2009/texmf-dist/fonts/type1/public/
amsfonts/cm/cmbx9.pfb></usr/local/texlive/2009/texmf-dist/fonts/type1/public/am
sfonts/cm/cmex10.pfb></usr/local/texlive/2009/texmf-dist/fonts/type1/public/ams
fonts/cm/cmmi10.pfb></usr/local/texlive/2009/texmf-dist/fonts/type1/public/amsf
onts/cm/cmmi5.pfb></usr/local/texlive/2009/texmf-dist/fonts/type1/public/amsfon
ts/cm/cmmi6.pfb></usr/local/texlive/2009/texmf-dist/fonts/type1/public/amsfonts
/cm/cmmi7.pfb></usr/local/texlive/2009/texmf-dist/fonts/type1/public/amsfonts/c
m/cmmi9.pfb></usr/local/texlive/2009/texmf-dist/fonts/type1/public/amsfonts/cm/
cmr10.pfb></usr/local/texlive/2009/texmf-dist/fonts/type1/public/amsfonts/cm/cm
r5.pfb></usr/local/texlive/2009/texmf-dist/fonts/type1/public/amsfonts/cm/cmr6.
pfb></usr/local/texlive/2009/texmf-dist/fonts/type1/public/amsfonts/cm/cmr7.pfb
></usr/local/texlive/2009/texmf-dist/fonts/type1/public/amsfonts/cm/cmr8.pfb></
usr/local/texlive/2009/texmf-dist/fonts/type1/public/amsfonts/cm/cmr9.pfb></usr
/local/texlive/2009/texmf-dist/fonts/type1/public/amsfonts/cm/cmsy10.pfb></usr/
local/texlive/2009/texmf-dist/fonts/type1/public/amsfonts/cm/cmsy5.pfb></usr/lo
cal/texlive/2009/texmf-dist/fonts/type1/public/amsfonts/cm/cmsy6.pfb></usr/loca
l/texlive/2009/texmf-dist/fonts/type1/public/amsfonts/cm/cmsy7.pfb></usr/local/
texlive/2009/texmf-dist/fonts/type1/public/amsfonts/cm/cmti10.pfb></usr/local/t
exlive/2009/texmf-dist/fonts/type1/public/amsfonts/cm/cmti9.pfb></usr/local/tex
live/2009/texmf-dist/fonts/type1/public/amsfonts/cm/cmtt9.pfb></usr/local/texli
ve/2009/texmf-dist/fonts/type1/public/doublestroke/dsrom10.pfb></usr/local/texl
ive/2009/texmf-dist/fonts/type1/public/amsfonts/symbols/msam10.pfb></usr/local/
texlive/2009/texmf-dist/fonts/type1/public/amsfonts/symbols/msbm10.pfb>
Output written on OT_paper.pdf (11 pages, 853147 bytes).
PDF statistics:
 659 PDF objects out of 1000 (max. 8388607)
 0 named destinations out of 1000 (max. 500000)
 36 words of extra memory for PDF output out of 10000 (max. 10000000)

