This is pdfTeX, Version 3.1415926-2.5-1.40.14 (TeX Live 2013) (format=pdflatex 2014.4.8)  28 APR 2014 14:39
entering extended mode
 restricted \write18 enabled.
 %&-line parsing enabled.
**sfimri.tex
(./sfimri.tex
LaTeX2e <2011/06/27>
Babel <3.9k> and hyphenation patterns for 78 languages loaded.
(/usr/local/texlive/2013/texmf-dist/tex/latex/revtex/revtex4-1.cls
Document Class: revtex4-1 2010/07/25/20:33:00 4.1r (http://publish.aps.org/revt
ex4/ for documentation)
 Copyright (c) 2009 The American Physical Society.
 mailto:revtex@aps.org
 Licensed under the LPPL:
http://www.ctan.org/tex-archive/macros/latex/base/lppl.txt
 Arthur Ogawa <arthur_ogawa at sbcglobal dot net>
 Based on work by David Carlisle <david at dcarlisle.demon.co.uk>.
ltxutil[2010/07/25/20:33:00 4.1r utilities package (portions licensed from W. E
. Baxter web at superscript.com)]
LaTeX Info: Redefining \@centercr on input line 308.
Class revtex4-1 Info: Repairing broken LaTeX eqnarray on input line 358.
\eqncolsep=\skip41
Class revtex4-1 Info: Repairing hyperref-unfriendly LaTeX definition of \mpfoot
note on input line 433.
Class revtex4-1 Info: Repairing broken LateX \@sect on input line 755.
\intertabularlinepenalty=\count79
\@tbpen=\count80
\@arstrutbox@hline=\box26
Class revtex4-1 Info: Repairing broken LaTeX \@xbitor on input line 1786.
Class revtex4-1 Info: Making \typeout \long on input line 2046.
ltxfront[2010/07/25/20:33:00 4.1r frontmatter package (AO,DPC)]
\c@affil=\count81
\c@collab=\count82
\absbox=\box27
ltxgrid[2010/07/25/20:33:00 4.1r page grid package (portions licensed from W. E
. Baxter web at superscript.com)]
\c@linecount=\count83
\output@latex=\toks14
\box@size@1=\box28
\box@size@2=\box29
\@protection@box=\box30
\@topmark@saved=\toks15
\footins@saved=\box31
\footins@recovered=\box32
\column@recovered=\box33
\pagesofar=\box34
\footsofar=\box35
\pagegrid@col=\count84
Class revtex4-1 Info: Overriding \@vspace, \@vspacer, \@no@pgbk, \@newline, and
 \\  on input line 5578.
\c@part=\count85
\c@section=\count86
\c@subsection=\count87
\c@subsubsection=\count88
\c@paragraph=\count89
\c@subparagraph=\count90
\abovecaptionskip=\skip42
\belowcaptionskip=\skip43
\c@figure=\count91
\fbox@1=\box36
\c@table=\count92
\fbox@2=\box37
\c@video=\count93
\fbox@4=\box38
\@bibdataout=\write3
\widetext@top=\box39
\widetext@bot=\box40
Class revtex4-1 Info: Selecting society aps on input line 7542.
(/usr/local/texlive/2013/texmf-dist/tex/latex/revtex/aps4-1.rtx
File: aps4-1 2010/07/25/20:33:00 4.1r (http://publish.aps.org/revtex4/ for docu
mentation)
Class revtex4-1 Info: RevTeX society APS selected on input line 31.
)
Class revtex4-1 Info: Selecting journal prd on input line 7544.
Class revtex4-1 Info: APS journal PRD selected on input line 7545.


Class revtex4-1 Warning: No type size specified, using default 10.

(/usr/local/texlive/2013/texmf-dist/tex/latex/revtex/aps10pt4-1.rtx
File: aps10pt4-1 2010/07/25/20:33:00 4.1r (http://publish.aps.org/revtex4/ for 
documentation)
Class revtex4-1 Info: RevTeX pointsize 10pt selected on input line 30.
)
(/usr/local/texlive/2013/texmf-dist/tex/latex/textcase/textcase.sty
Package: textcase 2004/10/07 v0.07 Text only upper/lower case changing (DPC)
)
(/usr/local/texlive/2013/texmf-dist/tex/latex/amsfonts/amssymb.sty
Package: amssymb 2013/01/14 v3.01 AMS font symbols

(/usr/local/texlive/2013/texmf-dist/tex/latex/amsfonts/amsfonts.sty
Package: amsfonts 2013/01/14 v3.01 Basic AMSFonts support
\@emptytoks=\toks16
\symAMSa=\mathgroup4
\symAMSb=\mathgroup5
LaTeX Font Info:    Overwriting math alphabet `\mathfrak' in version `bold'
(Font)                  U/euf/m/n --> U/euf/b/n on input line 106.
))
(/usr/local/texlive/2013/texmf-dist/tex/latex/url/url.sty
\Urlmuskip=\muskip10
Package: url 2013/09/16  ver 3.4  Verb mode for urls, etc.
)
(/usr/local/texlive/2013/texmf-dist/tex/latex/natbib/natbib.sty
Package: natbib 2010/09/13 8.31b (PWD, AO)
\bibhang=\skip44
\bibsep=\skip45
LaTeX Info: Redefining \cite on input line 694.
\c@NAT@ctr=\count94
)
Class revtex4-1 Info: Repairing natbib's \BibitemShut on input line 7549.

(/usr/local/texlive/2013/texmf-dist/tex/latex/revtex/revsymb4-1.sty
Package: revsymb4-1 2010/07/25/20:33:00 4.1r (http://publish.aps.org/revtex4/ f
or documentation)
LaTeX Info: Redefining \frak on input line 95.
LaTeX Info: Redefining \Bbb on input line 111.
LaTeX Info: Redefining \REV@mathfrak on input line 119.
))
(/usr/local/texlive/2013/texmf-dist/tex/latex/graphics/graphicx.sty
Package: graphicx 1999/02/16 v1.0f Enhanced LaTeX Graphics (DPC,SPQR)

(/usr/local/texlive/2013/texmf-dist/tex/latex/graphics/keyval.sty
Package: keyval 1999/03/16 v1.13 key=value parser (DPC)
\KV@toks@=\toks17
)
(/usr/local/texlive/2013/texmf-dist/tex/latex/graphics/graphics.sty
Package: graphics 2009/02/05 v1.0o Standard LaTeX Graphics (DPC,SPQR)

(/usr/local/texlive/2013/texmf-dist/tex/latex/graphics/trig.sty
Package: trig 1999/03/16 v1.09 sin cos tan (DPC)
)
(/usr/local/texlive/2013/texmf-dist/tex/latex/latexconfig/graphics.cfg
File: graphics.cfg 2010/04/23 v1.9 graphics configuration of TeX Live
)
Package graphics Info: Driver file: pdftex.def on input line 91.

(/usr/local/texlive/2013/texmf-dist/tex/latex/pdftex-def/pdftex.def
File: pdftex.def 2011/05/27 v0.06d Graphics/color for pdfTeX

(/usr/local/texlive/2013/texmf-dist/tex/generic/oberdiek/infwarerr.sty
Package: infwarerr 2010/04/08 v1.3 Providing info/warning/error messages (HO)
)
(/usr/local/texlive/2013/texmf-dist/tex/generic/oberdiek/ltxcmds.sty
Package: ltxcmds 2011/11/09 v1.22 LaTeX kernel commands for general use (HO)
)
\Gread@gobject=\count95
))
\Gin@req@height=\dimen102
\Gin@req@width=\dimen103
)
(/usr/local/texlive/2013/texmf-dist/tex/latex/amsmath/amsmath.sty
Package: amsmath 2013/01/14 v2.14 AMS math features
\@mathmargin=\skip46

For additional information on amsmath, use the `?' option.
(/usr/local/texlive/2013/texmf-dist/tex/latex/amsmath/amstext.sty
Package: amstext 2000/06/29 v2.01

(/usr/local/texlive/2013/texmf-dist/tex/latex/amsmath/amsgen.sty
File: amsgen.sty 1999/11/30 v2.0
\@emptytoks=\toks18
\ex@=\dimen104
)
LaTeX Info: Redefining \text on input line 39.
)
(/usr/local/texlive/2013/texmf-dist/tex/latex/amsmath/amsbsy.sty
Package: amsbsy 1999/11/29 v1.2d
\pmbraise@=\dimen105
)
(/usr/local/texlive/2013/texmf-dist/tex/latex/amsmath/amsopn.sty
Package: amsopn 1999/12/14 v2.01 operator names
)
\inf@bad=\count96
LaTeX Info: Redefining \frac on input line 210.
\uproot@=\count97
\leftroot@=\count98
LaTeX Info: Redefining \overline on input line 306.
\classnum@=\count99
\DOTSCASE@=\count100
LaTeX Info: Redefining \ldots on input line 378.
LaTeX Info: Redefining \dots on input line 381.
LaTeX Info: Redefining \cdots on input line 466.
\Mathstrutbox@=\box41
\strutbox@=\box42
\big@size=\dimen106
LaTeX Font Info:    Redeclaring font encoding OML on input line 566.
LaTeX Font Info:    Redeclaring font encoding OMS on input line 567.
\macc@depth=\count101
\c@MaxMatrixCols=\count102
\dotsspace@=\muskip11
\c@parentequation=\count103
\dspbrk@lvl=\count104
\tag@help=\toks19
\row@=\count105
\column@=\count106
\maxfields@=\count107
\andhelp@=\toks20
\eqnshift@=\dimen107
\alignsep@=\dimen108
\tagshift@=\dimen109
\tagwidth@=\dimen110
\totwidth@=\dimen111
\lineht@=\dimen112
\@envbody=\toks21
\multlinegap=\skip47
\multlinetaggap=\skip48
\mathdisplay@stack=\toks22
LaTeX Info: Redefining \[ on input line 2665.
LaTeX Info: Redefining \] on input line 2666.
)
(/usr/local/texlive/2013/texmf-dist/tex/latex/subfigure/subfigure.sty
Package: subfigure 2002/03/15 v2.1.5 subfigure package
\subfigtopskip=\skip49
\subfigcapskip=\skip50
\subfigcaptopadj=\dimen113
\subfigbottomskip=\skip51
\subfigcapmargin=\dimen114
\subfiglabelskip=\skip52
\c@subfigure=\count108
\c@lofdepth=\count109
\c@subtable=\count110
\c@lotdepth=\count111

****************************************
* Local config file subfigure.cfg used *
****************************************
(/usr/local/texlive/2013/texmf-dist/tex/latex/subfigure/subfigure.cfg)
\subfig@top=\skip53
\subfig@bottom=\skip54
)
(/usr/local/texlive/2013/texmf-dist/tex/latex/psfrag/psfrag.sty
Package: psfrag 1998/04/11 v3.04 PSfrag (MCG)
\pfg@pcount=\count112
\pfg@scount=\count113
\pfg@temp=\write4
)
(/usr/local/texlive/2013/texmf-dist/tex/latex/multirow/multirow.sty
\bigstrutjot=\dimen115
)
(/usr/local/texlive/2013/texmf-dist/tex/latex/tools/xspace.sty
Package: xspace 2009/10/20 v1.13 Space after command names (DPC,MH)
)
(/usr/local/texlive/2013/texmf-dist/tex/latex/tools/bm.sty
Package: bm 2004/02/26 v1.1c Bold Symbol Support (DPC/FMi)
\symboldoperators=\mathgroup6
\symboldletters=\mathgroup7
\symboldsymbols=\mathgroup8
LaTeX Font Info:    Redeclaring math alphabet \mathbf on input line 138.
LaTeX Info: Redefining \bm on input line 204.
)
(/usr/local/texlive/2013/texmf-dist/tex/latex/tools/enumerate.sty
Package: enumerate 1999/03/05 v3.00 enumerate extensions (DPC)
\@enLab=\toks23
)
Class revtex4-1 Info: Patching LaTeX tabular. on input line 110.
Class revtex4-1 Info: Robustifying \LaTeX's \boldmath command on input line 110
.
Class revtex4-1 Info: cite was not loaded (OK!) on input line 110.
Class revtex4-1 Info: mcite was not loaded (OK!) on input line 110.
Class revtex4-1 Info: multicol was not loaded (OK!) on input line 110.

(./sfimri.aux)
\openout1 = `sfimri.aux'.

LaTeX Font Info:    Checking defaults for OML/cmm/m/it on input line 110.
LaTeX Font Info:    ... okay on input line 110.
LaTeX Font Info:    Checking defaults for T1/cmr/m/n on input line 110.
LaTeX Font Info:    ... okay on input line 110.
LaTeX Font Info:    Checking defaults for OT1/cmr/m/n on input line 110.
LaTeX Font Info:    ... okay on input line 110.
LaTeX Font Info:    Checking defaults for OMS/cmsy/m/n on input line 110.
LaTeX Font Info:    ... okay on input line 110.
LaTeX Font Info:    Checking defaults for OMX/cmex/m/n on input line 110.
LaTeX Font Info:    ... okay on input line 110.
LaTeX Font Info:    Checking defaults for U/cmr/m/n on input line 110.
LaTeX Font Info:    ... okay on input line 110.

(/usr/local/texlive/2013/texmf-dist/tex/context/base/supp-pdf.mkii
[Loading MPS to PDF converter (version 2006.09.02).]
\scratchcounter=\count114
\scratchdimen=\dimen116
\scratchbox=\box43
\nofMPsegments=\count115
\nofMParguments=\count116
\everyMPshowfont=\toks24
\MPscratchCnt=\count117
\MPscratchDim=\dimen117
\MPnumerator=\count118
\makeMPintoPDFobject=\count119
\everyMPtoPDFconversion=\toks25
) (/usr/local/texlive/2013/texmf-dist/tex/generic/oberdiek/pdftexcmds.sty
Package: pdftexcmds 2011/11/29 v0.20 Utility functions of pdfTeX for LuaTeX (HO
)

(/usr/local/texlive/2013/texmf-dist/tex/generic/oberdiek/ifluatex.sty
Package: ifluatex 2010/03/01 v1.3 Provides the ifluatex switch (HO)
Package ifluatex Info: LuaTeX not detected.
)
(/usr/local/texlive/2013/texmf-dist/tex/generic/oberdiek/ifpdf.sty
Package: ifpdf 2011/01/30 v2.3 Provides the ifpdf switch (HO)
Package ifpdf Info: pdfTeX in PDF mode is detected.
)
Package pdftexcmds Info: LuaTeX not detected.
Package pdftexcmds Info: \pdf@primitive is available.
Package pdftexcmds Info: \pdf@ifprimitive is available.
Package pdftexcmds Info: \pdfdraftmode found.
)
(/usr/local/texlive/2013/texmf-dist/tex/latex/oberdiek/epstopdf-base.sty
Package: epstopdf-base 2010/02/09 v2.5 Base part for package epstopdf

(/usr/local/texlive/2013/texmf-dist/tex/latex/oberdiek/grfext.sty
Package: grfext 2010/08/19 v1.1 Manage graphics extensions (HO)

(/usr/local/texlive/2013/texmf-dist/tex/generic/oberdiek/kvdefinekeys.sty
Package: kvdefinekeys 2011/04/07 v1.3 Define keys (HO)
))
(/usr/local/texlive/2013/texmf-dist/tex/latex/oberdiek/kvoptions.sty
Package: kvoptions 2011/06/30 v3.11 Key value format for package options (HO)

(/usr/local/texlive/2013/texmf-dist/tex/generic/oberdiek/kvsetkeys.sty
Package: kvsetkeys 2012/04/25 v1.16 Key value parser (HO)

(/usr/local/texlive/2013/texmf-dist/tex/generic/oberdiek/etexcmds.sty
Package: etexcmds 2011/02/16 v1.5 Avoid name clashes with e-TeX commands (HO)
Package etexcmds Info: Could not find \expanded.
(etexcmds)             That can mean that you are not using pdfTeX 1.50 or
(etexcmds)             that some package has redefined \expanded.
(etexcmds)             In the latter case, load this package earlier.
)))
Package grfext Info: Graphics extension search list:
(grfext)             [.png,.pdf,.jpg,.mps,.jpeg,.jbig2,.jb2,.PNG,.PDF,.JPG,.JPE
G,.JBIG2,.JB2,.eps]
(grfext)             \AppendGraphicsExtensions on input line 452.

(/usr/local/texlive/2013/texmf-dist/tex/latex/latexconfig/epstopdf-sys.cfg
File: epstopdf-sys.cfg 2010/07/13 v1.3 Configuration of (r)epstopdf for TeX Liv
e
))
\openout3 = `sfimriNotes.bib'.

LaTeX Font Info:    Try loading font information for U+msa on input line 140.

(/usr/local/texlive/2013/texmf-dist/tex/latex/amsfonts/umsa.fd
File: umsa.fd 2013/01/14 v3.01 AMS symbols A
)
LaTeX Font Info:    Try loading font information for U+msb on input line 140.

(/usr/local/texlive/2013/texmf-dist/tex/latex/amsfonts/umsb.fd
File: umsb.fd 2013/01/14 v3.01 AMS symbols B
) [1
Non-PDF special ignored!{/usr/local/texlive/2013/texmf-var/fonts/map/pdftex/upd
map/pdftex.map}]

Package natbib Warning: Citation `cons' on page 2 undefined on input line 152.


Package natbib Warning: Citation `conspro' on page 2 undefined on input line 15
2.


Package natbib Warning: Citation `firstpaper' on page 2 undefined on input line
 158.

[2] [3] [4]
Missing character: There is no Ð in font cmr10!
Missing character: There is no Ð in font cmr10!
 [5]

Package natbib Warning: Citation `rdeq' on page 6 undefined on input line 353.

[6] [7]

Package natbib Warning: Citation `cons' on page 8 undefined on input line 434.

Package epstopdf Info: Source file: <rom17100bold.eps>
(epstopdf)                    date: 2012-07-12 11:02:46
(epstopdf)                    size: 101614 bytes
(epstopdf)             Output file: <rom17100bold-eps-converted-to.pdf>
(epstopdf)                    date: 2014-04-28 14:38:19
(epstopdf)                    size: 31668 bytes
(epstopdf)             Command: <repstopdf --outfile=rom17100bold-eps-converted
-to.pdf rom17100bold.eps>
(epstopdf)             \includegraphics on input line 459.
Package epstopdf Info: Output file is already uptodate.
<rom17100bold-eps-converted-to.pdf, id=44, 361.35pt x 252.945pt>
File: rom17100bold-eps-converted-to.pdf Graphic file (type pdf)

<use rom17100bold-eps-converted-to.pdf>
Package pdftex.def Info: rom17100bold-eps-converted-to.pdf used on input line 4
59.
(pdftex.def)             Requested size: 276.86743pt x 193.80249pt.
Package epstopdf Info: Source file: <rom10100bold.eps>
(epstopdf)                    date: 2012-07-12 11:03:04
(epstopdf)                    size: 97283 bytes
(epstopdf)             Output file: <rom10100bold-eps-converted-to.pdf>
(epstopdf)                    date: 2014-04-28 14:38:19
(epstopdf)                    size: 29212 bytes
(epstopdf)             Command: <repstopdf --outfile=rom10100bold-eps-converted
-to.pdf rom10100bold.eps>
(epstopdf)             \includegraphics on input line 459.
Package epstopdf Info: Output file is already uptodate.

<rom10100bold-eps-converted-to.pdf, id=46, 361.35pt x 252.945pt>
File: rom10100bold-eps-converted-to.pdf Graphic file (type pdf)

<use rom10100bold-eps-converted-to.pdf>
Package pdftex.def Info: rom10100bold-eps-converted-to.pdf used on input line 4
59.
(pdftex.def)             Requested size: 276.86743pt x 193.80249pt.
Package epstopdf Info: Source file: <rom1100bold.eps>
(epstopdf)                    date: 2012-07-12 11:03:24
(epstopdf)                    size: 123456 bytes
(epstopdf)             Output file: <rom1100bold-eps-converted-to.pdf>
(epstopdf)                    date: 2014-04-28 14:38:19
(epstopdf)                    size: 35290 bytes
(epstopdf)             Command: <repstopdf --outfile=rom1100bold-eps-converted-
to.pdf rom1100bold.eps>
(epstopdf)             \includegraphics on input line 463.
Package epstopdf Info: Output file is already uptodate.

<rom1100bold-eps-converted-to.pdf, id=48, 361.35pt x 252.945pt>
File: rom1100bold-eps-converted-to.pdf Graphic file (type pdf)

<use rom1100bold-eps-converted-to.pdf>
Package pdftex.def Info: rom1100bold-eps-converted-to.pdf used on input line 46
3.
(pdftex.def)             Requested size: 276.86743pt x 193.80249pt.
Package epstopdf Info: Source file: <omac.eps>
(epstopdf)                    date: 2012-07-12 11:03:40
(epstopdf)                    size: 211550 bytes
(epstopdf)             Output file: <omac-eps-converted-to.pdf>
(epstopdf)                    date: 2014-04-28 14:38:20
(epstopdf)                    size: 56510 bytes
(epstopdf)             Command: <repstopdf --outfile=omac-eps-converted-to.pdf 
omac.eps>
(epstopdf)             \includegraphics on input line 463.
Package epstopdf Info: Output file is already uptodate.

<omac-eps-converted-to.pdf, id=50, 317.185pt x 196.735pt>
File: omac-eps-converted-to.pdf Graphic file (type pdf)

<use omac-eps-converted-to.pdf>
Package pdftex.def Info: omac-eps-converted-to.pdf used on input line 463.
(pdftex.def)             Requested size: 271.03625pt x 197.29585pt.
 [8] [9 <./rom17100bold-eps-converted-to.pdf> <./rom10100bold-eps-converted-to.
pdf> <./rom1100bold-eps-converted-to.pdf> <./omac-eps-converted-to.pdf>]
Package epstopdf Info: Source file: <lzdotp17100.eps>
(epstopdf)                    date: 2012-07-12 11:04:20
(epstopdf)                    size: 104657 bytes
(epstopdf)             Output file: <lzdotp17100-eps-converted-to.pdf>
(epstopdf)                    date: 2014-04-28 14:38:20
(epstopdf)                    size: 24868 bytes
(epstopdf)             Command: <repstopdf --outfile=lzdotp17100-eps-converted-
to.pdf lzdotp17100.eps>
(epstopdf)             \includegraphics on input line 515.
Package epstopdf Info: Output file is already uptodate.

<lzdotp17100-eps-converted-to.pdf, id=99, 361.35pt x 252.945pt>
File: lzdotp17100-eps-converted-to.pdf Graphic file (type pdf)

<use lzdotp17100-eps-converted-to.pdf>
Package pdftex.def Info: lzdotp17100-eps-converted-to.pdf used on input line 51
5.
(pdftex.def)             Requested size: 276.86743pt x 193.80249pt.
Package epstopdf Info: Source file: <lzdotp10100.eps>
(epstopdf)                    date: 2012-07-12 11:04:38
(epstopdf)                    size: 113611 bytes
(epstopdf)             Output file: <lzdotp10100-eps-converted-to.pdf>
(epstopdf)                    date: 2014-04-28 14:38:20
(epstopdf)                    size: 24557 bytes
(epstopdf)             Command: <repstopdf --outfile=lzdotp10100-eps-converted-
to.pdf lzdotp10100.eps>
(epstopdf)             \includegraphics on input line 515.
Package epstopdf Info: Output file is already uptodate.

<lzdotp10100-eps-converted-to.pdf, id=101, 361.35pt x 252.945pt>
File: lzdotp10100-eps-converted-to.pdf Graphic file (type pdf)

<use lzdotp10100-eps-converted-to.pdf>
Package pdftex.def Info: lzdotp10100-eps-converted-to.pdf used on input line 51
5.
(pdftex.def)             Requested size: 276.86743pt x 193.80249pt.
Package epstopdf Info: Source file: <lzdotp1100.eps>
(epstopdf)                    date: 2012-07-12 11:04:57
(epstopdf)                    size: 114693 bytes
(epstopdf)             Output file: <lzdotp1100-eps-converted-to.pdf>
(epstopdf)                    date: 2014-04-28 14:38:21
(epstopdf)                    size: 28292 bytes
(epstopdf)             Command: <repstopdf --outfile=lzdotp1100-eps-converted-t
o.pdf lzdotp1100.eps>
(epstopdf)             \includegraphics on input line 519.
Package epstopdf Info: Output file is already uptodate.

<lzdotp1100-eps-converted-to.pdf, id=103, 361.35pt x 252.945pt>
File: lzdotp1100-eps-converted-to.pdf Graphic file (type pdf)

<use lzdotp1100-eps-converted-to.pdf>
Package pdftex.def Info: lzdotp1100-eps-converted-to.pdf used on input line 519
.
(pdftex.def)             Requested size: 276.86743pt x 193.80249pt.
Package epstopdf Info: Source file: <facc.eps>
(epstopdf)                    date: 2012-07-12 11:05:19
(epstopdf)                    size: 165167 bytes
(epstopdf)             Output file: <facc-eps-converted-to.pdf>
(epstopdf)                    date: 2014-04-28 14:38:21
(epstopdf)                    size: 39247 bytes
(epstopdf)             Command: <repstopdf --outfile=facc-eps-converted-to.pdf 
facc.eps>
(epstopdf)             \includegraphics on input line 519.
Package epstopdf Info: Output file is already uptodate.

<facc-eps-converted-to.pdf, id=105, 338.26375pt x 202.7575pt>
File: facc-eps-converted-to.pdf Graphic file (type pdf)

<use facc-eps-converted-to.pdf>
Package pdftex.def Info: facc-eps-converted-to.pdf used on input line 519.
(pdftex.def)             Requested size: 274.63214pt x 187.90663pt.
Package epstopdf Info: Source file: <TEOBLzdot.eps>
(epstopdf)                    date: 2012-07-12 11:05:45
(epstopdf)                    size: 111926 bytes
(epstopdf)             Output file: <TEOBLzdot-eps-converted-to.pdf>
(epstopdf)                    date: 2014-04-28 14:38:22
(epstopdf)                    size: 27008 bytes
(epstopdf)             Command: <repstopdf --outfile=TEOBLzdot-eps-converted-to
.pdf TEOBLzdot.eps>
(epstopdf)             \includegraphics on input line 532.
Package epstopdf Info: Output file is already uptodate.

<TEOBLzdot-eps-converted-to.pdf, id=107, 361.35pt x 252.945pt>
File: TEOBLzdot-eps-converted-to.pdf Graphic file (type pdf)

<use TEOBLzdot-eps-converted-to.pdf>
Package pdftex.def Info: TEOBLzdot-eps-converted-to.pdf used on input line 532.

(pdftex.def)             Requested size: 276.86743pt x 193.80249pt.
Package epstopdf Info: Source file: <teuvseobflux.eps>
(epstopdf)                    date: 2012-07-12 11:06:04
(epstopdf)                    size: 90173 bytes
(epstopdf)             Output file: <teuvseobflux-eps-converted-to.pdf>
(epstopdf)                    date: 2014-04-28 14:38:22
(epstopdf)                    size: 10689 bytes
(epstopdf)             Command: <repstopdf --outfile=teuvseobflux-eps-converted
-to.pdf teuvseobflux.eps>
(epstopdf)             \includegraphics on input line 532.
Package epstopdf Info: Output file is already uptodate.

<teuvseobflux-eps-converted-to.pdf, id=109, 336.25626pt x 196.735pt>
File: teuvseobflux-eps-converted-to.pdf Graphic file (type pdf)

<use teuvseobflux-eps-converted-to.pdf>
Package pdftex.def Info: teuvseobflux-eps-converted-to.pdf used on input line 5
32.
(pdftex.def)             Requested size: 274.62878pt x 187.89981pt.
Package epstopdf Info: Source file: <tphiim17100k.eps>
(epstopdf)                    date: 2012-07-12 11:06:43
(epstopdf)                    size: 120409 bytes
(epstopdf)             Output file: <tphiim17100k-eps-converted-to.pdf>
(epstopdf)                    date: 2014-04-28 14:38:22
(epstopdf)                    size: 46154 bytes
(epstopdf)             Command: <repstopdf --outfile=tphiim17100k-eps-converted
-to.pdf tphiim17100k.eps>
(epstopdf)             \includegraphics on input line 581.
Package epstopdf Info: Output file is already uptodate.

<tphiim17100k-eps-converted-to.pdf, id=111, 361.35pt x 252.945pt>
File: tphiim17100k-eps-converted-to.pdf Graphic file (type pdf)

<use tphiim17100k-eps-converted-to.pdf>
Package pdftex.def Info: tphiim17100k-eps-converted-to.pdf used on input line 5
81.
(pdftex.def)             Requested size: 276.86743pt x 193.80249pt.
Package epstopdf Info: Source file: <rtim17100k.eps>
(epstopdf)                    date: 2012-07-12 11:07:03
(epstopdf)                    size: 119268 bytes
(epstopdf)             Output file: <rtim17100k-eps-converted-to.pdf>
(epstopdf)                    date: 2014-04-28 14:38:23
(epstopdf)                    size: 32246 bytes
(epstopdf)             Command: <repstopdf --outfile=rtim17100k-eps-converted-t
o.pdf rtim17100k.eps>
(epstopdf)             \includegraphics on input line 581.
Package epstopdf Info: Output file is already uptodate.

<rtim17100k-eps-converted-to.pdf, id=113, 361.35pt x 252.945pt>
File: rtim17100k-eps-converted-to.pdf Graphic file (type pdf)

<use rtim17100k-eps-converted-to.pdf>
Package pdftex.def Info: rtim17100k-eps-converted-to.pdf used on input line 581
.
(pdftex.def)             Requested size: 276.86743pt x 193.80249pt.
Package epstopdf Info: Source file: <tphiim10100k.eps>
(epstopdf)                    date: 2012-07-12 11:07:23
(epstopdf)                    size: 111071 bytes
(epstopdf)             Output file: <tphiim10100k-eps-converted-to.pdf>
(epstopdf)                    date: 2014-04-28 14:38:23
(epstopdf)                    size: 46565 bytes
(epstopdf)             Command: <repstopdf --outfile=tphiim10100k-eps-converted
-to.pdf tphiim10100k.eps>
(epstopdf)             \includegraphics on input line 585.
Package epstopdf Info: Output file is already uptodate.

<tphiim10100k-eps-converted-to.pdf, id=115, 361.35pt x 252.945pt>
File: tphiim10100k-eps-converted-to.pdf Graphic file (type pdf)

<use tphiim10100k-eps-converted-to.pdf>
Package pdftex.def Info: tphiim10100k-eps-converted-to.pdf used on input line 5
85.
(pdftex.def)             Requested size: 276.86743pt x 193.80249pt.
Package epstopdf Info: Source file: <rtim10100k.eps>
(epstopdf)                    date: 2012-07-12 11:07:41
(epstopdf)                    size: 110780 bytes
(epstopdf)             Output file: <rtim10100k-eps-converted-to.pdf>
(epstopdf)                    date: 2014-04-28 14:38:23
(epstopdf)                    size: 31302 bytes
(epstopdf)             Command: <repstopdf --outfile=rtim10100k-eps-converted-t
o.pdf rtim10100k.eps>
(epstopdf)             \includegraphics on input line 585.
Package epstopdf Info: Output file is already uptodate.

<rtim10100k-eps-converted-to.pdf, id=117, 361.35pt x 252.945pt>
File: rtim10100k-eps-converted-to.pdf Graphic file (type pdf)

<use rtim10100k-eps-converted-to.pdf>
Package pdftex.def Info: rtim10100k-eps-converted-to.pdf used on input line 585
.
(pdftex.def)             Requested size: 276.86743pt x 193.80249pt.
Package epstopdf Info: Source file: <tphiim1100k.eps>
(epstopdf)                    date: 2012-07-12 11:07:57
(epstopdf)                    size: 137822 bytes
(epstopdf)             Output file: <tphiim1100k-eps-converted-to.pdf>
(epstopdf)                    date: 2014-04-28 14:38:24
(epstopdf)                    size: 43727 bytes
(epstopdf)             Command: <repstopdf --outfile=tphiim1100k-eps-converted-
to.pdf tphiim1100k.eps>
(epstopdf)             \includegraphics on input line 589.
Package epstopdf Info: Output file is already uptodate.

<tphiim1100k-eps-converted-to.pdf, id=119, 361.35pt x 252.945pt>
File: tphiim1100k-eps-converted-to.pdf Graphic file (type pdf)

<use tphiim1100k-eps-converted-to.pdf>
Package pdftex.def Info: tphiim1100k-eps-converted-to.pdf used on input line 58
9.
(pdftex.def)             Requested size: 276.86743pt x 193.80249pt.
Package epstopdf Info: Source file: <trim1100k.eps>
(epstopdf)                    date: 2012-07-12 11:08:21
(epstopdf)                    size: 130614 bytes
(epstopdf)             Output file: <trim1100k-eps-converted-to.pdf>
(epstopdf)                    date: 2014-04-28 14:38:24
(epstopdf)                    size: 28335 bytes
(epstopdf)             Command: <repstopdf --outfile=trim1100k-eps-converted-to
.pdf trim1100k.eps>
(epstopdf)             \includegraphics on input line 589.
Package epstopdf Info: Output file is already uptodate.

<trim1100k-eps-converted-to.pdf, id=121, 361.35pt x 252.945pt>
File: trim1100k-eps-converted-to.pdf Graphic file (type pdf)

<use trim1100k-eps-converted-to.pdf>
Package pdftex.def Info: trim1100k-eps-converted-to.pdf used on input line 589.

(pdftex.def)             Requested size: 276.86743pt x 193.80249pt.
 [10]
Package epstopdf Info: Source file: <radacc.eps>
(epstopdf)                    date: 2012-07-12 11:08:38
(epstopdf)                    size: 272038 bytes
(epstopdf)             Output file: <radacc-eps-converted-to.pdf>
(epstopdf)                    date: 2014-04-28 14:38:25
(epstopdf)                    size: 55140 bytes
(epstopdf)             Command: <repstopdf --outfile=radacc-eps-converted-to.pd
f radacc.eps>
(epstopdf)             \includegraphics on input line 598.
Package epstopdf Info: Output file is already uptodate.

<radacc-eps-converted-to.pdf, id=127, 305.14pt x 186.6975pt>
File: radacc-eps-converted-to.pdf Graphic file (type pdf)

<use radacc-eps-converted-to.pdf>
Package pdftex.def Info: radacc-eps-converted-to.pdf used on input line 598.
(pdftex.def)             Requested size: 274.6374pt x 187.9106pt.
Package epstopdf Info: Source file: <phaacc.eps>
(epstopdf)                    date: 2012-07-12 11:09:00
(epstopdf)                    size: 245743 bytes
(epstopdf)             Output file: <phaacc-eps-converted-to.pdf>
(epstopdf)                    date: 2014-04-28 14:38:25
(epstopdf)                    size: 45501 bytes
(epstopdf)             Command: <repstopdf --outfile=phaacc-eps-converted-to.pd
f phaacc.eps>
(epstopdf)             \includegraphics on input line 598.
Package epstopdf Info: Output file is already uptodate.

<phaacc-eps-converted-to.pdf, id=129, 323.2075pt x 196.735pt>
File: phaacc-eps-converted-to.pdf Graphic file (type pdf)

<use phaacc-eps-converted-to.pdf>
Package pdftex.def Info: phaacc-eps-converted-to.pdf used on input line 598.
(pdftex.def)             Requested size: 274.6389pt x 187.89981pt.
 [11 <./lzdotp17100-eps-converted-to.pdf> <./lzdotp10100-eps-converted-to.pdf> 
<./lzdotp1100-eps-converted-to.pdf> <./facc-eps-converted-to.pdf>]
Package epstopdf Info: Source file: <imem17100comp.eps>
(epstopdf)                    date: 2012-07-12 11:09:29
(epstopdf)                    size: 61092 bytes
(epstopdf)             Output file: <imem17100comp-eps-converted-to.pdf>
(epstopdf)                    date: 2014-04-28 14:38:25
(epstopdf)                    size: 28761 bytes
(epstopdf)             Command: <repstopdf --outfile=imem17100comp-eps-converte
d-to.pdf imem17100comp.eps>
(epstopdf)             \includegraphics on input line 618.
Package epstopdf Info: Output file is already uptodate.

<imem17100comp-eps-converted-to.pdf, id=165, 361.35pt x 252.945pt>
File: imem17100comp-eps-converted-to.pdf Graphic file (type pdf)

<use imem17100comp-eps-converted-to.pdf>
Package pdftex.def Info: imem17100comp-eps-converted-to.pdf used on input line 
618.
(pdftex.def)             Requested size: 276.86743pt x 193.80249pt.
Package epstopdf Info: Source file: <imem10100comptwo.eps>
(epstopdf)                    date: 2012-07-12 11:09:51
(epstopdf)                    size: 80562 bytes
(epstopdf)             Output file: <imem10100comptwo-eps-converted-to.pdf>
(epstopdf)                    date: 2014-04-28 14:38:26
(epstopdf)                    size: 30119 bytes
(epstopdf)             Command: <repstopdf --outfile=imem10100comptwo-eps-conve
rted-to.pdf imem10100comptwo.eps>
(epstopdf)             \includegraphics on input line 618.
Package epstopdf Info: Output file is already uptodate.

<imem10100comptwo-eps-converted-to.pdf, id=167, 361.35pt x 252.945pt>
File: imem10100comptwo-eps-converted-to.pdf Graphic file (type pdf)

<use imem10100comptwo-eps-converted-to.pdf>
Package pdftex.def Info: imem10100comptwo-eps-converted-to.pdf used on input li
ne 618.
(pdftex.def)             Requested size: 276.86743pt x 193.80249pt.
Package epstopdf Info: Source file: <imem1100comp.eps>
(epstopdf)                    date: 2012-07-12 11:10:17
(epstopdf)                    size: 62023 bytes
(epstopdf)             Output file: <imem1100comp-eps-converted-to.pdf>
(epstopdf)                    date: 2014-04-28 14:38:26
(epstopdf)                    size: 19388 bytes
(epstopdf)             Command: <repstopdf --outfile=imem1100comp-eps-converted
-to.pdf imem1100comp.eps>
(epstopdf)             \includegraphics on input line 622.
Package epstopdf Info: Output file is already uptodate.

<imem1100comp-eps-converted-to.pdf, id=169, 361.35pt x 252.945pt>
File: imem1100comp-eps-converted-to.pdf Graphic file (type pdf)

<use imem1100comp-eps-converted-to.pdf>
Package pdftex.def Info: imem1100comp-eps-converted-to.pdf used on input line 6
22.
(pdftex.def)             Requested size: 276.86743pt x 193.80249pt.
Package epstopdf Info: Source file: <radaccemri.eps>
(epstopdf)                    date: 2012-07-12 11:10:38
(epstopdf)                    size: 262097 bytes
(epstopdf)             Output file: <radaccemri-eps-converted-to.pdf>
(epstopdf)                    date: 2014-04-28 14:38:26
(epstopdf)                    size: 51380 bytes
(epstopdf)             Command: <repstopdf --outfile=radaccemri-eps-converted-t
o.pdf radaccemri.eps>
(epstopdf)             \includegraphics on input line 622.
Package epstopdf Info: Output file is already uptodate.

<radaccemri-eps-converted-to.pdf, id=171, 306.14375pt x 191.71625pt>
File: radaccemri-eps-converted-to.pdf Graphic file (type pdf)

<use radaccemri-eps-converted-to.pdf>
Package pdftex.def Info: radaccemri-eps-converted-to.pdf used on input line 622
.
(pdftex.def)             Requested size: 274.63925pt x 187.91281pt.
 [12 <./TEOBLzdot-eps-converted-to.pdf> <./teuvseobflux-eps-converted-to.pdf>] 
[13 <./tphiim17100k-eps-converted-to.pdf> <./rtim17100k-eps-converted-to.pdf> <
./tphiim10100k-eps-converted-to.pdf> <./rtim10100k-eps-converted-to.pdf> <./tph
iim1100k-eps-converted-to.pdf> <./trim1100k-eps-converted-to.pdf>] [14 <./radac
c-eps-converted-to.pdf> <./phaacc-eps-converted-to.pdf>] [15 <./imem17100comp-e
ps-converted-to.pdf> <./imem10100comptwo-eps-converted-to.pdf> <./imem1100comp-
eps-converted-to.pdf> <./radaccemri-eps-converted-to.pdf>] [16]
Package epstopdf Info: Source file: <mwiscotwo.eps>
(epstopdf)                    date: 2012-07-12 11:11:03
(epstopdf)                    size: 24647 bytes
(epstopdf)             Output file: <mwiscotwo-eps-converted-to.pdf>
(epstopdf)                    date: 2014-04-28 14:38:27
(epstopdf)                    size: 10973 bytes
(epstopdf)             Command: <repstopdf --outfile=mwiscotwo-eps-converted-to
.pdf mwiscotwo.eps>
(epstopdf)             \includegraphics on input line 714.
Package epstopdf Info: Output file is already uptodate.

<mwiscotwo-eps-converted-to.pdf, id=324, 361.35pt x 252.945pt>
File: mwiscotwo-eps-converted-to.pdf Graphic file (type pdf)

<use mwiscotwo-eps-converted-to.pdf>
Package pdftex.def Info: mwiscotwo-eps-converted-to.pdf used on input line 714.

(pdftex.def)             Requested size: 320.58044pt x 224.40125pt.
 [17 <./mwiscotwo-eps-converted-to.pdf>]
Package epstopdf Info: Source file: <lz17100invbold.eps>
(epstopdf)                    date: 2012-07-12 11:11:32
(epstopdf)                    size: 76874 bytes
(epstopdf)             Output file: <lz17100invbold-eps-converted-to.pdf>
(epstopdf)                    date: 2014-04-28 14:38:27
(epstopdf)                    size: 31956 bytes
(epstopdf)             Command: <repstopdf --outfile=lz17100invbold-eps-convert
ed-to.pdf lz17100invbold.eps>
(epstopdf)             \includegraphics on input line 740.
Package epstopdf Info: Output file is already uptodate.

<lz17100invbold-eps-converted-to.pdf, id=340, 361.35pt x 252.945pt>
File: lz17100invbold-eps-converted-to.pdf Graphic file (type pdf)

<use lz17100invbold-eps-converted-to.pdf>
Package pdftex.def Info: lz17100invbold-eps-converted-to.pdf used on input line
 740.
(pdftex.def)             Requested size: 276.86743pt x 193.80249pt.
Package epstopdf Info: Source file: <lz10100invbold.eps>
(epstopdf)                    date: 2012-07-12 11:11:56
(epstopdf)                    size: 82614 bytes
(epstopdf)             Output file: <lz10100invbold-eps-converted-to.pdf>
(epstopdf)                    date: 2014-04-28 14:38:28
(epstopdf)                    size: 33277 bytes
(epstopdf)             Command: <repstopdf --outfile=lz10100invbold-eps-convert
ed-to.pdf lz10100invbold.eps>
(epstopdf)             \includegraphics on input line 740.
Package epstopdf Info: Output file is already uptodate.

<lz10100invbold-eps-converted-to.pdf, id=342, 361.35pt x 252.945pt>
File: lz10100invbold-eps-converted-to.pdf Graphic file (type pdf)

<use lz10100invbold-eps-converted-to.pdf>
Package pdftex.def Info: lz10100invbold-eps-converted-to.pdf used on input line
 740.
(pdftex.def)             Requested size: 276.86743pt x 193.80249pt.
Package epstopdf Info: Source file: <lz1100invbold.eps>
(epstopdf)                    date: 2012-07-12 11:12:18
(epstopdf)                    size: 112832 bytes
(epstopdf)             Output file: <lz1100invbold-eps-converted-to.pdf>
(epstopdf)                    date: 2014-04-28 14:38:28
(epstopdf)                    size: 33659 bytes
(epstopdf)             Command: <repstopdf --outfile=lz1100invbold-eps-converte
d-to.pdf lz1100invbold.eps>
(epstopdf)             \includegraphics on input line 744.
Package epstopdf Info: Output file is already uptodate.

<lz1100invbold-eps-converted-to.pdf, id=344, 361.35pt x 252.945pt>
File: lz1100invbold-eps-converted-to.pdf Graphic file (type pdf)

<use lz1100invbold-eps-converted-to.pdf>
Package pdftex.def Info: lz1100invbold-eps-converted-to.pdf used on input line 
744.
(pdftex.def)             Requested size: 276.86743pt x 193.80249pt.
Package epstopdf Info: Source file: <angmomacc.eps>
(epstopdf)                    date: 2012-07-12 11:12:42
(epstopdf)                    size: 108318 bytes
(epstopdf)             Output file: <angmomacc-eps-converted-to.pdf>
(epstopdf)                    date: 2014-04-28 14:38:28
(epstopdf)                    size: 16997 bytes
(epstopdf)             Command: <repstopdf --outfile=angmomacc-eps-converted-to
.pdf angmomacc.eps>
(epstopdf)             \includegraphics on input line 744.
Package epstopdf Info: Output file is already uptodate.

<angmomacc-eps-converted-to.pdf, id=346, 312.16624pt x 189.70876pt>
File: angmomacc-eps-converted-to.pdf Graphic file (type pdf)

<use angmomacc-eps-converted-to.pdf>
Package pdftex.def Info: angmomacc-eps-converted-to.pdf used on input line 744.

(pdftex.def)             Requested size: 274.63094pt x 187.90486pt.
 [18] [19 <./lz17100invbold-eps-converted-to.pdf> <./lz10100invbold-eps-convert
ed-to.pdf> <./lz1100invbold-eps-converted-to.pdf> <./angmomacc-eps-converted-to
.pdf>]

Package natbib Warning: Citation `firstpaper' on page 20 undefined on input lin
e 766.

[20]
Package epstopdf Info: Source file: <anfreemc.eps>
(epstopdf)                    date: 2012-07-12 11:13:02
(epstopdf)                    size: 128865 bytes
(epstopdf)             Output file: <anfreemc-eps-converted-to.pdf>
(epstopdf)                    date: 2014-04-28 14:38:29
(epstopdf)                    size: 24150 bytes
(epstopdf)             Command: <repstopdf --outfile=anfreemc-eps-converted-to.
pdf anfreemc.eps>
(epstopdf)             \includegraphics on input line 779.
Package epstopdf Info: Output file is already uptodate.
 <anfreemc-eps-converted-to.pdf, id=389, 317.185pt x 196.735pt>
File: anfreemc-eps-converted-to.pdf Graphic file (type pdf)

<use anfreemc-eps-converted-to.pdf>
Package pdftex.def Info: anfreemc-eps-converted-to.pdf used on input line 779.
(pdftex.def)             Requested size: 274.64679pt x 187.89981pt.
Package epstopdf Info: Source file: <amfemc.eps>
(epstopdf)                    date: 2012-07-12 11:13:23
(epstopdf)                    size: 103061 bytes
(epstopdf)             Output file: <amfemc-eps-converted-to.pdf>
(epstopdf)                    date: 2014-04-28 14:38:29
(epstopdf)                    size: 14356 bytes
(epstopdf)             Command: <repstopdf --outfile=amfemc-eps-converted-to.pd
f amfemc.eps>
(epstopdf)             \includegraphics on input line 779.
Package epstopdf Info: Output file is already uptodate.

<amfemc-eps-converted-to.pdf, id=391, 333.245pt x 195.73125pt>
File: amfemc-eps-converted-to.pdf Graphic file (type pdf)

<use amfemc-eps-converted-to.pdf>
Package pdftex.def Info: amfemc-eps-converted-to.pdf used on input line 779.
(pdftex.def)             Requested size: 274.64575pt x 187.91179pt.
Package epstopdf Info: Source file: <rteobvsemc.eps>
(epstopdf)                    date: 2012-07-12 11:13:42
(epstopdf)                    size: 199701 bytes
(epstopdf)             Output file: <rteobvsemc-eps-converted-to.pdf>
(epstopdf)                    date: 2014-04-28 14:38:29
(epstopdf)                    size: 29668 bytes
(epstopdf)             Command: <repstopdf --outfile=rteobvsemc-eps-converted-t
o.pdf rteobvsemc.eps>
(epstopdf)             \includegraphics on input line 783.
Package epstopdf Info: Output file is already uptodate.

<rteobvsemc-eps-converted-to.pdf, id=393, 328.22626pt x 200.75pt>
File: rteobvsemc-eps-converted-to.pdf Graphic file (type pdf)

<use rteobvsemc-eps-converted-to.pdf>
Package pdftex.def Info: rteobvsemc-eps-converted-to.pdf used on input line 783
.
(pdftex.def)             Requested size: 274.63138pt x 187.9147pt.
Package epstopdf Info: Source file: <phiteobvsem.eps>
(epstopdf)                    date: 2012-07-12 11:14:01
(epstopdf)                    size: 199599 bytes
(epstopdf)             Output file: <phiteobvsem-eps-converted-to.pdf>
(epstopdf)                    date: 2014-04-28 14:38:30
(epstopdf)                    size: 30068 bytes
(epstopdf)             Command: <repstopdf --outfile=phiteobvsem-eps-converted-
to.pdf phiteobvsem.eps>
(epstopdf)             \includegraphics on input line 783.
Package epstopdf Info: Output file is already uptodate.

<phiteobvsem-eps-converted-to.pdf, id=395, 325.215pt x 197.73875pt>
File: phiteobvsem-eps-converted-to.pdf Graphic file (type pdf)

<use phiteobvsem-eps-converted-to.pdf>
Package pdftex.def Info: phiteobvsem-eps-converted-to.pdf used on input line 78
3.
(pdftex.def)             Requested size: 274.6476pt x 187.90504pt.
Package epstopdf Info: Source file: <lzinveobvcem.eps>
(epstopdf)                    date: 2012-07-12 11:14:28
(epstopdf)                    size: 95267 bytes
(epstopdf)             Output file: <lzinveobvcem-eps-converted-to.pdf>
(epstopdf)                    date: 2014-04-28 14:38:30
(epstopdf)                    size: 10825 bytes
(epstopdf)             Command: <repstopdf --outfile=lzinveobvcem-eps-converted
-to.pdf lzinveobvcem.eps>
(epstopdf)             \includegraphics on input line 786.
Package epstopdf Info: Output file is already uptodate.

<lzinveobvcem-eps-converted-to.pdf, id=397, 323.2075pt x 195.73125pt>
File: lzinveobvcem-eps-converted-to.pdf Graphic file (type pdf)

<use lzinveobvcem-eps-converted-to.pdf>
Package pdftex.def Info: lzinveobvcem-eps-converted-to.pdf used on input line 7
86.
(pdftex.def)             Requested size: 274.6389pt x 187.91179pt.
 [21] [22 <./anfreemc-eps-converted-to.pdf> <./amfemc-eps-converted-to.pdf> <./
rteobvsemc-eps-converted-to.pdf> <./phiteobvsem-eps-converted-to.pdf> <./lzinve
obvcem-eps-converted-to.pdf>]
(./sfimri.bbl)

Package natbib Warning: There were undefined citations.

[23] (./sfimri.aux) ) 
Here is how much of TeX's memory you used:
 5240 strings out of 493308
 71049 string characters out of 6137823
 165984 words of memory out of 5000000
 8559 multiletter control sequences out of 15000+600000
 16807 words of font info for 62 fonts, out of 8000000 for 9000
 957 hyphenation exceptions out of 8191
 38i,10n,31p,2010b,327s stack positions out of 5000i,500n,10000p,200000b,80000s
</usr/local/texlive/2013/texmf-dist/fonts/type1/public/ams
fonts/cm/cmbx10.pfb></usr/local/texlive/2013/texmf-dist/fonts/type1/public/amsf
onts/cm/cmbx12.pfb></usr/local/texlive/2013/texmf-dist/fonts/type1/public/amsfo
nts/cm/cmbx9.pfb></usr/local/texlive/2013/texmf-dist/fonts/type1/public/amsfont
s/cm/cmex10.pfb></usr/local/texlive/2013/texmf-dist/fonts/type1/public/amsfonts
/cm/cmmi10.pfb></usr/local/texlive/2013/texmf-dist/fonts/type1/public/amsfonts/
cm/cmmi5.pfb></usr/local/texlive/2013/texmf-dist/fonts/type1/public/amsfonts/cm
/cmmi6.pfb></usr/local/texlive/2013/texmf-dist/fonts/type1/public/amsfonts/cm/c
mmi7.pfb></usr/local/texlive/2013/texmf-dist/fonts/type1/public/amsfonts/cm/cmm
i9.pfb></usr/local/texlive/2013/texmf-dist/fonts/type1/public/amsfonts/cm/cmr10
.pfb></usr/local/texlive/2013/texmf-dist/fonts/type1/public/amsfonts/cm/cmr5.pf
b></usr/local/texlive/2013/texmf-dist/fonts/type1/public/amsfonts/cm/cmr6.pfb><
/usr/local/texlive/2013/texmf-dist/fonts/type1/public/amsfonts/cm/cmr7.pfb></us
r/local/texlive/2013/texmf-dist/fonts/type1/public/amsfonts/cm/cmr8.pfb></usr/l
ocal/texlive/2013/texmf-dist/fonts/type1/public/amsfonts/cm/cmr9.pfb></usr/loca
l/texlive/2013/texmf-dist/fonts/type1/public/amsfonts/cm/cmsy10.pfb></usr/local
/texlive/2013/texmf-dist/fonts/type1/public/amsfonts/cm/cmsy5.pfb></usr/local/t
exlive/2013/texmf-dist/fonts/type1/public/amsfonts/cm/cmsy6.pfb></usr/local/tex
live/2013/texmf-dist/fonts/type1/public/amsfonts/cm/cmsy7.pfb></usr/local/texli
ve/2013/texmf-dist/fonts/type1/public/amsfonts/cm/cmti10.pfb></usr/local/texliv
e/2013/texmf-dist/fonts/type1/public/amsfonts/cm/cmti9.pfb>
Output written on sfimri.pdf (23 pages, 1238661 bytes).
PDF statistics:
 543 PDF objects out of 1000 (max. 8388607)
 363 compressed objects within 4 object streams
 0 named destinations out of 1000 (max. 500000)
 353 words of extra memory for PDF output out of 10000 (max. 10000000)

